[1.775s] Invoking command in '/home/rahul/tirth_ws/src/bot_description': PYTHONPATH=/home/rahul/tirth_ws/build/bot_description/prefix_override:/usr/lib/python3/dist-packages/colcon_core/task/python/colcon_distutils_commands:/home/rahul/tirth_ws/install/bot_description/lib/python3.10/site-packages:${PYTHONPATH} /usr/bin/python3 -W ignore:setup.py install is deprecated -W ignore:easy_install command is deprecated setup.py egg_info --egg-base ../../build/bot_description build --build-base /home/rahul/tirth_ws/build/bot_description/build install --record /home/rahul/tirth_ws/build/bot_description/install.log --single-version-externally-managed install_data
[2.155s] running egg_info
[2.155s] writing ../../build/bot_description/bot_description.egg-info/PKG-INFO
[2.156s] writing dependency_links to ../../build/bot_description/bot_description.egg-info/dependency_links.txt
[2.156s] writing entry points to ../../build/bot_description/bot_description.egg-info/entry_points.txt
[2.156s] writing requirements to ../../build/bot_description/bot_description.egg-info/requires.txt
[2.156s] writing top-level names to ../../build/bot_description/bot_description.egg-info/top_level.txt
[2.159s] reading manifest file '../../build/bot_description/bot_description.egg-info/SOURCES.txt'
[2.159s] adding license file 'LICENSE'
[2.161s] writing manifest file '../../build/bot_description/bot_description.egg-info/SOURCES.txt'
[2.161s] running build
[2.161s] running build_py
[2.162s] running install
[2.163s] running install_lib
[2.165s] running install_data
[2.166s] running install_egg_info
[2.169s] removing '/home/rahul/tirth_ws/install/bot_description/lib/python3.10/site-packages/bot_description-0.0.0-py3.10.egg-info' (and everything under it)
[2.169s] Copying ../../build/bot_description/bot_description.egg-info to /home/rahul/tirth_ws/install/bot_description/lib/python3.10/site-packages/bot_description-0.0.0-py3.10.egg-info
[2.170s] running install_scripts
[2.199s] writing list of installed files to '/home/rahul/tirth_ws/build/bot_description/install.log'
[2.251s] Invoked command in '/home/rahul/tirth_ws/src/bot_description' returned '0': PYTHONPATH=/home/rahul/tirth_ws/build/bot_description/prefix_override:/usr/lib/python3/dist-packages/colcon_core/task/python/colcon_distutils_commands:/home/rahul/tirth_ws/install/bot_description/lib/python3.10/site-packages:${PYTHONPATH} /usr/bin/python3 -W ignore:setup.py install is deprecated -W ignore:easy_install command is deprecated setup.py egg_info --egg-base ../../build/bot_description build --build-base /home/rahul/tirth_ws/build/bot_description/build install --record /home/rahul/tirth_ws/build/bot_description/install.log --single-version-externally-managed install_data
