[1.587s] Invoking command in '/home/rahul/Downloads/tirth_ws-main/src/bot_description': PYTHONPATH=/home/rahul/Downloads/tirth_ws-main/build/bot_description/prefix_override:/usr/lib/python3/dist-packages/colcon_core/task/python/colcon_distutils_commands:/home/rahul/Downloads/tirth_ws-main/install/bot_description/lib/python3.10/site-packages:${PYTHONPATH} /usr/bin/python3 -W ignore:setup.py install is deprecated -W ignore:easy_install command is deprecated setup.py egg_info --egg-base ../../build/bot_description build --build-base /home/rahul/Downloads/tirth_ws-main/build/bot_description/build install --record /home/rahul/Downloads/tirth_ws-main/build/bot_description/install.log --single-version-externally-managed install_data
[1.889s] running egg_info
[1.890s] writing ../../build/bot_description/bot_description.egg-info/PKG-INFO
[1.890s] writing dependency_links to ../../build/bot_description/bot_description.egg-info/dependency_links.txt
[1.890s] writing entry points to ../../build/bot_description/bot_description.egg-info/entry_points.txt
[1.890s] writing requirements to ../../build/bot_description/bot_description.egg-info/requires.txt
[1.890s] writing top-level names to ../../build/bot_description/bot_description.egg-info/top_level.txt
[1.892s] reading manifest file '../../build/bot_description/bot_description.egg-info/SOURCES.txt'
[1.893s] adding license file 'LICENSE'
[1.894s] writing manifest file '../../build/bot_description/bot_description.egg-info/SOURCES.txt'
[1.894s] running build
[1.894s] running build_py
[1.894s] running install
[1.894s] running install_lib
[1.896s] running install_data
[1.896s] running install_egg_info
[1.898s] removing '/home/rahul/Downloads/tirth_ws-main/install/bot_description/lib/python3.10/site-packages/bot_description-0.0.0-py3.10.egg-info' (and everything under it)
[1.898s] Copying ../../build/bot_description/bot_description.egg-info to /home/rahul/Downloads/tirth_ws-main/install/bot_description/lib/python3.10/site-packages/bot_description-0.0.0-py3.10.egg-info
[1.899s] running install_scripts
[1.921s] writing list of installed files to '/home/rahul/Downloads/tirth_ws-main/build/bot_description/install.log'
[1.969s] Invoked command in '/home/rahul/Downloads/tirth_ws-main/src/bot_description' returned '0': PYTHONPATH=/home/rahul/Downloads/tirth_ws-main/build/bot_description/prefix_override:/usr/lib/python3/dist-packages/colcon_core/task/python/colcon_distutils_commands:/home/rahul/Downloads/tirth_ws-main/install/bot_description/lib/python3.10/site-packages:${PYTHONPATH} /usr/bin/python3 -W ignore:setup.py install is deprecated -W ignore:easy_install command is deprecated setup.py egg_info --egg-base ../../build/bot_description build --build-base /home/rahul/Downloads/tirth_ws-main/build/bot_description/build install --record /home/rahul/Downloads/tirth_ws-main/build/bot_description/install.log --single-version-externally-managed install_data
