[1.555s] Invoking command in '/home/rahul/tirth_ws-main/src/bot_control': PYTHONPATH=/home/rahul/tirth_ws-main/build/bot_control/prefix_override:/usr/lib/python3/dist-packages/colcon_core/task/python/colcon_distutils_commands:/home/rahul/tirth_ws-main/install/bot_control/lib/python3.10/site-packages:${PYTHONPATH} /usr/bin/python3 -W ignore:setup.py install is deprecated -W ignore:easy_install command is deprecated setup.py egg_info --egg-base ../../build/bot_control build --build-base /home/rahul/tirth_ws-main/build/bot_control/build install --record /home/rahul/tirth_ws-main/build/bot_control/install.log --single-version-externally-managed install_data
[1.849s] running egg_info
[1.849s] writing ../../build/bot_control/bot_control.egg-info/PKG-INFO
[1.850s] writing dependency_links to ../../build/bot_control/bot_control.egg-info/dependency_links.txt
[1.850s] writing entry points to ../../build/bot_control/bot_control.egg-info/entry_points.txt
[1.850s] writing requirements to ../../build/bot_control/bot_control.egg-info/requires.txt
[1.850s] writing top-level names to ../../build/bot_control/bot_control.egg-info/top_level.txt
[1.852s] reading manifest file '../../build/bot_control/bot_control.egg-info/SOURCES.txt'
[1.852s] adding license file 'LICENSE'
[1.853s] writing manifest file '../../build/bot_control/bot_control.egg-info/SOURCES.txt'
[1.853s] running build
[1.853s] running build_py
[1.853s] running install
[1.854s] running install_lib
[1.855s] running install_data
[1.855s] running install_egg_info
[1.857s] removing '/home/rahul/tirth_ws-main/install/bot_control/lib/python3.10/site-packages/bot_control-0.0.0-py3.10.egg-info' (and everything under it)
[1.858s] Copying ../../build/bot_control/bot_control.egg-info to /home/rahul/tirth_ws-main/install/bot_control/lib/python3.10/site-packages/bot_control-0.0.0-py3.10.egg-info
[1.858s] running install_scripts
[1.881s] Installing filter script to /home/rahul/tirth_ws-main/install/bot_control/lib/bot_control
[1.881s] writing list of installed files to '/home/rahul/tirth_ws-main/build/bot_control/install.log'
[1.926s] Invoked command in '/home/rahul/tirth_ws-main/src/bot_control' returned '0': PYTHONPATH=/home/rahul/tirth_ws-main/build/bot_control/prefix_override:/usr/lib/python3/dist-packages/colcon_core/task/python/colcon_distutils_commands:/home/rahul/tirth_ws-main/install/bot_control/lib/python3.10/site-packages:${PYTHONPATH} /usr/bin/python3 -W ignore:setup.py install is deprecated -W ignore:easy_install command is deprecated setup.py egg_info --egg-base ../../build/bot_control build --build-base /home/rahul/tirth_ws-main/build/bot_control/build install --record /home/rahul/tirth_ws-main/build/bot_control/install.log --single-version-externally-managed install_data
