running develop
running egg_info
writing bot_description.egg-info/PKG-INFO
writing dependency_links to bot_description.egg-info/dependency_links.txt
writing entry points to bot_description.egg-info/entry_points.txt
writing requirements to bot_description.egg-info/requires.txt
writing top-level names to bot_description.egg-info/top_level.txt
reading manifest file 'bot_description.egg-info/SOURCES.txt'
writing manifest file 'bot_description.egg-info/SOURCES.txt'
running build_ext
Creating /home/rahul/tirth_ws-main/install/bot_description/lib/python3.10/site-packages/bot-description.egg-link (link to .)

Installed /home/rahul/tirth_ws-main/build/bot_description
running symlink_data
symbolically linking /home/rahul/tirth_ws-main/build/bot_description/resource/bot_description -> /home/rahul/tirth_ws-main/install/bot_description/share/ament_index/resource_index/packages
symbolically linking /home/rahul/tirth_ws-main/build/bot_description/package.xml -> /home/rahul/tirth_ws-main/install/bot_description/share/bot_description
symbolically linking /home/rahul/tirth_ws-main/build/bot_description/urdf/bot.urdf -> /home/rahul/tirth_ws-main/install/bot_description/share/bot_description/urdf
symbolically linking /home/rahul/tirth_ws-main/build/bot_description/urdf/bot2.urdf -> /home/rahul/tirth_ws-main/install/bot_description/share/bot_description/urdf
symbolically linking /home/rahul/tirth_ws-main/build/bot_description/meshes/wheel.mtl -> /home/rahul/tirth_ws-main/install/bot_description/share/bot_description/meshes
symbolically linking /home/rahul/tirth_ws-main/build/bot_description/meshes/center.mtl -> /home/rahul/tirth_ws-main/install/bot_description/share/bot_description/meshes
symbolically linking /home/rahul/tirth_ws-main/build/bot_description/meshes/front_caster.dae -> /home/rahul/tirth_ws-main/install/bot_description/share/bot_description/meshes
symbolically linking /home/rahul/tirth_ws-main/build/bot_description/meshes/center.obj -> /home/rahul/tirth_ws-main/install/bot_description/share/bot_description/meshes
symbolically linking /home/rahul/tirth_ws-main/build/bot_description/meshes/wheel.obj -> /home/rahul/tirth_ws-main/install/bot_description/share/bot_description/meshes
symbolically linking /home/rahul/tirth_ws-main/build/bot_description/meshes/base_link.dae -> /home/rahul/tirth_ws-main/install/bot_description/share/bot_description/meshes
symbolically linking /home/rahul/tirth_ws-main/build/bot_description/meshes/front_caster.obj -> /home/rahul/tirth_ws-main/install/bot_description/share/bot_description/meshes
symbolically linking /home/rahul/tirth_ws-main/build/bot_description/meshes/wheel_r.dae -> /home/rahul/tirth_ws-main/install/bot_description/share/bot_description/meshes
symbolically linking /home/rahul/tirth_ws-main/build/bot_description/meshes/base_link.stl -> /home/rahul/tirth_ws-main/install/bot_description/share/bot_description/meshes
symbolically linking /home/rahul/tirth_ws-main/build/bot_description/meshes/front_caster.mtl -> /home/rahul/tirth_ws-main/install/bot_description/share/bot_description/meshes
symbolically linking /home/rahul/tirth_ws-main/build/bot_description/meshes/wheel_l.dae -> /home/rahul/tirth_ws-main/install/bot_description/share/bot_description/meshes
symbolically linking /home/rahul/tirth_ws-main/build/bot_description/meshes/front_caster.stl -> /home/rahul/tirth_ws-main/install/bot_description/share/bot_description/meshes
symbolically linking /home/rahul/tirth_ws-main/build/bot_description/meshes/wheel_r.stl -> /home/rahul/tirth_ws-main/install/bot_description/share/bot_description/meshes
symbolically linking /home/rahul/tirth_ws-main/build/bot_description/meshes/wheel_l.stl -> /home/rahul/tirth_ws-main/install/bot_description/share/bot_description/meshes
symbolically linking /home/rahul/tirth_ws-main/build/bot_description/launch/control.launch.py -> /home/rahul/tirth_ws-main/install/bot_description/share/bot_description/launch
symbolically linking /home/rahul/tirth_ws-main/build/bot_description/launch/spawn.launch.py -> /home/rahul/tirth_ws-main/install/bot_description/share/bot_description/launch
symbolically linking /home/rahul/tirth_ws-main/build/bot_description/launch/rviz.launch.py -> /home/rahul/tirth_ws-main/install/bot_description/share/bot_description/launch
symbolically linking /home/rahul/tirth_ws-main/build/bot_description/world/spawn.world -> /home/rahul/tirth_ws-main/install/bot_description/share/bot_description/world
