[0.114s] DEBUG:colcon:Command line arguments: ['/usr/bin/colcon', 'build']
[0.114s] DEBUG:colcon:Parsed command line arguments: Namespace(log_base=None, log_level=None, verb_name='build', build_base='build', install_base='install', merge_install=False, symlink_install=False, test_result_base=None, continue_on_error=False, executor='parallel', parallel_workers=12, event_handlers=None, ignore_user_meta=False, metas=['./colcon.meta'], base_paths=['.'], packages_ignore=None, packages_ignore_regex=None, paths=None, packages_up_to=None, packages_up_to_regex=None, packages_above=None, packages_above_and_dependencies=None, packages_above_depth=None, packages_select_by_dep=None, packages_skip_by_dep=None, packages_skip_up_to=None, packages_select_build_failed=False, packages_skip_build_finished=False, packages_select_test_failures=False, packages_skip_test_passed=False, packages_select=None, packages_skip=None, packages_select_regex=None, packages_skip_regex=None, packages_start=None, packages_end=None, allow_overriding=[], cmake_args=None, cmake_target=None, cmake_target_skip_unavailable=False, cmake_clean_cache=False, cmake_clean_first=False, cmake_force_configure=False, ament_cmake_args=None, catkin_cmake_args=None, catkin_skip_building_tests=False, mixin_files=None, mixin=None, verb_parser=<colcon_mixin.mixin.mixin_argument.MixinArgumentDecorator object at 0x7f07a444a5f0>, verb_extension=<colcon_core.verb.build.BuildVerb object at 0x7f07a43d3100>, main=<bound method BuildVerb.main of <colcon_core.verb.build.BuildVerb object at 0x7f07a43d3100>>, mixin_verb=('build',))
[0.332s] Level 1:colcon.colcon_core.package_discovery:discover_packages(colcon_meta) check parameters
[0.332s] Level 1:colcon.colcon_core.package_discovery:discover_packages(recursive) check parameters
[0.332s] Level 1:colcon.colcon_core.package_discovery:discover_packages(ignore) check parameters
[0.332s] Level 1:colcon.colcon_core.package_discovery:discover_packages(path) check parameters
[0.332s] Level 1:colcon.colcon_core.package_discovery:discover_packages(colcon_meta) discover
[0.332s] Level 1:colcon.colcon_core.package_discovery:discover_packages(recursive) discover
[0.332s] INFO:colcon.colcon_core.package_discovery:Crawling recursively for packages in '/home/rahul/tirth_ws-main'
[0.332s] Level 1:colcon.colcon_core.package_identification:_identify(.) by extensions ['ignore', 'ignore_ament_install']
[0.332s] Level 1:colcon.colcon_core.package_identification:_identify(.) by extension 'ignore'
[0.332s] Level 1:colcon.colcon_core.package_identification:_identify(.) by extension 'ignore_ament_install'
[0.332s] Level 1:colcon.colcon_core.package_identification:_identify(.) by extensions ['colcon_pkg']
[0.332s] Level 1:colcon.colcon_core.package_identification:_identify(.) by extension 'colcon_pkg'
[0.333s] Level 1:colcon.colcon_core.package_identification:_identify(.) by extensions ['colcon_meta']
[0.333s] Level 1:colcon.colcon_core.package_identification:_identify(.) by extension 'colcon_meta'
[0.333s] Level 1:colcon.colcon_core.package_identification:_identify(.) by extensions ['ros']
[0.333s] Level 1:colcon.colcon_core.package_identification:_identify(.) by extension 'ros'
[0.372s] Level 1:colcon.colcon_core.package_identification:_identify(.) by extensions ['cmake', 'python']
[0.373s] Level 1:colcon.colcon_core.package_identification:_identify(.) by extension 'cmake'
[0.373s] Level 1:colcon.colcon_core.package_identification:_identify(.) by extension 'python'
[0.373s] Level 1:colcon.colcon_core.package_identification:_identify(.) by extensions ['python_setup_py']
[0.373s] Level 1:colcon.colcon_core.package_identification:_identify(.) by extension 'python_setup_py'
[0.373s] Level 1:colcon.colcon_core.package_identification:_identify(build) by extensions ['ignore', 'ignore_ament_install']
[0.373s] Level 1:colcon.colcon_core.package_identification:_identify(build) by extension 'ignore'
[0.373s] Level 1:colcon.colcon_core.package_identification:_identify(build) ignored
[0.373s] Level 1:colcon.colcon_core.package_identification:_identify(install) by extensions ['ignore', 'ignore_ament_install']
[0.373s] Level 1:colcon.colcon_core.package_identification:_identify(install) by extension 'ignore'
[0.373s] Level 1:colcon.colcon_core.package_identification:_identify(install) ignored
[0.373s] Level 1:colcon.colcon_core.package_identification:_identify(log) by extensions ['ignore', 'ignore_ament_install']
[0.374s] Level 1:colcon.colcon_core.package_identification:_identify(log) by extension 'ignore'
[0.374s] Level 1:colcon.colcon_core.package_identification:_identify(log) ignored
[0.374s] Level 1:colcon.colcon_core.package_identification:_identify(src) by extensions ['ignore', 'ignore_ament_install']
[0.374s] Level 1:colcon.colcon_core.package_identification:_identify(src) by extension 'ignore'
[0.374s] Level 1:colcon.colcon_core.package_identification:_identify(src) by extension 'ignore_ament_install'
[0.374s] Level 1:colcon.colcon_core.package_identification:_identify(src) by extensions ['colcon_pkg']
[0.374s] Level 1:colcon.colcon_core.package_identification:_identify(src) by extension 'colcon_pkg'
[0.374s] Level 1:colcon.colcon_core.package_identification:_identify(src) by extensions ['colcon_meta']
[0.374s] Level 1:colcon.colcon_core.package_identification:_identify(src) by extension 'colcon_meta'
[0.374s] Level 1:colcon.colcon_core.package_identification:_identify(src) by extensions ['ros']
[0.374s] Level 1:colcon.colcon_core.package_identification:_identify(src) by extension 'ros'
[0.374s] Level 1:colcon.colcon_core.package_identification:_identify(src) by extensions ['cmake', 'python']
[0.374s] Level 1:colcon.colcon_core.package_identification:_identify(src) by extension 'cmake'
[0.374s] Level 1:colcon.colcon_core.package_identification:_identify(src) by extension 'python'
[0.374s] Level 1:colcon.colcon_core.package_identification:_identify(src) by extensions ['python_setup_py']
[0.374s] Level 1:colcon.colcon_core.package_identification:_identify(src) by extension 'python_setup_py'
[0.374s] Level 1:colcon.colcon_core.package_identification:_identify(src/bot_control) by extensions ['ignore', 'ignore_ament_install']
[0.374s] Level 1:colcon.colcon_core.package_identification:_identify(src/bot_control) by extension 'ignore'
[0.374s] Level 1:colcon.colcon_core.package_identification:_identify(src/bot_control) by extension 'ignore_ament_install'
[0.374s] Level 1:colcon.colcon_core.package_identification:_identify(src/bot_control) by extensions ['colcon_pkg']
[0.374s] Level 1:colcon.colcon_core.package_identification:_identify(src/bot_control) by extension 'colcon_pkg'
[0.374s] Level 1:colcon.colcon_core.package_identification:_identify(src/bot_control) by extensions ['colcon_meta']
[0.374s] Level 1:colcon.colcon_core.package_identification:_identify(src/bot_control) by extension 'colcon_meta'
[0.374s] Level 1:colcon.colcon_core.package_identification:_identify(src/bot_control) by extensions ['ros']
[0.375s] Level 1:colcon.colcon_core.package_identification:_identify(src/bot_control) by extension 'ros'
[0.377s] DEBUG:colcon.colcon_core.package_identification:Package 'src/bot_control' with type 'ros.ament_python' and name 'bot_control'
[0.377s] Level 1:colcon.colcon_core.package_identification:_identify(src/bot_description) by extensions ['ignore', 'ignore_ament_install']
[0.377s] Level 1:colcon.colcon_core.package_identification:_identify(src/bot_description) by extension 'ignore'
[0.378s] Level 1:colcon.colcon_core.package_identification:_identify(src/bot_description) by extension 'ignore_ament_install'
[0.378s] Level 1:colcon.colcon_core.package_identification:_identify(src/bot_description) by extensions ['colcon_pkg']
[0.378s] Level 1:colcon.colcon_core.package_identification:_identify(src/bot_description) by extension 'colcon_pkg'
[0.378s] Level 1:colcon.colcon_core.package_identification:_identify(src/bot_description) by extensions ['colcon_meta']
[0.378s] Level 1:colcon.colcon_core.package_identification:_identify(src/bot_description) by extension 'colcon_meta'
[0.378s] Level 1:colcon.colcon_core.package_identification:_identify(src/bot_description) by extensions ['ros']
[0.378s] Level 1:colcon.colcon_core.package_identification:_identify(src/bot_description) by extension 'ros'
[0.378s] DEBUG:colcon.colcon_core.package_identification:Package 'src/bot_description' with type 'ros.ament_python' and name 'bot_description'
[0.378s] Level 1:colcon.colcon_core.package_identification:_identify(src/bot_world) by extensions ['ignore', 'ignore_ament_install']
[0.378s] Level 1:colcon.colcon_core.package_identification:_identify(src/bot_world) by extension 'ignore'
[0.378s] Level 1:colcon.colcon_core.package_identification:_identify(src/bot_world) by extension 'ignore_ament_install'
[0.379s] Level 1:colcon.colcon_core.package_identification:_identify(src/bot_world) by extensions ['colcon_pkg']
[0.379s] Level 1:colcon.colcon_core.package_identification:_identify(src/bot_world) by extension 'colcon_pkg'
[0.379s] Level 1:colcon.colcon_core.package_identification:_identify(src/bot_world) by extensions ['colcon_meta']
[0.379s] Level 1:colcon.colcon_core.package_identification:_identify(src/bot_world) by extension 'colcon_meta'
[0.379s] Level 1:colcon.colcon_core.package_identification:_identify(src/bot_world) by extensions ['ros']
[0.379s] Level 1:colcon.colcon_core.package_identification:_identify(src/bot_world) by extension 'ros'
[0.379s] DEBUG:colcon.colcon_core.package_identification:Package 'src/bot_world' with type 'ros.ament_python' and name 'bot_world'
[0.379s] Level 1:colcon.colcon_core.package_discovery:discover_packages(recursive) using defaults
[0.379s] Level 1:colcon.colcon_core.package_discovery:discover_packages(ignore) discover
[0.379s] Level 1:colcon.colcon_core.package_discovery:discover_packages(ignore) using defaults
[0.379s] Level 1:colcon.colcon_core.package_discovery:discover_packages(path) discover
[0.379s] Level 1:colcon.colcon_core.package_discovery:discover_packages(path) using defaults
[0.401s] Level 1:colcon.colcon_core.package_discovery:discover_packages(prefix_path) check parameters
[0.401s] Level 1:colcon.colcon_core.package_discovery:discover_packages(prefix_path) discover
[0.405s] DEBUG:colcon.colcon_installed_package_information.package_discovery:Found 39 installed packages in /home/rahul/microros_ws/install
[0.407s] DEBUG:colcon.colcon_installed_package_information.package_discovery:Found 291 installed packages in /opt/ros/iron
[0.410s] DEBUG:colcon.colcon_installed_package_information.package_discovery:Found 272 installed packages in /opt/ros/humble
[0.419s] Level 1:colcon.colcon_core.package_discovery:discover_packages(prefix_path) using defaults
[0.489s] Level 5:colcon.colcon_core.verb:set package 'bot_control' build argument 'cmake_args' from command line to 'None'
[0.489s] Level 5:colcon.colcon_core.verb:set package 'bot_control' build argument 'cmake_target' from command line to 'None'
[0.489s] Level 5:colcon.colcon_core.verb:set package 'bot_control' build argument 'cmake_target_skip_unavailable' from command line to 'False'
[0.489s] Level 5:colcon.colcon_core.verb:set package 'bot_control' build argument 'cmake_clean_cache' from command line to 'False'
[0.489s] Level 5:colcon.colcon_core.verb:set package 'bot_control' build argument 'cmake_clean_first' from command line to 'False'
[0.489s] Level 5:colcon.colcon_core.verb:set package 'bot_control' build argument 'cmake_force_configure' from command line to 'False'
[0.489s] Level 5:colcon.colcon_core.verb:set package 'bot_control' build argument 'ament_cmake_args' from command line to 'None'
[0.489s] Level 5:colcon.colcon_core.verb:set package 'bot_control' build argument 'catkin_cmake_args' from command line to 'None'
[0.489s] Level 5:colcon.colcon_core.verb:set package 'bot_control' build argument 'catkin_skip_building_tests' from command line to 'False'
[0.489s] DEBUG:colcon.colcon_core.verb:Building package 'bot_control' with the following arguments: {'ament_cmake_args': None, 'build_base': '/home/rahul/tirth_ws-main/build/bot_control', 'catkin_cmake_args': None, 'catkin_skip_building_tests': False, 'cmake_args': None, 'cmake_clean_cache': False, 'cmake_clean_first': False, 'cmake_force_configure': False, 'cmake_target': None, 'cmake_target_skip_unavailable': False, 'install_base': '/home/rahul/tirth_ws-main/install/bot_control', 'merge_install': False, 'path': '/home/rahul/tirth_ws-main/src/bot_control', 'symlink_install': False, 'test_result_base': None}
[0.489s] Level 5:colcon.colcon_core.verb:set package 'bot_description' build argument 'cmake_args' from command line to 'None'
[0.489s] Level 5:colcon.colcon_core.verb:set package 'bot_description' build argument 'cmake_target' from command line to 'None'
[0.489s] Level 5:colcon.colcon_core.verb:set package 'bot_description' build argument 'cmake_target_skip_unavailable' from command line to 'False'
[0.490s] Level 5:colcon.colcon_core.verb:set package 'bot_description' build argument 'cmake_clean_cache' from command line to 'False'
[0.490s] Level 5:colcon.colcon_core.verb:set package 'bot_description' build argument 'cmake_clean_first' from command line to 'False'
[0.490s] Level 5:colcon.colcon_core.verb:set package 'bot_description' build argument 'cmake_force_configure' from command line to 'False'
[0.490s] Level 5:colcon.colcon_core.verb:set package 'bot_description' build argument 'ament_cmake_args' from command line to 'None'
[0.490s] Level 5:colcon.colcon_core.verb:set package 'bot_description' build argument 'catkin_cmake_args' from command line to 'None'
[0.490s] Level 5:colcon.colcon_core.verb:set package 'bot_description' build argument 'catkin_skip_building_tests' from command line to 'False'
[0.490s] DEBUG:colcon.colcon_core.verb:Building package 'bot_description' with the following arguments: {'ament_cmake_args': None, 'build_base': '/home/rahul/tirth_ws-main/build/bot_description', 'catkin_cmake_args': None, 'catkin_skip_building_tests': False, 'cmake_args': None, 'cmake_clean_cache': False, 'cmake_clean_first': False, 'cmake_force_configure': False, 'cmake_target': None, 'cmake_target_skip_unavailable': False, 'install_base': '/home/rahul/tirth_ws-main/install/bot_description', 'merge_install': False, 'path': '/home/rahul/tirth_ws-main/src/bot_description', 'symlink_install': False, 'test_result_base': None}
[0.490s] Level 5:colcon.colcon_core.verb:set package 'bot_world' build argument 'cmake_args' from command line to 'None'
[0.490s] Level 5:colcon.colcon_core.verb:set package 'bot_world' build argument 'cmake_target' from command line to 'None'
[0.490s] Level 5:colcon.colcon_core.verb:set package 'bot_world' build argument 'cmake_target_skip_unavailable' from command line to 'False'
[0.490s] Level 5:colcon.colcon_core.verb:set package 'bot_world' build argument 'cmake_clean_cache' from command line to 'False'
[0.490s] Level 5:colcon.colcon_core.verb:set package 'bot_world' build argument 'cmake_clean_first' from command line to 'False'
[0.490s] Level 5:colcon.colcon_core.verb:set package 'bot_world' build argument 'cmake_force_configure' from command line to 'False'
[0.490s] Level 5:colcon.colcon_core.verb:set package 'bot_world' build argument 'ament_cmake_args' from command line to 'None'
[0.490s] Level 5:colcon.colcon_core.verb:set package 'bot_world' build argument 'catkin_cmake_args' from command line to 'None'
[0.490s] Level 5:colcon.colcon_core.verb:set package 'bot_world' build argument 'catkin_skip_building_tests' from command line to 'False'
[0.490s] DEBUG:colcon.colcon_core.verb:Building package 'bot_world' with the following arguments: {'ament_cmake_args': None, 'build_base': '/home/rahul/tirth_ws-main/build/bot_world', 'catkin_cmake_args': None, 'catkin_skip_building_tests': False, 'cmake_args': None, 'cmake_clean_cache': False, 'cmake_clean_first': False, 'cmake_force_configure': False, 'cmake_target': None, 'cmake_target_skip_unavailable': False, 'install_base': '/home/rahul/tirth_ws-main/install/bot_world', 'merge_install': False, 'path': '/home/rahul/tirth_ws-main/src/bot_world', 'symlink_install': False, 'test_result_base': None}
[0.490s] INFO:colcon.colcon_core.executor:Executing jobs using 'parallel' executor
[0.492s] DEBUG:colcon.colcon_parallel_executor.executor.parallel:run_until_complete
[0.492s] INFO:colcon.colcon_ros.task.ament_python.build:Building ROS package in '/home/rahul/tirth_ws-main/src/bot_control' with build type 'ament_python'
[0.492s] Level 1:colcon.colcon_core.shell:create_environment_hook('bot_control', 'ament_prefix_path')
[0.495s] INFO:colcon.colcon_core.plugin_system:Skipping extension 'colcon_core.shell.bat': Not used on non-Windows systems
[0.495s] INFO:colcon.colcon_core.shell:Creating environment hook '/home/rahul/tirth_ws-main/install/bot_control/share/bot_control/hook/ament_prefix_path.ps1'
[0.496s] INFO:colcon.colcon_core.shell:Creating environment descriptor '/home/rahul/tirth_ws-main/install/bot_control/share/bot_control/hook/ament_prefix_path.dsv'
[0.496s] INFO:colcon.colcon_core.shell:Creating environment hook '/home/rahul/tirth_ws-main/install/bot_control/share/bot_control/hook/ament_prefix_path.sh'
[0.497s] INFO:colcon.colcon_core.shell:Skip shell extension 'powershell' for command environment: Not usable outside of PowerShell
[0.497s] DEBUG:colcon.colcon_core.shell:Skip shell extension 'dsv' for command environment
[0.503s] DEBUG:colcon.colcon_core.shell:Ignoring prefix path '/home/rahul/catkin_ws/devel'
[0.503s] DEBUG:colcon.colcon_core.shell:Ignoring prefix path '/opt/ros/noetic'
[0.505s] INFO:colcon.colcon_ros.task.ament_python.build:Building ROS package in '/home/rahul/tirth_ws-main/src/bot_description' with build type 'ament_python'
[0.505s] Level 1:colcon.colcon_core.shell:create_environment_hook('bot_description', 'ament_prefix_path')
[0.506s] INFO:colcon.colcon_core.shell:Creating environment hook '/home/rahul/tirth_ws-main/install/bot_description/share/bot_description/hook/ament_prefix_path.ps1'
[0.506s] INFO:colcon.colcon_core.shell:Creating environment descriptor '/home/rahul/tirth_ws-main/install/bot_description/share/bot_description/hook/ament_prefix_path.dsv'
[0.507s] INFO:colcon.colcon_core.shell:Creating environment hook '/home/rahul/tirth_ws-main/install/bot_description/share/bot_description/hook/ament_prefix_path.sh'
[0.507s] INFO:colcon.colcon_core.shell:Skip shell extension 'powershell' for command environment: Not usable outside of PowerShell
[0.507s] DEBUG:colcon.colcon_core.shell:Skip shell extension 'dsv' for command environment
[0.513s] DEBUG:colcon.colcon_core.shell:Ignoring prefix path '/home/rahul/catkin_ws/devel'
[0.513s] DEBUG:colcon.colcon_core.shell:Ignoring prefix path '/opt/ros/noetic'
[0.514s] INFO:colcon.colcon_ros.task.ament_python.build:Building ROS package in '/home/rahul/tirth_ws-main/src/bot_world' with build type 'ament_python'
[0.515s] Level 1:colcon.colcon_core.shell:create_environment_hook('bot_world', 'ament_prefix_path')
[0.515s] INFO:colcon.colcon_core.shell:Creating environment hook '/home/rahul/tirth_ws-main/install/bot_world/share/bot_world/hook/ament_prefix_path.ps1'
[0.516s] INFO:colcon.colcon_core.shell:Creating environment descriptor '/home/rahul/tirth_ws-main/install/bot_world/share/bot_world/hook/ament_prefix_path.dsv'
[0.517s] INFO:colcon.colcon_core.shell:Creating environment hook '/home/rahul/tirth_ws-main/install/bot_world/share/bot_world/hook/ament_prefix_path.sh'
[0.517s] INFO:colcon.colcon_core.shell:Skip shell extension 'powershell' for command environment: Not usable outside of PowerShell
[0.517s] DEBUG:colcon.colcon_core.shell:Skip shell extension 'dsv' for command environment
[0.523s] DEBUG:colcon.colcon_core.shell:Ignoring prefix path '/home/rahul/catkin_ws/devel'
[0.523s] DEBUG:colcon.colcon_core.shell:Ignoring prefix path '/opt/ros/noetic'
[0.865s] INFO:colcon.colcon_core.task.python.build:Building Python package in '/home/rahul/tirth_ws-main/src/bot_control'
[0.866s] INFO:colcon.colcon_core.shell:Skip shell extension 'powershell' for command environment: Not usable outside of PowerShell
[0.866s] DEBUG:colcon.colcon_core.shell:Skip shell extension 'dsv' for command environment
[0.878s] DEBUG:colcon.colcon_core.shell:Ignoring prefix path '/home/rahul/catkin_ws/devel'
[0.878s] DEBUG:colcon.colcon_core.shell:Ignoring prefix path '/opt/ros/noetic'
[1.249s] INFO:colcon.colcon_core.task.python.build:Building Python package in '/home/rahul/tirth_ws-main/src/bot_description'
[1.250s] INFO:colcon.colcon_core.shell:Skip shell extension 'powershell' for command environment: Not usable outside of PowerShell
[1.250s] DEBUG:colcon.colcon_core.shell:Skip shell extension 'dsv' for command environment
[1.264s] DEBUG:colcon.colcon_core.shell:Ignoring prefix path '/home/rahul/catkin_ws/devel'
[1.265s] DEBUG:colcon.colcon_core.shell:Ignoring prefix path '/opt/ros/noetic'
[1.582s] INFO:colcon.colcon_core.task.python.build:Building Python package in '/home/rahul/tirth_ws-main/src/bot_world'
[1.583s] INFO:colcon.colcon_core.shell:Skip shell extension 'powershell' for command environment: Not usable outside of PowerShell
[1.583s] DEBUG:colcon.colcon_core.shell:Skip shell extension 'dsv' for command environment
[1.598s] DEBUG:colcon.colcon_core.shell:Ignoring prefix path '/home/rahul/catkin_ws/devel'
[1.598s] DEBUG:colcon.colcon_core.shell:Ignoring prefix path '/opt/ros/noetic'
[2.056s] DEBUG:colcon.colcon_core.event_handler.log_command:Invoking command in '/home/rahul/tirth_ws-main/build/bot_control': PYTHONPATH=/home/rahul/tirth_ws-main/build/bot_control/prefix_override:/usr/lib/python3/dist-packages/colcon_core/task/python/colcon_distutils_commands:/home/rahul/tirth_ws-main/install/bot_control/lib/python3.10/site-packages:${PYTHONPATH} /usr/bin/python3 -W ignore:setup.py install is deprecated -W ignore:easy_install command is deprecated setup.py develop --uninstall --editable --build-directory /home/rahul/tirth_ws-main/build/bot_control/build
[2.112s] DEBUG:colcon.colcon_core.event_handler.log_command:Invoking command in '/home/rahul/tirth_ws-main/build/bot_world': PYTHONPATH=/home/rahul/tirth_ws-main/build/bot_world/prefix_override:/usr/lib/python3/dist-packages/colcon_core/task/python/colcon_distutils_commands:/home/rahul/tirth_ws-main/install/bot_world/lib/python3.10/site-packages:${PYTHONPATH} /usr/bin/python3 -W ignore:setup.py install is deprecated -W ignore:easy_install command is deprecated setup.py develop --uninstall --editable --build-directory /home/rahul/tirth_ws-main/build/bot_world/build
[2.118s] DEBUG:colcon.colcon_core.event_handler.log_command:Invoking command in '/home/rahul/tirth_ws-main/build/bot_description': PYTHONPATH=/home/rahul/tirth_ws-main/build/bot_description/prefix_override:/usr/lib/python3/dist-packages/colcon_core/task/python/colcon_distutils_commands:/home/rahul/tirth_ws-main/install/bot_description/lib/python3.10/site-packages:${PYTHONPATH} /usr/bin/python3 -W ignore:setup.py install is deprecated -W ignore:easy_install command is deprecated setup.py develop --uninstall --editable --build-directory /home/rahul/tirth_ws-main/build/bot_description/build
[2.645s] DEBUG:colcon.colcon_core.event_handler.log_command:Invoked command in '/home/rahul/tirth_ws-main/build/bot_control' returned '0': PYTHONPATH=/home/rahul/tirth_ws-main/build/bot_control/prefix_override:/usr/lib/python3/dist-packages/colcon_core/task/python/colcon_distutils_commands:/home/rahul/tirth_ws-main/install/bot_control/lib/python3.10/site-packages:${PYTHONPATH} /usr/bin/python3 -W ignore:setup.py install is deprecated -W ignore:easy_install command is deprecated setup.py develop --uninstall --editable --build-directory /home/rahul/tirth_ws-main/build/bot_control/build
[2.648s] DEBUG:colcon.colcon_core.event_handler.log_command:Invoking command in '/home/rahul/tirth_ws-main/src/bot_control': PYTHONPATH=/home/rahul/tirth_ws-main/build/bot_control/prefix_override:/usr/lib/python3/dist-packages/colcon_core/task/python/colcon_distutils_commands:/home/rahul/tirth_ws-main/install/bot_control/lib/python3.10/site-packages:${PYTHONPATH} /usr/bin/python3 -W ignore:setup.py install is deprecated -W ignore:easy_install command is deprecated setup.py egg_info --egg-base ../../build/bot_control build --build-base /home/rahul/tirth_ws-main/build/bot_control/build install --record /home/rahul/tirth_ws-main/build/bot_control/install.log --single-version-externally-managed install_data --force
[2.726s] DEBUG:colcon.colcon_core.event_handler.log_command:Invoked command in '/home/rahul/tirth_ws-main/build/bot_description' returned '0': PYTHONPATH=/home/rahul/tirth_ws-main/build/bot_description/prefix_override:/usr/lib/python3/dist-packages/colcon_core/task/python/colcon_distutils_commands:/home/rahul/tirth_ws-main/install/bot_description/lib/python3.10/site-packages:${PYTHONPATH} /usr/bin/python3 -W ignore:setup.py install is deprecated -W ignore:easy_install command is deprecated setup.py develop --uninstall --editable --build-directory /home/rahul/tirth_ws-main/build/bot_description/build
[2.729s] DEBUG:colcon.colcon_core.event_handler.log_command:Invoking command in '/home/rahul/tirth_ws-main/src/bot_description': PYTHONPATH=/home/rahul/tirth_ws-main/build/bot_description/prefix_override:/usr/lib/python3/dist-packages/colcon_core/task/python/colcon_distutils_commands:/home/rahul/tirth_ws-main/install/bot_description/lib/python3.10/site-packages:${PYTHONPATH} /usr/bin/python3 -W ignore:setup.py install is deprecated -W ignore:easy_install command is deprecated setup.py egg_info --egg-base ../../build/bot_description build --build-base /home/rahul/tirth_ws-main/build/bot_description/build install --record /home/rahul/tirth_ws-main/build/bot_description/install.log --single-version-externally-managed install_data --force
[2.734s] DEBUG:colcon.colcon_core.event_handler.log_command:Invoked command in '/home/rahul/tirth_ws-main/build/bot_world' returned '0': PYTHONPATH=/home/rahul/tirth_ws-main/build/bot_world/prefix_override:/usr/lib/python3/dist-packages/colcon_core/task/python/colcon_distutils_commands:/home/rahul/tirth_ws-main/install/bot_world/lib/python3.10/site-packages:${PYTHONPATH} /usr/bin/python3 -W ignore:setup.py install is deprecated -W ignore:easy_install command is deprecated setup.py develop --uninstall --editable --build-directory /home/rahul/tirth_ws-main/build/bot_world/build
[2.737s] DEBUG:colcon.colcon_core.event_handler.log_command:Invoking command in '/home/rahul/tirth_ws-main/src/bot_world': PYTHONPATH=/home/rahul/tirth_ws-main/build/bot_world/prefix_override:/usr/lib/python3/dist-packages/colcon_core/task/python/colcon_distutils_commands:/home/rahul/tirth_ws-main/install/bot_world/lib/python3.10/site-packages:${PYTHONPATH} /usr/bin/python3 -W ignore:setup.py install is deprecated -W ignore:easy_install command is deprecated setup.py egg_info --egg-base ../../build/bot_world build --build-base /home/rahul/tirth_ws-main/build/bot_world/build install --record /home/rahul/tirth_ws-main/build/bot_world/install.log --single-version-externally-managed install_data --force
[3.002s] DEBUG:colcon.colcon_core.event_handler.log_command:Invoked command in '/home/rahul/tirth_ws-main/src/bot_control' returned '0': PYTHONPATH=/home/rahul/tirth_ws-main/build/bot_control/prefix_override:/usr/lib/python3/dist-packages/colcon_core/task/python/colcon_distutils_commands:/home/rahul/tirth_ws-main/install/bot_control/lib/python3.10/site-packages:${PYTHONPATH} /usr/bin/python3 -W ignore:setup.py install is deprecated -W ignore:easy_install command is deprecated setup.py egg_info --egg-base ../../build/bot_control build --build-base /home/rahul/tirth_ws-main/build/bot_control/build install --record /home/rahul/tirth_ws-main/build/bot_control/install.log --single-version-externally-managed install_data --force
[3.007s] Level 1:colcon.colcon_core.environment:checking '/home/rahul/tirth_ws-main/install/bot_control' for CMake module files
[3.008s] Level 1:colcon.colcon_core.environment:checking '/home/rahul/tirth_ws-main/install/bot_control' for CMake config files
[3.010s] Level 1:colcon.colcon_core.environment:checking '/home/rahul/tirth_ws-main/install/bot_control/lib'
[3.010s] Level 1:colcon.colcon_core.environment:checking '/home/rahul/tirth_ws-main/install/bot_control/bin'
[3.010s] Level 1:colcon.colcon_core.environment:checking '/home/rahul/tirth_ws-main/install/bot_control/lib/pkgconfig/bot_control.pc'
[3.010s] Level 1:colcon.colcon_core.environment:checking '/home/rahul/tirth_ws-main/install/bot_control/lib/python3.10/site-packages'
[3.011s] Level 1:colcon.colcon_core.shell:create_environment_hook('bot_control', 'pythonpath')
[3.011s] INFO:colcon.colcon_core.shell:Creating environment hook '/home/rahul/tirth_ws-main/install/bot_control/share/bot_control/hook/pythonpath.ps1'
[3.012s] INFO:colcon.colcon_core.shell:Creating environment descriptor '/home/rahul/tirth_ws-main/install/bot_control/share/bot_control/hook/pythonpath.dsv'
[3.013s] INFO:colcon.colcon_core.shell:Creating environment hook '/home/rahul/tirth_ws-main/install/bot_control/share/bot_control/hook/pythonpath.sh'
[3.014s] Level 1:colcon.colcon_core.environment:checking '/home/rahul/tirth_ws-main/install/bot_control/bin'
[3.014s] Level 1:colcon.colcon_core.environment:create_environment_scripts_only(bot_control)
[3.015s] INFO:colcon.colcon_core.shell:Creating package script '/home/rahul/tirth_ws-main/install/bot_control/share/bot_control/package.ps1'
[3.017s] INFO:colcon.colcon_core.shell:Creating package descriptor '/home/rahul/tirth_ws-main/install/bot_control/share/bot_control/package.dsv'
[3.018s] INFO:colcon.colcon_core.shell:Creating package script '/home/rahul/tirth_ws-main/install/bot_control/share/bot_control/package.sh'
[3.019s] INFO:colcon.colcon_core.shell:Creating package script '/home/rahul/tirth_ws-main/install/bot_control/share/bot_control/package.bash'
[3.021s] INFO:colcon.colcon_core.shell:Creating package script '/home/rahul/tirth_ws-main/install/bot_control/share/bot_control/package.zsh'
[3.023s] Level 1:colcon.colcon_core.environment:create_file_with_runtime_dependencies(/home/rahul/tirth_ws-main/install/bot_control/share/colcon-core/packages/bot_control)
[3.094s] Level 1:colcon.colcon_core.environment:checking '/home/rahul/tirth_ws-main/install/bot_description' for CMake module files
[3.095s] DEBUG:colcon.colcon_core.event_handler.log_command:Invoked command in '/home/rahul/tirth_ws-main/src/bot_description' returned '0': PYTHONPATH=/home/rahul/tirth_ws-main/build/bot_description/prefix_override:/usr/lib/python3/dist-packages/colcon_core/task/python/colcon_distutils_commands:/home/rahul/tirth_ws-main/install/bot_description/lib/python3.10/site-packages:${PYTHONPATH} /usr/bin/python3 -W ignore:setup.py install is deprecated -W ignore:easy_install command is deprecated setup.py egg_info --egg-base ../../build/bot_description build --build-base /home/rahul/tirth_ws-main/build/bot_description/build install --record /home/rahul/tirth_ws-main/build/bot_description/install.log --single-version-externally-managed install_data --force
[3.095s] Level 1:colcon.colcon_core.environment:checking '/home/rahul/tirth_ws-main/install/bot_description' for CMake config files
[3.095s] Level 1:colcon.colcon_core.environment:checking '/home/rahul/tirth_ws-main/install/bot_description/lib'
[3.095s] Level 1:colcon.colcon_core.environment:checking '/home/rahul/tirth_ws-main/install/bot_description/bin'
[3.095s] Level 1:colcon.colcon_core.environment:checking '/home/rahul/tirth_ws-main/install/bot_description/lib/pkgconfig/bot_description.pc'
[3.096s] Level 1:colcon.colcon_core.environment:checking '/home/rahul/tirth_ws-main/install/bot_description/lib/python3.10/site-packages'
[3.096s] Level 1:colcon.colcon_core.shell:create_environment_hook('bot_description', 'pythonpath')
[3.096s] INFO:colcon.colcon_core.shell:Creating environment hook '/home/rahul/tirth_ws-main/install/bot_description/share/bot_description/hook/pythonpath.ps1'
[3.096s] INFO:colcon.colcon_core.shell:Creating environment descriptor '/home/rahul/tirth_ws-main/install/bot_description/share/bot_description/hook/pythonpath.dsv'
[3.097s] INFO:colcon.colcon_core.shell:Creating environment hook '/home/rahul/tirth_ws-main/install/bot_description/share/bot_description/hook/pythonpath.sh'
[3.097s] Level 1:colcon.colcon_core.environment:checking '/home/rahul/tirth_ws-main/install/bot_description/bin'
[3.097s] Level 1:colcon.colcon_core.environment:create_environment_scripts_only(bot_description)
[3.097s] INFO:colcon.colcon_core.shell:Creating package script '/home/rahul/tirth_ws-main/install/bot_description/share/bot_description/package.ps1'
[3.098s] INFO:colcon.colcon_core.shell:Creating package descriptor '/home/rahul/tirth_ws-main/install/bot_description/share/bot_description/package.dsv'
[3.098s] INFO:colcon.colcon_core.shell:Creating package script '/home/rahul/tirth_ws-main/install/bot_description/share/bot_description/package.sh'
[3.098s] INFO:colcon.colcon_core.shell:Creating package script '/home/rahul/tirth_ws-main/install/bot_description/share/bot_description/package.bash'
[3.099s] INFO:colcon.colcon_core.shell:Creating package script '/home/rahul/tirth_ws-main/install/bot_description/share/bot_description/package.zsh'
[3.099s] Level 1:colcon.colcon_core.environment:create_file_with_runtime_dependencies(/home/rahul/tirth_ws-main/install/bot_description/share/colcon-core/packages/bot_description)
[3.104s] Level 1:colcon.colcon_core.environment:checking '/home/rahul/tirth_ws-main/install/bot_world' for CMake module files
[3.104s] DEBUG:colcon.colcon_core.event_handler.log_command:Invoked command in '/home/rahul/tirth_ws-main/src/bot_world' returned '0': PYTHONPATH=/home/rahul/tirth_ws-main/build/bot_world/prefix_override:/usr/lib/python3/dist-packages/colcon_core/task/python/colcon_distutils_commands:/home/rahul/tirth_ws-main/install/bot_world/lib/python3.10/site-packages:${PYTHONPATH} /usr/bin/python3 -W ignore:setup.py install is deprecated -W ignore:easy_install command is deprecated setup.py egg_info --egg-base ../../build/bot_world build --build-base /home/rahul/tirth_ws-main/build/bot_world/build install --record /home/rahul/tirth_ws-main/build/bot_world/install.log --single-version-externally-managed install_data --force
[3.104s] Level 1:colcon.colcon_core.environment:checking '/home/rahul/tirth_ws-main/install/bot_world' for CMake config files
[3.105s] Level 1:colcon.colcon_core.environment:checking '/home/rahul/tirth_ws-main/install/bot_world/lib'
[3.105s] Level 1:colcon.colcon_core.environment:checking '/home/rahul/tirth_ws-main/install/bot_world/bin'
[3.105s] Level 1:colcon.colcon_core.environment:checking '/home/rahul/tirth_ws-main/install/bot_world/lib/pkgconfig/bot_world.pc'
[3.105s] Level 1:colcon.colcon_core.environment:checking '/home/rahul/tirth_ws-main/install/bot_world/lib/python3.10/site-packages'
[3.105s] Level 1:colcon.colcon_core.shell:create_environment_hook('bot_world', 'pythonpath')
[3.106s] INFO:colcon.colcon_core.shell:Creating environment hook '/home/rahul/tirth_ws-main/install/bot_world/share/bot_world/hook/pythonpath.ps1'
[3.106s] INFO:colcon.colcon_core.shell:Creating environment descriptor '/home/rahul/tirth_ws-main/install/bot_world/share/bot_world/hook/pythonpath.dsv'
[3.106s] INFO:colcon.colcon_core.shell:Creating environment hook '/home/rahul/tirth_ws-main/install/bot_world/share/bot_world/hook/pythonpath.sh'
[3.107s] Level 1:colcon.colcon_core.environment:checking '/home/rahul/tirth_ws-main/install/bot_world/bin'
[3.107s] Level 1:colcon.colcon_core.environment:create_environment_scripts_only(bot_world)
[3.107s] INFO:colcon.colcon_core.shell:Creating package script '/home/rahul/tirth_ws-main/install/bot_world/share/bot_world/package.ps1'
[3.107s] INFO:colcon.colcon_core.shell:Creating package descriptor '/home/rahul/tirth_ws-main/install/bot_world/share/bot_world/package.dsv'
[3.108s] INFO:colcon.colcon_core.shell:Creating package script '/home/rahul/tirth_ws-main/install/bot_world/share/bot_world/package.sh'
[3.108s] INFO:colcon.colcon_core.shell:Creating package script '/home/rahul/tirth_ws-main/install/bot_world/share/bot_world/package.bash'
[3.108s] INFO:colcon.colcon_core.shell:Creating package script '/home/rahul/tirth_ws-main/install/bot_world/share/bot_world/package.zsh'
[3.109s] Level 1:colcon.colcon_core.environment:create_file_with_runtime_dependencies(/home/rahul/tirth_ws-main/install/bot_world/share/colcon-core/packages/bot_world)
[3.109s] DEBUG:colcon.colcon_parallel_executor.executor.parallel:closing loop
[3.109s] DEBUG:colcon.colcon_parallel_executor.executor.parallel:loop closed
[3.109s] DEBUG:colcon.colcon_parallel_executor.executor.parallel:run_until_complete finished with '0'
[3.109s] DEBUG:colcon.colcon_core.event_reactor:joining thread
[3.115s] INFO:colcon.colcon_core.plugin_system:Skipping extension 'colcon_notification.desktop_notification.terminal_notifier': Not used on non-Darwin systems
[3.115s] INFO:colcon.colcon_core.plugin_system:Skipping extension 'colcon_notification.desktop_notification.win32': Not used on non-Windows systems
[3.115s] INFO:colcon.colcon_notification.desktop_notification:Sending desktop notification using 'notify2'
[3.133s] DEBUG:colcon.colcon_core.event_reactor:joined thread
[3.134s] INFO:colcon.colcon_core.shell:Creating prefix script '/home/rahul/tirth_ws-main/install/local_setup.ps1'
[3.136s] INFO:colcon.colcon_core.shell:Creating prefix util module '/home/rahul/tirth_ws-main/install/_local_setup_util_ps1.py'
[3.137s] INFO:colcon.colcon_core.shell:Creating prefix chain script '/home/rahul/tirth_ws-main/install/setup.ps1'
[3.139s] INFO:colcon.colcon_core.shell:Creating prefix script '/home/rahul/tirth_ws-main/install/local_setup.sh'
[3.140s] INFO:colcon.colcon_core.shell:Creating prefix util module '/home/rahul/tirth_ws-main/install/_local_setup_util_sh.py'
[3.140s] INFO:colcon.colcon_core.shell:Creating prefix chain script '/home/rahul/tirth_ws-main/install/setup.sh'
[3.142s] INFO:colcon.colcon_core.shell:Creating prefix script '/home/rahul/tirth_ws-main/install/local_setup.bash'
[3.143s] INFO:colcon.colcon_core.shell:Creating prefix chain script '/home/rahul/tirth_ws-main/install/setup.bash'
[3.145s] INFO:colcon.colcon_core.shell:Creating prefix script '/home/rahul/tirth_ws-main/install/local_setup.zsh'
[3.145s] INFO:colcon.colcon_core.shell:Creating prefix chain script '/home/rahul/tirth_ws-main/install/setup.zsh'
