[1.633s] Invoking command in '/home/rahul/rahulrajak_ws/src/bot_control': PYTHONPATH=/home/rahul/rahulrajak_ws/build/bot_control/prefix_override:/usr/lib/python3/dist-packages/colcon_core/task/python/colcon_distutils_commands:/home/rahul/rahulrajak_ws/install/bot_control/lib/python3.10/site-packages:${PYTHONPATH} /usr/bin/python3 -W ignore:setup.py install is deprecated -W ignore:easy_install command is deprecated setup.py egg_info --egg-base ../../build/bot_control build --build-base /home/rahul/rahulrajak_ws/build/bot_control/build install --record /home/rahul/rahulrajak_ws/build/bot_control/install.log --single-version-externally-managed install_data
[2.023s] running egg_info
[2.024s] writing ../../build/bot_control/bot_control.egg-info/PKG-INFO
[2.024s] writing dependency_links to ../../build/bot_control/bot_control.egg-info/dependency_links.txt
[2.024s] writing entry points to ../../build/bot_control/bot_control.egg-info/entry_points.txt
[2.024s] writing requirements to ../../build/bot_control/bot_control.egg-info/requires.txt
[2.025s] writing top-level names to ../../build/bot_control/bot_control.egg-info/top_level.txt
[2.027s] reading manifest file '../../build/bot_control/bot_control.egg-info/SOURCES.txt'
[2.027s] adding license file 'LICENSE'
[2.028s] writing manifest file '../../build/bot_control/bot_control.egg-info/SOURCES.txt'
[2.028s] running build
[2.028s] running build_py
[2.028s] running install
[2.029s] running install_lib
[2.030s] running install_data
[2.031s] running install_egg_info
[2.033s] removing '/home/rahul/rahulrajak_ws/install/bot_control/lib/python3.10/site-packages/bot_control-0.0.0-py3.10.egg-info' (and everything under it)
[2.034s] Copying ../../build/bot_control/bot_control.egg-info to /home/rahul/rahulrajak_ws/install/bot_control/lib/python3.10/site-packages/bot_control-0.0.0-py3.10.egg-info
[2.035s] running install_scripts
[2.061s] Installing filter script to /home/rahul/rahulrajak_ws/install/bot_control/lib/bot_control
[2.062s] writing list of installed files to '/home/rahul/rahulrajak_ws/build/bot_control/install.log'
[2.104s] Invoked command in '/home/rahul/rahulrajak_ws/src/bot_control' returned '0': PYTHONPATH=/home/rahul/rahulrajak_ws/build/bot_control/prefix_override:/usr/lib/python3/dist-packages/colcon_core/task/python/colcon_distutils_commands:/home/rahul/rahulrajak_ws/install/bot_control/lib/python3.10/site-packages:${PYTHONPATH} /usr/bin/python3 -W ignore:setup.py install is deprecated -W ignore:easy_install command is deprecated setup.py egg_info --egg-base ../../build/bot_control build --build-base /home/rahul/rahulrajak_ws/build/bot_control/build install --record /home/rahul/rahulrajak_ws/build/bot_control/install.log --single-version-externally-managed install_data
