[1.612s] Invoking command in '/home/rahul/tirth_ws-main/build/bot_description': PYTHONPATH=/home/rahul/tirth_ws-main/build/bot_description/prefix_override:/usr/lib/python3/dist-packages/colcon_core/task/python/colcon_distutils_commands:/home/rahul/tirth_ws-main/install/bot_description/lib/python3.10/site-packages:${PYTHONPATH} /usr/bin/python3 -W ignore:setup.py install is deprecated -W ignore:easy_install command is deprecated setup.py develop --uninstall --editable --build-directory /home/rahul/tirth_ws-main/build/bot_description/build
[1.926s] running develop
[2.008s] /usr/lib/python3/dist-packages/pkg_resources/__init__.py:116: PkgResourcesDeprecationWarning: 1.12.1-git20200711.33e2d80-dfsg1-0.6 is an invalid version and will not be supported in a future release
[2.008s]   warnings.warn(
[2.171s] Removing /home/rahul/tirth_ws-main/install/bot_description/lib/python3.10/site-packages/bot-description.egg-link (link to .)
[2.220s] Invoked command in '/home/rahul/tirth_ws-main/build/bot_description' returned '0': PYTHONPATH=/home/rahul/tirth_ws-main/build/bot_description/prefix_override:/usr/lib/python3/dist-packages/colcon_core/task/python/colcon_distutils_commands:/home/rahul/tirth_ws-main/install/bot_description/lib/python3.10/site-packages:${PYTHONPATH} /usr/bin/python3 -W ignore:setup.py install is deprecated -W ignore:easy_install command is deprecated setup.py develop --uninstall --editable --build-directory /home/rahul/tirth_ws-main/build/bot_description/build
[2.223s] Invoking command in '/home/rahul/tirth_ws-main/src/bot_description': PYTHONPATH=/home/rahul/tirth_ws-main/build/bot_description/prefix_override:/usr/lib/python3/dist-packages/colcon_core/task/python/colcon_distutils_commands:/home/rahul/tirth_ws-main/install/bot_description/lib/python3.10/site-packages:${PYTHONPATH} /usr/bin/python3 -W ignore:setup.py install is deprecated -W ignore:easy_install command is deprecated setup.py egg_info --egg-base ../../build/bot_description build --build-base /home/rahul/tirth_ws-main/build/bot_description/build install --record /home/rahul/tirth_ws-main/build/bot_description/install.log --single-version-externally-managed install_data --force
[2.518s] running egg_info
[2.518s] writing ../../build/bot_description/bot_description.egg-info/PKG-INFO
[2.518s] writing dependency_links to ../../build/bot_description/bot_description.egg-info/dependency_links.txt
[2.519s] writing entry points to ../../build/bot_description/bot_description.egg-info/entry_points.txt
[2.519s] writing requirements to ../../build/bot_description/bot_description.egg-info/requires.txt
[2.519s] writing top-level names to ../../build/bot_description/bot_description.egg-info/top_level.txt
[2.520s] reading manifest file '../../build/bot_description/bot_description.egg-info/SOURCES.txt'
[2.520s] adding license file 'LICENSE'
[2.521s] writing manifest file '../../build/bot_description/bot_description.egg-info/SOURCES.txt'
[2.521s] running build
[2.521s] running build_py
[2.521s] running install
[2.521s] running install_lib
[2.523s] running install_data
[2.523s] copying resource/bot_description -> /home/rahul/tirth_ws-main/install/bot_description/share/ament_index/resource_index/packages
[2.523s] copying package.xml -> /home/rahul/tirth_ws-main/install/bot_description/share/bot_description
[2.523s] copying urdf/bot.urdf -> /home/rahul/tirth_ws-main/install/bot_description/share/bot_description/urdf
[2.523s] copying urdf/bot2.urdf -> /home/rahul/tirth_ws-main/install/bot_description/share/bot_description/urdf
[2.524s] copying meshes/wheel.mtl -> /home/rahul/tirth_ws-main/install/bot_description/share/bot_description/meshes
[2.524s] copying meshes/center.mtl -> /home/rahul/tirth_ws-main/install/bot_description/share/bot_description/meshes
[2.524s] copying meshes/front_caster.dae -> /home/rahul/tirth_ws-main/install/bot_description/share/bot_description/meshes
[2.525s] copying meshes/center.obj -> /home/rahul/tirth_ws-main/install/bot_description/share/bot_description/meshes
[2.525s] copying meshes/wheel.obj -> /home/rahul/tirth_ws-main/install/bot_description/share/bot_description/meshes
[2.525s] copying meshes/base_link.dae -> /home/rahul/tirth_ws-main/install/bot_description/share/bot_description/meshes
[2.526s] copying meshes/front_caster.obj -> /home/rahul/tirth_ws-main/install/bot_description/share/bot_description/meshes
[2.526s] copying meshes/wheel_r.dae -> /home/rahul/tirth_ws-main/install/bot_description/share/bot_description/meshes
[2.527s] copying meshes/base_link.stl -> /home/rahul/tirth_ws-main/install/bot_description/share/bot_description/meshes
[2.527s] copying meshes/front_caster.mtl -> /home/rahul/tirth_ws-main/install/bot_description/share/bot_description/meshes
[2.527s] copying meshes/wheel_l.dae -> /home/rahul/tirth_ws-main/install/bot_description/share/bot_description/meshes
[2.528s] copying meshes/front_caster.stl -> /home/rahul/tirth_ws-main/install/bot_description/share/bot_description/meshes
[2.528s] copying meshes/wheel_r.stl -> /home/rahul/tirth_ws-main/install/bot_description/share/bot_description/meshes
[2.529s] copying meshes/wheel_l.stl -> /home/rahul/tirth_ws-main/install/bot_description/share/bot_description/meshes
[2.529s] copying launch/control.launch.py -> /home/rahul/tirth_ws-main/install/bot_description/share/bot_description/launch
[2.529s] copying launch/spawn.launch.py -> /home/rahul/tirth_ws-main/install/bot_description/share/bot_description/launch
[2.529s] copying launch/rviz.launch.py -> /home/rahul/tirth_ws-main/install/bot_description/share/bot_description/launch
[2.530s] copying world/spawn.world -> /home/rahul/tirth_ws-main/install/bot_description/share/bot_description/world
[2.530s] running install_egg_info
[2.531s] removing '/home/rahul/tirth_ws-main/install/bot_description/lib/python3.10/site-packages/bot_description-0.0.0-py3.10.egg-info' (and everything under it)
[2.531s] Copying ../../build/bot_description/bot_description.egg-info to /home/rahul/tirth_ws-main/install/bot_description/lib/python3.10/site-packages/bot_description-0.0.0-py3.10.egg-info
[2.532s] running install_scripts
[2.553s] writing list of installed files to '/home/rahul/tirth_ws-main/build/bot_description/install.log'
[2.589s] Invoked command in '/home/rahul/tirth_ws-main/src/bot_description' returned '0': PYTHONPATH=/home/rahul/tirth_ws-main/build/bot_description/prefix_override:/usr/lib/python3/dist-packages/colcon_core/task/python/colcon_distutils_commands:/home/rahul/tirth_ws-main/install/bot_description/lib/python3.10/site-packages:${PYTHONPATH} /usr/bin/python3 -W ignore:setup.py install is deprecated -W ignore:easy_install command is deprecated setup.py egg_info --egg-base ../../build/bot_description build --build-base /home/rahul/tirth_ws-main/build/bot_description/build install --record /home/rahul/tirth_ws-main/build/bot_description/install.log --single-version-externally-managed install_data --force
