[1.679s] Invoking command in '/home/rahul/tirth_ws/src/bot_world': PYTHONPATH=/home/rahul/tirth_ws/build/bot_world/prefix_override:/usr/lib/python3/dist-packages/colcon_core/task/python/colcon_distutils_commands:/home/rahul/tirth_ws/install/bot_world/lib/python3.10/site-packages:${PYTHONPATH} /usr/bin/python3 -W ignore:setup.py install is deprecated -W ignore:easy_install command is deprecated setup.py egg_info --egg-base ../../build/bot_world build --build-base /home/rahul/tirth_ws/build/bot_world/build install --record /home/rahul/tirth_ws/build/bot_world/install.log --single-version-externally-managed install_data
[1.978s] running egg_info
[1.979s] writing ../../build/bot_world/bot_world.egg-info/PKG-INFO
[1.982s] writing dependency_links to ../../build/bot_world/bot_world.egg-info/dependency_links.txt
[1.982s] writing entry points to ../../build/bot_world/bot_world.egg-info/entry_points.txt
[1.983s] writing requirements to ../../build/bot_world/bot_world.egg-info/requires.txt
[1.983s] writing top-level names to ../../build/bot_world/bot_world.egg-info/top_level.txt
[1.984s] reading manifest file '../../build/bot_world/bot_world.egg-info/SOURCES.txt'
[1.985s] adding license file 'LICENSE'
[1.985s] writing manifest file '../../build/bot_world/bot_world.egg-info/SOURCES.txt'
[1.986s] running build
[1.986s] running build_py
[1.987s] running install
[1.987s] running install_lib
[1.989s] running install_data
[1.990s] running install_egg_info
[1.994s] removing '/home/rahul/tirth_ws/install/bot_world/lib/python3.10/site-packages/bot_world-0.0.0-py3.10.egg-info' (and everything under it)
[1.994s] Copying ../../build/bot_world/bot_world.egg-info to /home/rahul/tirth_ws/install/bot_world/lib/python3.10/site-packages/bot_world-0.0.0-py3.10.egg-info
[1.995s] running install_scripts
[2.019s] writing list of installed files to '/home/rahul/tirth_ws/build/bot_world/install.log'
[2.104s] Invoked command in '/home/rahul/tirth_ws/src/bot_world' returned '0': PYTHONPATH=/home/rahul/tirth_ws/build/bot_world/prefix_override:/usr/lib/python3/dist-packages/colcon_core/task/python/colcon_distutils_commands:/home/rahul/tirth_ws/install/bot_world/lib/python3.10/site-packages:${PYTHONPATH} /usr/bin/python3 -W ignore:setup.py install is deprecated -W ignore:easy_install command is deprecated setup.py egg_info --egg-base ../../build/bot_world build --build-base /home/rahul/tirth_ws/build/bot_world/build install --record /home/rahul/tirth_ws/build/bot_world/install.log --single-version-externally-managed install_data
