[1.592s] Invoking command in '/home/rahul/Downloads/tirth_ws-main/src/bot_control': PYTHONPATH=/home/rahul/Downloads/tirth_ws-main/build/bot_control/prefix_override:/usr/lib/python3/dist-packages/colcon_core/task/python/colcon_distutils_commands:/home/rahul/Downloads/tirth_ws-main/install/bot_control/lib/python3.10/site-packages:${PYTHONPATH} /usr/bin/python3 -W ignore:setup.py install is deprecated -W ignore:easy_install command is deprecated setup.py egg_info --egg-base ../../build/bot_control build --build-base /home/rahul/Downloads/tirth_ws-main/build/bot_control/build install --record /home/rahul/Downloads/tirth_ws-main/build/bot_control/install.log --single-version-externally-managed install_data
[1.928s] running egg_info
[1.929s] writing ../../build/bot_control/bot_control.egg-info/PKG-INFO
[1.929s] writing dependency_links to ../../build/bot_control/bot_control.egg-info/dependency_links.txt
[1.929s] writing entry points to ../../build/bot_control/bot_control.egg-info/entry_points.txt
[1.929s] writing requirements to ../../build/bot_control/bot_control.egg-info/requires.txt
[1.929s] writing top-level names to ../../build/bot_control/bot_control.egg-info/top_level.txt
[1.931s] reading manifest file '../../build/bot_control/bot_control.egg-info/SOURCES.txt'
[1.932s] adding license file 'LICENSE'
[1.933s] writing manifest file '../../build/bot_control/bot_control.egg-info/SOURCES.txt'
[1.933s] running build
[1.933s] running build_py
[1.933s] running install
[1.934s] running install_lib
[1.936s] running install_data
[1.936s] copying urdf/bot.urdf -> /home/rahul/Downloads/tirth_ws-main/install/bot_control/share/bot_control/urdf
[1.936s] copying urdf/bot2.urdf -> /home/rahul/Downloads/tirth_ws-main/install/bot_control/share/bot_control/urdf
[1.937s] running install_egg_info
[1.939s] removing '/home/rahul/Downloads/tirth_ws-main/install/bot_control/lib/python3.10/site-packages/bot_control-0.0.0-py3.10.egg-info' (and everything under it)
[1.940s] Copying ../../build/bot_control/bot_control.egg-info to /home/rahul/Downloads/tirth_ws-main/install/bot_control/lib/python3.10/site-packages/bot_control-0.0.0-py3.10.egg-info
[1.941s] running install_scripts
[1.969s] Installing filter script to /home/rahul/Downloads/tirth_ws-main/install/bot_control/lib/bot_control
[1.969s] writing list of installed files to '/home/rahul/Downloads/tirth_ws-main/build/bot_control/install.log'
[2.007s] Invoked command in '/home/rahul/Downloads/tirth_ws-main/src/bot_control' returned '0': PYTHONPATH=/home/rahul/Downloads/tirth_ws-main/build/bot_control/prefix_override:/usr/lib/python3/dist-packages/colcon_core/task/python/colcon_distutils_commands:/home/rahul/Downloads/tirth_ws-main/install/bot_control/lib/python3.10/site-packages:${PYTHONPATH} /usr/bin/python3 -W ignore:setup.py install is deprecated -W ignore:easy_install command is deprecated setup.py egg_info --egg-base ../../build/bot_control build --build-base /home/rahul/Downloads/tirth_ws-main/build/bot_control/build install --record /home/rahul/Downloads/tirth_ws-main/build/bot_control/install.log --single-version-externally-managed install_data
