running develop
/usr/lib/python3/dist-packages/pkg_resources/__init__.py:116: PkgResourcesDeprecationWarning: 1.12.1-git20200711.33e2d80-dfsg1-0.6 is an invalid version and will not be supported in a future release
  warnings.warn(
Removing /home/rahul/tirth_ws/install/bot_control/lib/python3.10/site-packages/bot-control.egg-link (link to .)
running egg_info
writing ../../build/bot_control/bot_control.egg-info/PKG-INFO
writing dependency_links to ../../build/bot_control/bot_control.egg-info/dependency_links.txt
writing entry points to ../../build/bot_control/bot_control.egg-info/entry_points.txt
writing requirements to ../../build/bot_control/bot_control.egg-info/requires.txt
writing top-level names to ../../build/bot_control/bot_control.egg-info/top_level.txt
reading manifest file '../../build/bot_control/bot_control.egg-info/SOURCES.txt'
adding license file 'LICENSE'
writing manifest file '../../build/bot_control/bot_control.egg-info/SOURCES.txt'
running build
running build_py
running install
running install_lib
running install_data
copying resource/bot_control -> /home/rahul/tirth_ws/install/bot_control/share/ament_index/resource_index/packages
copying package.xml -> /home/rahul/tirth_ws/install/bot_control/share/bot_control
copying launch/filter.launch.py -> /home/rahul/tirth_ws/install/bot_control/share/bot_control/launch
copying world/bot.world -> /home/rahul/tirth_ws/install/bot_control/share/bot_control/world
copying meshes/wheel.mtl -> /home/rahul/tirth_ws/install/bot_control/share/bot_control/meshes
copying meshes/center.mtl -> /home/rahul/tirth_ws/install/bot_control/share/bot_control/meshes
copying meshes/front_caster.dae -> /home/rahul/tirth_ws/install/bot_control/share/bot_control/meshes
copying meshes/center.obj -> /home/rahul/tirth_ws/install/bot_control/share/bot_control/meshes
copying meshes/wheel.obj -> /home/rahul/tirth_ws/install/bot_control/share/bot_control/meshes
copying meshes/base_link.dae -> /home/rahul/tirth_ws/install/bot_control/share/bot_control/meshes
copying meshes/front_caster.obj -> /home/rahul/tirth_ws/install/bot_control/share/bot_control/meshes
copying meshes/wheel_r.dae -> /home/rahul/tirth_ws/install/bot_control/share/bot_control/meshes
copying meshes/base_link.stl -> /home/rahul/tirth_ws/install/bot_control/share/bot_control/meshes
copying meshes/front_caster.mtl -> /home/rahul/tirth_ws/install/bot_control/share/bot_control/meshes
copying meshes/wheel_l.dae -> /home/rahul/tirth_ws/install/bot_control/share/bot_control/meshes
copying meshes/front_caster.stl -> /home/rahul/tirth_ws/install/bot_control/share/bot_control/meshes
copying meshes/wheel_r.stl -> /home/rahul/tirth_ws/install/bot_control/share/bot_control/meshes
copying meshes/wheel_l.stl -> /home/rahul/tirth_ws/install/bot_control/share/bot_control/meshes
copying urdf/bot.urdf -> /home/rahul/tirth_ws/install/bot_control/share/bot_control/urdf
copying urdf/bot2.urdf -> /home/rahul/tirth_ws/install/bot_control/share/bot_control/urdf
running install_egg_info
removing '/home/rahul/tirth_ws/install/bot_control/lib/python3.10/site-packages/bot_control-0.0.0-py3.10.egg-info' (and everything under it)
Copying ../../build/bot_control/bot_control.egg-info to /home/rahul/tirth_ws/install/bot_control/lib/python3.10/site-packages/bot_control-0.0.0-py3.10.egg-info
running install_scripts
Installing filter script to /home/rahul/tirth_ws/install/bot_control/lib/bot_control
writing list of installed files to '/home/rahul/tirth_ws/build/bot_control/install.log'
