[1.745s] Invoking command in '/home/rahul/tirth_ws/build/bot_control': PYTHONPATH=/home/rahul/tirth_ws/build/bot_control/prefix_override:/usr/lib/python3/dist-packages/colcon_core/task/python/colcon_distutils_commands:/home/rahul/tirth_ws/install/bot_control/lib/python3.10/site-packages:${PYTHONPATH} /usr/bin/python3 -W ignore:setup.py install is deprecated -W ignore:easy_install command is deprecated setup.py develop --uninstall --editable --build-directory /home/rahul/tirth_ws/build/bot_control/build
[2.068s] running develop
[2.154s] /usr/lib/python3/dist-packages/pkg_resources/__init__.py:116: PkgResourcesDeprecationWarning: 1.12.1-git20200711.33e2d80-dfsg1-0.6 is an invalid version and will not be supported in a future release
[2.154s]   warnings.warn(
[2.323s] Removing /home/rahul/tirth_ws/install/bot_control/lib/python3.10/site-packages/bot-control.egg-link (link to .)
[2.382s] Invoked command in '/home/rahul/tirth_ws/build/bot_control' returned '0': PYTHONPATH=/home/rahul/tirth_ws/build/bot_control/prefix_override:/usr/lib/python3/dist-packages/colcon_core/task/python/colcon_distutils_commands:/home/rahul/tirth_ws/install/bot_control/lib/python3.10/site-packages:${PYTHONPATH} /usr/bin/python3 -W ignore:setup.py install is deprecated -W ignore:easy_install command is deprecated setup.py develop --uninstall --editable --build-directory /home/rahul/tirth_ws/build/bot_control/build
[2.385s] Invoking command in '/home/rahul/tirth_ws/src/bot_control': PYTHONPATH=/home/rahul/tirth_ws/build/bot_control/prefix_override:/usr/lib/python3/dist-packages/colcon_core/task/python/colcon_distutils_commands:/home/rahul/tirth_ws/install/bot_control/lib/python3.10/site-packages:${PYTHONPATH} /usr/bin/python3 -W ignore:setup.py install is deprecated -W ignore:easy_install command is deprecated setup.py egg_info --egg-base ../../build/bot_control build --build-base /home/rahul/tirth_ws/build/bot_control/build install --record /home/rahul/tirth_ws/build/bot_control/install.log --single-version-externally-managed install_data --force
[2.688s] running egg_info
[2.689s] writing ../../build/bot_control/bot_control.egg-info/PKG-INFO
[2.689s] writing dependency_links to ../../build/bot_control/bot_control.egg-info/dependency_links.txt
[2.689s] writing entry points to ../../build/bot_control/bot_control.egg-info/entry_points.txt
[2.690s] writing requirements to ../../build/bot_control/bot_control.egg-info/requires.txt
[2.690s] writing top-level names to ../../build/bot_control/bot_control.egg-info/top_level.txt
[2.691s] reading manifest file '../../build/bot_control/bot_control.egg-info/SOURCES.txt'
[2.698s] adding license file 'LICENSE'
[2.698s] writing manifest file '../../build/bot_control/bot_control.egg-info/SOURCES.txt'
[2.699s] running build
[2.699s] running build_py
[2.699s] running install
[2.699s] running install_lib
[2.701s] running install_data
[2.701s] copying resource/bot_control -> /home/rahul/tirth_ws/install/bot_control/share/ament_index/resource_index/packages
[2.701s] copying package.xml -> /home/rahul/tirth_ws/install/bot_control/share/bot_control
[2.701s] copying launch/filter.launch.py -> /home/rahul/tirth_ws/install/bot_control/share/bot_control/launch
[2.702s] copying world/bot.world -> /home/rahul/tirth_ws/install/bot_control/share/bot_control/world
[2.703s] copying meshes/wheel.mtl -> /home/rahul/tirth_ws/install/bot_control/share/bot_control/meshes
[2.703s] copying meshes/center.mtl -> /home/rahul/tirth_ws/install/bot_control/share/bot_control/meshes
[2.703s] copying meshes/front_caster.dae -> /home/rahul/tirth_ws/install/bot_control/share/bot_control/meshes
[2.705s] copying meshes/center.obj -> /home/rahul/tirth_ws/install/bot_control/share/bot_control/meshes
[2.705s] copying meshes/wheel.obj -> /home/rahul/tirth_ws/install/bot_control/share/bot_control/meshes
[2.706s] copying meshes/base_link.dae -> /home/rahul/tirth_ws/install/bot_control/share/bot_control/meshes
[2.707s] copying meshes/front_caster.obj -> /home/rahul/tirth_ws/install/bot_control/share/bot_control/meshes
[2.709s] copying meshes/wheel_r.dae -> /home/rahul/tirth_ws/install/bot_control/share/bot_control/meshes
[2.710s] copying meshes/base_link.stl -> /home/rahul/tirth_ws/install/bot_control/share/bot_control/meshes
[2.710s] copying meshes/front_caster.mtl -> /home/rahul/tirth_ws/install/bot_control/share/bot_control/meshes
[2.711s] copying meshes/wheel_l.dae -> /home/rahul/tirth_ws/install/bot_control/share/bot_control/meshes
[2.712s] copying meshes/front_caster.stl -> /home/rahul/tirth_ws/install/bot_control/share/bot_control/meshes
[2.714s] copying meshes/wheel_r.stl -> /home/rahul/tirth_ws/install/bot_control/share/bot_control/meshes
[2.714s] copying meshes/wheel_l.stl -> /home/rahul/tirth_ws/install/bot_control/share/bot_control/meshes
[2.714s] copying urdf/bot.urdf -> /home/rahul/tirth_ws/install/bot_control/share/bot_control/urdf
[2.715s] copying urdf/bot2.urdf -> /home/rahul/tirth_ws/install/bot_control/share/bot_control/urdf
[2.715s] running install_egg_info
[2.717s] removing '/home/rahul/tirth_ws/install/bot_control/lib/python3.10/site-packages/bot_control-0.0.0-py3.10.egg-info' (and everything under it)
[2.718s] Copying ../../build/bot_control/bot_control.egg-info to /home/rahul/tirth_ws/install/bot_control/lib/python3.10/site-packages/bot_control-0.0.0-py3.10.egg-info
[2.718s] running install_scripts
[2.740s] Installing filter script to /home/rahul/tirth_ws/install/bot_control/lib/bot_control
[2.740s] writing list of installed files to '/home/rahul/tirth_ws/build/bot_control/install.log'
[2.780s] Invoked command in '/home/rahul/tirth_ws/src/bot_control' returned '0': PYTHONPATH=/home/rahul/tirth_ws/build/bot_control/prefix_override:/usr/lib/python3/dist-packages/colcon_core/task/python/colcon_distutils_commands:/home/rahul/tirth_ws/install/bot_control/lib/python3.10/site-packages:${PYTHONPATH} /usr/bin/python3 -W ignore:setup.py install is deprecated -W ignore:easy_install command is deprecated setup.py egg_info --egg-base ../../build/bot_control build --build-base /home/rahul/tirth_ws/build/bot_control/build install --record /home/rahul/tirth_ws/build/bot_control/install.log --single-version-externally-managed install_data --force
