[1.588s] Invoking command in '/home/rahul/tirth_ws-main/build/bot_control': PYTHONPATH=/home/rahul/tirth_ws-main/build/bot_control/prefix_override:/usr/lib/python3/dist-packages/colcon_core/task/python/colcon_distutils_commands:/home/rahul/tirth_ws-main/install/bot_control/lib/python3.10/site-packages:${PYTHONPATH} /usr/bin/python3 -W ignore:setup.py install is deprecated -W ignore:easy_install command is deprecated setup.py develop --editable --build-directory /home/rahul/tirth_ws-main/build/bot_control/build --no-deps symlink_data --force
[1.925s] running develop
[2.010s] /usr/lib/python3/dist-packages/pkg_resources/__init__.py:116: PkgResourcesDeprecationWarning: 1.12.1-git20200711.33e2d80-dfsg1-0.6 is an invalid version and will not be supported in a future release
[2.010s]   warnings.warn(
[2.173s] running egg_info
[2.173s] writing bot_control.egg-info/PKG-INFO
[2.173s] writing dependency_links to bot_control.egg-info/dependency_links.txt
[2.174s] writing entry points to bot_control.egg-info/entry_points.txt
[2.174s] writing requirements to bot_control.egg-info/requires.txt
[2.174s] writing top-level names to bot_control.egg-info/top_level.txt
[2.175s] reading manifest file 'bot_control.egg-info/SOURCES.txt'
[2.176s] writing manifest file 'bot_control.egg-info/SOURCES.txt'
[2.210s] running build_ext
[2.210s] Creating /home/rahul/tirth_ws-main/install/bot_control/lib/python3.10/site-packages/bot-control.egg-link (link to .)
[2.211s] Installing filter script to /home/rahul/tirth_ws-main/install/bot_control/lib/bot_control
[2.211s] 
[2.212s] Installed /home/rahul/tirth_ws-main/build/bot_control
[2.212s] running symlink_data
[2.212s] symbolically linking /home/rahul/tirth_ws-main/build/bot_control/resource/bot_control -> /home/rahul/tirth_ws-main/install/bot_control/share/ament_index/resource_index/packages
[2.212s] symbolically linking /home/rahul/tirth_ws-main/build/bot_control/package.xml -> /home/rahul/tirth_ws-main/install/bot_control/share/bot_control
[2.212s] symbolically linking /home/rahul/tirth_ws-main/build/bot_control/launch/filter.launch.py -> /home/rahul/tirth_ws-main/install/bot_control/share/bot_control/launch
[2.212s] symbolically linking /home/rahul/tirth_ws-main/build/bot_control/world/bot.world -> /home/rahul/tirth_ws-main/install/bot_control/share/bot_control/world
[2.212s] symbolically linking /home/rahul/tirth_ws-main/build/bot_control/meshes/wheel.mtl -> /home/rahul/tirth_ws-main/install/bot_control/share/bot_control/meshes
[2.213s] symbolically linking /home/rahul/tirth_ws-main/build/bot_control/meshes/center.mtl -> /home/rahul/tirth_ws-main/install/bot_control/share/bot_control/meshes
[2.213s] symbolically linking /home/rahul/tirth_ws-main/build/bot_control/meshes/front_caster.dae -> /home/rahul/tirth_ws-main/install/bot_control/share/bot_control/meshes
[2.213s] symbolically linking /home/rahul/tirth_ws-main/build/bot_control/meshes/center.obj -> /home/rahul/tirth_ws-main/install/bot_control/share/bot_control/meshes
[2.213s] symbolically linking /home/rahul/tirth_ws-main/build/bot_control/meshes/wheel.obj -> /home/rahul/tirth_ws-main/install/bot_control/share/bot_control/meshes
[2.213s] symbolically linking /home/rahul/tirth_ws-main/build/bot_control/meshes/base_link.dae -> /home/rahul/tirth_ws-main/install/bot_control/share/bot_control/meshes
[2.213s] symbolically linking /home/rahul/tirth_ws-main/build/bot_control/meshes/front_caster.obj -> /home/rahul/tirth_ws-main/install/bot_control/share/bot_control/meshes
[2.213s] symbolically linking /home/rahul/tirth_ws-main/build/bot_control/meshes/wheel_r.dae -> /home/rahul/tirth_ws-main/install/bot_control/share/bot_control/meshes
[2.214s] symbolically linking /home/rahul/tirth_ws-main/build/bot_control/meshes/base_link.stl -> /home/rahul/tirth_ws-main/install/bot_control/share/bot_control/meshes
[2.214s] symbolically linking /home/rahul/tirth_ws-main/build/bot_control/meshes/front_caster.mtl -> /home/rahul/tirth_ws-main/install/bot_control/share/bot_control/meshes
[2.214s] symbolically linking /home/rahul/tirth_ws-main/build/bot_control/meshes/wheel_l.dae -> /home/rahul/tirth_ws-main/install/bot_control/share/bot_control/meshes
[2.214s] symbolically linking /home/rahul/tirth_ws-main/build/bot_control/meshes/front_caster.stl -> /home/rahul/tirth_ws-main/install/bot_control/share/bot_control/meshes
[2.214s] symbolically linking /home/rahul/tirth_ws-main/build/bot_control/meshes/wheel_r.stl -> /home/rahul/tirth_ws-main/install/bot_control/share/bot_control/meshes
[2.215s] symbolically linking /home/rahul/tirth_ws-main/build/bot_control/meshes/wheel_l.stl -> /home/rahul/tirth_ws-main/install/bot_control/share/bot_control/meshes
[2.215s] symbolically linking /home/rahul/tirth_ws-main/build/bot_control/urdf/bot.urdf -> /home/rahul/tirth_ws-main/install/bot_control/share/bot_control/urdf
[2.215s] symbolically linking /home/rahul/tirth_ws-main/build/bot_control/urdf/bot2.urdf -> /home/rahul/tirth_ws-main/install/bot_control/share/bot_control/urdf
[2.284s] Invoked command in '/home/rahul/tirth_ws-main/build/bot_control' returned '0': PYTHONPATH=/home/rahul/tirth_ws-main/build/bot_control/prefix_override:/usr/lib/python3/dist-packages/colcon_core/task/python/colcon_distutils_commands:/home/rahul/tirth_ws-main/install/bot_control/lib/python3.10/site-packages:${PYTHONPATH} /usr/bin/python3 -W ignore:setup.py install is deprecated -W ignore:easy_install command is deprecated setup.py develop --editable --build-directory /home/rahul/tirth_ws-main/build/bot_control/build --no-deps symlink_data --force
