[1.766s] Invoking command in '/home/rahul/rahulrajak_ws/src/bot_control': PYTHONPATH=/home/rahul/rahulrajak_ws/build/bot_control/prefix_override:/usr/lib/python3/dist-packages/colcon_core/task/python/colcon_distutils_commands:/home/rahul/rahulrajak_ws/install/bot_control/lib/python3.10/site-packages:${PYTHONPATH} /usr/bin/python3 -W ignore:setup.py install is deprecated -W ignore:easy_install command is deprecated setup.py egg_info --egg-base ../../build/bot_control build --build-base /home/rahul/rahulrajak_ws/build/bot_control/build install --record /home/rahul/rahulrajak_ws/build/bot_control/install.log --single-version-externally-managed install_data
[2.168s] running egg_info
[2.177s] writing ../../build/bot_control/bot_control.egg-info/PKG-INFO
[2.179s] writing dependency_links to ../../build/bot_control/bot_control.egg-info/dependency_links.txt
[2.179s] writing entry points to ../../build/bot_control/bot_control.egg-info/entry_points.txt
[2.179s] writing requirements to ../../build/bot_control/bot_control.egg-info/requires.txt
[2.180s] writing top-level names to ../../build/bot_control/bot_control.egg-info/top_level.txt
[2.181s] reading manifest file '../../build/bot_control/bot_control.egg-info/SOURCES.txt'
[2.182s] adding license file 'LICENSE'
[2.184s] writing manifest file '../../build/bot_control/bot_control.egg-info/SOURCES.txt'
[2.184s] running build
[2.184s] running build_py
[2.185s] running install
[2.186s] running install_lib
[2.188s] running install_data
[2.190s] copying world/bot.world -> /home/rahul/rahulrajak_ws/install/bot_control/share/bot_control/world
[2.191s] running install_egg_info
[2.193s] removing '/home/rahul/rahulrajak_ws/install/bot_control/lib/python3.10/site-packages/bot_control-0.0.0-py3.10.egg-info' (and everything under it)
[2.194s] Copying ../../build/bot_control/bot_control.egg-info to /home/rahul/rahulrajak_ws/install/bot_control/lib/python3.10/site-packages/bot_control-0.0.0-py3.10.egg-info
[2.195s] running install_scripts
[2.222s] Installing filter script to /home/rahul/rahulrajak_ws/install/bot_control/lib/bot_control
[2.222s] writing list of installed files to '/home/rahul/rahulrajak_ws/build/bot_control/install.log'
[2.265s] Invoked command in '/home/rahul/rahulrajak_ws/src/bot_control' returned '0': PYTHONPATH=/home/rahul/rahulrajak_ws/build/bot_control/prefix_override:/usr/lib/python3/dist-packages/colcon_core/task/python/colcon_distutils_commands:/home/rahul/rahulrajak_ws/install/bot_control/lib/python3.10/site-packages:${PYTHONPATH} /usr/bin/python3 -W ignore:setup.py install is deprecated -W ignore:easy_install command is deprecated setup.py egg_info --egg-base ../../build/bot_control build --build-base /home/rahul/rahulrajak_ws/build/bot_control/build install --record /home/rahul/rahulrajak_ws/build/bot_control/install.log --single-version-externally-managed install_data
