[0.260s] DEBUG:colcon:Command line arguments: ['/usr/bin/colcon', 'build']
[0.261s] DEBUG:colcon:Parsed command line arguments: Namespace(log_base=None, log_level=None, verb_name='build', build_base='build', install_base='install', merge_install=False, symlink_install=False, test_result_base=None, continue_on_error=False, executor='parallel', parallel_workers=12, event_handlers=None, ignore_user_meta=False, metas=['./colcon.meta'], base_paths=['.'], packages_ignore=None, packages_ignore_regex=None, paths=None, packages_up_to=None, packages_up_to_regex=None, packages_above=None, packages_above_and_dependencies=None, packages_above_depth=None, packages_select_by_dep=None, packages_skip_by_dep=None, packages_skip_up_to=None, packages_select_build_failed=False, packages_skip_build_finished=False, packages_select_test_failures=False, packages_skip_test_passed=False, packages_select=None, packages_skip=None, packages_select_regex=None, packages_skip_regex=None, packages_start=None, packages_end=None, allow_overriding=[], cmake_args=None, cmake_target=None, cmake_target_skip_unavailable=False, cmake_clean_cache=False, cmake_clean_first=False, cmake_force_configure=False, ament_cmake_args=None, catkin_cmake_args=None, catkin_skip_building_tests=False, mixin_files=None, mixin=None, verb_parser=<colcon_mixin.mixin.mixin_argument.MixinArgumentDecorator object at 0x7f36c8256d40>, verb_extension=<colcon_core.verb.build.BuildVerb object at 0x7f36c82102e0>, main=<bound method BuildVerb.main of <colcon_core.verb.build.BuildVerb object at 0x7f36c82102e0>>, mixin_verb=('build',))
[0.528s] Level 1:colcon.colcon_core.package_discovery:discover_packages(colcon_meta) check parameters
[0.528s] Level 1:colcon.colcon_core.package_discovery:discover_packages(recursive) check parameters
[0.528s] Level 1:colcon.colcon_core.package_discovery:discover_packages(ignore) check parameters
[0.528s] Level 1:colcon.colcon_core.package_discovery:discover_packages(path) check parameters
[0.528s] Level 1:colcon.colcon_core.package_discovery:discover_packages(colcon_meta) discover
[0.528s] Level 1:colcon.colcon_core.package_discovery:discover_packages(recursive) discover
[0.528s] INFO:colcon.colcon_core.package_discovery:Crawling recursively for packages in '/home/rahul/tirth_ws'
[0.528s] Level 1:colcon.colcon_core.package_identification:_identify(.) by extensions ['ignore', 'ignore_ament_install']
[0.528s] Level 1:colcon.colcon_core.package_identification:_identify(.) by extension 'ignore'
[0.528s] Level 1:colcon.colcon_core.package_identification:_identify(.) by extension 'ignore_ament_install'
[0.528s] Level 1:colcon.colcon_core.package_identification:_identify(.) by extensions ['colcon_pkg']
[0.528s] Level 1:colcon.colcon_core.package_identification:_identify(.) by extension 'colcon_pkg'
[0.528s] Level 1:colcon.colcon_core.package_identification:_identify(.) by extensions ['colcon_meta']
[0.529s] Level 1:colcon.colcon_core.package_identification:_identify(.) by extension 'colcon_meta'
[0.529s] Level 1:colcon.colcon_core.package_identification:_identify(.) by extensions ['ros']
[0.529s] Level 1:colcon.colcon_core.package_identification:_identify(.) by extension 'ros'
[0.562s] Level 1:colcon.colcon_core.package_identification:_identify(.) by extensions ['cmake', 'python']
[0.562s] Level 1:colcon.colcon_core.package_identification:_identify(.) by extension 'cmake'
[0.562s] Level 1:colcon.colcon_core.package_identification:_identify(.) by extension 'python'
[0.562s] Level 1:colcon.colcon_core.package_identification:_identify(.) by extensions ['python_setup_py']
[0.562s] Level 1:colcon.colcon_core.package_identification:_identify(.) by extension 'python_setup_py'
[0.562s] Level 1:colcon.colcon_core.package_identification:_identify(build) by extensions ['ignore', 'ignore_ament_install']
[0.563s] Level 1:colcon.colcon_core.package_identification:_identify(build) by extension 'ignore'
[0.563s] Level 1:colcon.colcon_core.package_identification:_identify(build) ignored
[0.563s] Level 1:colcon.colcon_core.package_identification:_identify(install) by extensions ['ignore', 'ignore_ament_install']
[0.563s] Level 1:colcon.colcon_core.package_identification:_identify(install) by extension 'ignore'
[0.563s] Level 1:colcon.colcon_core.package_identification:_identify(install) ignored
[0.563s] Level 1:colcon.colcon_core.package_identification:_identify(log) by extensions ['ignore', 'ignore_ament_install']
[0.563s] Level 1:colcon.colcon_core.package_identification:_identify(log) by extension 'ignore'
[0.563s] Level 1:colcon.colcon_core.package_identification:_identify(log) ignored
[0.563s] Level 1:colcon.colcon_core.package_identification:_identify(src) by extensions ['ignore', 'ignore_ament_install']
[0.563s] Level 1:colcon.colcon_core.package_identification:_identify(src) by extension 'ignore'
[0.563s] Level 1:colcon.colcon_core.package_identification:_identify(src) by extension 'ignore_ament_install'
[0.563s] Level 1:colcon.colcon_core.package_identification:_identify(src) by extensions ['colcon_pkg']
[0.563s] Level 1:colcon.colcon_core.package_identification:_identify(src) by extension 'colcon_pkg'
[0.564s] Level 1:colcon.colcon_core.package_identification:_identify(src) by extensions ['colcon_meta']
[0.564s] Level 1:colcon.colcon_core.package_identification:_identify(src) by extension 'colcon_meta'
[0.564s] Level 1:colcon.colcon_core.package_identification:_identify(src) by extensions ['ros']
[0.564s] Level 1:colcon.colcon_core.package_identification:_identify(src) by extension 'ros'
[0.564s] Level 1:colcon.colcon_core.package_identification:_identify(src) by extensions ['cmake', 'python']
[0.564s] Level 1:colcon.colcon_core.package_identification:_identify(src) by extension 'cmake'
[0.564s] Level 1:colcon.colcon_core.package_identification:_identify(src) by extension 'python'
[0.564s] Level 1:colcon.colcon_core.package_identification:_identify(src) by extensions ['python_setup_py']
[0.564s] Level 1:colcon.colcon_core.package_identification:_identify(src) by extension 'python_setup_py'
[0.564s] Level 1:colcon.colcon_core.package_identification:_identify(src/bot_control) by extensions ['ignore', 'ignore_ament_install']
[0.564s] Level 1:colcon.colcon_core.package_identification:_identify(src/bot_control) by extension 'ignore'
[0.564s] Level 1:colcon.colcon_core.package_identification:_identify(src/bot_control) by extension 'ignore_ament_install'
[0.564s] Level 1:colcon.colcon_core.package_identification:_identify(src/bot_control) by extensions ['colcon_pkg']
[0.564s] Level 1:colcon.colcon_core.package_identification:_identify(src/bot_control) by extension 'colcon_pkg'
[0.564s] Level 1:colcon.colcon_core.package_identification:_identify(src/bot_control) by extensions ['colcon_meta']
[0.564s] Level 1:colcon.colcon_core.package_identification:_identify(src/bot_control) by extension 'colcon_meta'
[0.564s] Level 1:colcon.colcon_core.package_identification:_identify(src/bot_control) by extensions ['ros']
[0.564s] Level 1:colcon.colcon_core.package_identification:_identify(src/bot_control) by extension 'ros'
[0.568s] DEBUG:colcon.colcon_core.package_identification:Package 'src/bot_control' with type 'ros.ament_python' and name 'bot_control'
[0.568s] Level 1:colcon.colcon_core.package_identification:_identify(src/bot_description) by extensions ['ignore', 'ignore_ament_install']
[0.568s] Level 1:colcon.colcon_core.package_identification:_identify(src/bot_description) by extension 'ignore'
[0.568s] Level 1:colcon.colcon_core.package_identification:_identify(src/bot_description) by extension 'ignore_ament_install'
[0.569s] Level 1:colcon.colcon_core.package_identification:_identify(src/bot_description) by extensions ['colcon_pkg']
[0.569s] Level 1:colcon.colcon_core.package_identification:_identify(src/bot_description) by extension 'colcon_pkg'
[0.569s] Level 1:colcon.colcon_core.package_identification:_identify(src/bot_description) by extensions ['colcon_meta']
[0.569s] Level 1:colcon.colcon_core.package_identification:_identify(src/bot_description) by extension 'colcon_meta'
[0.569s] Level 1:colcon.colcon_core.package_identification:_identify(src/bot_description) by extensions ['ros']
[0.569s] Level 1:colcon.colcon_core.package_identification:_identify(src/bot_description) by extension 'ros'
[0.569s] DEBUG:colcon.colcon_core.package_identification:Package 'src/bot_description' with type 'ros.ament_python' and name 'bot_description'
[0.570s] Level 1:colcon.colcon_core.package_identification:_identify(src/bot_world) by extensions ['ignore', 'ignore_ament_install']
[0.570s] Level 1:colcon.colcon_core.package_identification:_identify(src/bot_world) by extension 'ignore'
[0.570s] Level 1:colcon.colcon_core.package_identification:_identify(src/bot_world) by extension 'ignore_ament_install'
[0.570s] Level 1:colcon.colcon_core.package_identification:_identify(src/bot_world) by extensions ['colcon_pkg']
[0.570s] Level 1:colcon.colcon_core.package_identification:_identify(src/bot_world) by extension 'colcon_pkg'
[0.570s] Level 1:colcon.colcon_core.package_identification:_identify(src/bot_world) by extensions ['colcon_meta']
[0.570s] Level 1:colcon.colcon_core.package_identification:_identify(src/bot_world) by extension 'colcon_meta'
[0.570s] Level 1:colcon.colcon_core.package_identification:_identify(src/bot_world) by extensions ['ros']
[0.570s] Level 1:colcon.colcon_core.package_identification:_identify(src/bot_world) by extension 'ros'
[0.570s] DEBUG:colcon.colcon_core.package_identification:Package 'src/bot_world' with type 'ros.ament_python' and name 'bot_world'
[0.570s] Level 1:colcon.colcon_core.package_discovery:discover_packages(recursive) using defaults
[0.570s] Level 1:colcon.colcon_core.package_discovery:discover_packages(ignore) discover
[0.571s] Level 1:colcon.colcon_core.package_discovery:discover_packages(ignore) using defaults
[0.571s] Level 1:colcon.colcon_core.package_discovery:discover_packages(path) discover
[0.571s] Level 1:colcon.colcon_core.package_discovery:discover_packages(path) using defaults
[0.592s] Level 1:colcon.colcon_core.package_discovery:discover_packages(prefix_path) check parameters
[0.592s] Level 1:colcon.colcon_core.package_discovery:discover_packages(prefix_path) discover
[0.595s] DEBUG:colcon.colcon_installed_package_information.package_discovery:Found 3 installed packages in /home/rahul/tirth_ws/install
[0.596s] DEBUG:colcon.colcon_installed_package_information.package_discovery:Found 39 installed packages in /home/rahul/microros_ws/install
[0.598s] DEBUG:colcon.colcon_installed_package_information.package_discovery:Found 297 installed packages in /opt/ros/humble
[0.601s] DEBUG:colcon.colcon_installed_package_information.package_discovery:Found 291 installed packages in /opt/ros/iron
[0.611s] Level 1:colcon.colcon_core.package_discovery:discover_packages(prefix_path) using defaults
[0.683s] Level 5:colcon.colcon_core.verb:set package 'bot_control' build argument 'cmake_args' from command line to 'None'
[0.683s] Level 5:colcon.colcon_core.verb:set package 'bot_control' build argument 'cmake_target' from command line to 'None'
[0.683s] Level 5:colcon.colcon_core.verb:set package 'bot_control' build argument 'cmake_target_skip_unavailable' from command line to 'False'
[0.683s] Level 5:colcon.colcon_core.verb:set package 'bot_control' build argument 'cmake_clean_cache' from command line to 'False'
[0.683s] Level 5:colcon.colcon_core.verb:set package 'bot_control' build argument 'cmake_clean_first' from command line to 'False'
[0.683s] Level 5:colcon.colcon_core.verb:set package 'bot_control' build argument 'cmake_force_configure' from command line to 'False'
[0.683s] Level 5:colcon.colcon_core.verb:set package 'bot_control' build argument 'ament_cmake_args' from command line to 'None'
[0.683s] Level 5:colcon.colcon_core.verb:set package 'bot_control' build argument 'catkin_cmake_args' from command line to 'None'
[0.683s] Level 5:colcon.colcon_core.verb:set package 'bot_control' build argument 'catkin_skip_building_tests' from command line to 'False'
[0.683s] DEBUG:colcon.colcon_core.verb:Building package 'bot_control' with the following arguments: {'ament_cmake_args': None, 'build_base': '/home/rahul/tirth_ws/build/bot_control', 'catkin_cmake_args': None, 'catkin_skip_building_tests': False, 'cmake_args': None, 'cmake_clean_cache': False, 'cmake_clean_first': False, 'cmake_force_configure': False, 'cmake_target': None, 'cmake_target_skip_unavailable': False, 'install_base': '/home/rahul/tirth_ws/install/bot_control', 'merge_install': False, 'path': '/home/rahul/tirth_ws/src/bot_control', 'symlink_install': False, 'test_result_base': None}
[0.683s] Level 5:colcon.colcon_core.verb:set package 'bot_description' build argument 'cmake_args' from command line to 'None'
[0.683s] Level 5:colcon.colcon_core.verb:set package 'bot_description' build argument 'cmake_target' from command line to 'None'
[0.683s] Level 5:colcon.colcon_core.verb:set package 'bot_description' build argument 'cmake_target_skip_unavailable' from command line to 'False'
[0.683s] Level 5:colcon.colcon_core.verb:set package 'bot_description' build argument 'cmake_clean_cache' from command line to 'False'
[0.683s] Level 5:colcon.colcon_core.verb:set package 'bot_description' build argument 'cmake_clean_first' from command line to 'False'
[0.683s] Level 5:colcon.colcon_core.verb:set package 'bot_description' build argument 'cmake_force_configure' from command line to 'False'
[0.683s] Level 5:colcon.colcon_core.verb:set package 'bot_description' build argument 'ament_cmake_args' from command line to 'None'
[0.683s] Level 5:colcon.colcon_core.verb:set package 'bot_description' build argument 'catkin_cmake_args' from command line to 'None'
[0.683s] Level 5:colcon.colcon_core.verb:set package 'bot_description' build argument 'catkin_skip_building_tests' from command line to 'False'
[0.683s] DEBUG:colcon.colcon_core.verb:Building package 'bot_description' with the following arguments: {'ament_cmake_args': None, 'build_base': '/home/rahul/tirth_ws/build/bot_description', 'catkin_cmake_args': None, 'catkin_skip_building_tests': False, 'cmake_args': None, 'cmake_clean_cache': False, 'cmake_clean_first': False, 'cmake_force_configure': False, 'cmake_target': None, 'cmake_target_skip_unavailable': False, 'install_base': '/home/rahul/tirth_ws/install/bot_description', 'merge_install': False, 'path': '/home/rahul/tirth_ws/src/bot_description', 'symlink_install': False, 'test_result_base': None}
[0.684s] Level 5:colcon.colcon_core.verb:set package 'bot_world' build argument 'cmake_args' from command line to 'None'
[0.684s] Level 5:colcon.colcon_core.verb:set package 'bot_world' build argument 'cmake_target' from command line to 'None'
[0.684s] Level 5:colcon.colcon_core.verb:set package 'bot_world' build argument 'cmake_target_skip_unavailable' from command line to 'False'
[0.684s] Level 5:colcon.colcon_core.verb:set package 'bot_world' build argument 'cmake_clean_cache' from command line to 'False'
[0.684s] Level 5:colcon.colcon_core.verb:set package 'bot_world' build argument 'cmake_clean_first' from command line to 'False'
[0.684s] Level 5:colcon.colcon_core.verb:set package 'bot_world' build argument 'cmake_force_configure' from command line to 'False'
[0.684s] Level 5:colcon.colcon_core.verb:set package 'bot_world' build argument 'ament_cmake_args' from command line to 'None'
[0.684s] Level 5:colcon.colcon_core.verb:set package 'bot_world' build argument 'catkin_cmake_args' from command line to 'None'
[0.684s] Level 5:colcon.colcon_core.verb:set package 'bot_world' build argument 'catkin_skip_building_tests' from command line to 'False'
[0.684s] DEBUG:colcon.colcon_core.verb:Building package 'bot_world' with the following arguments: {'ament_cmake_args': None, 'build_base': '/home/rahul/tirth_ws/build/bot_world', 'catkin_cmake_args': None, 'catkin_skip_building_tests': False, 'cmake_args': None, 'cmake_clean_cache': False, 'cmake_clean_first': False, 'cmake_force_configure': False, 'cmake_target': None, 'cmake_target_skip_unavailable': False, 'install_base': '/home/rahul/tirth_ws/install/bot_world', 'merge_install': False, 'path': '/home/rahul/tirth_ws/src/bot_world', 'symlink_install': False, 'test_result_base': None}
[0.684s] INFO:colcon.colcon_core.executor:Executing jobs using 'parallel' executor
[0.685s] DEBUG:colcon.colcon_parallel_executor.executor.parallel:run_until_complete
[0.685s] INFO:colcon.colcon_ros.task.ament_python.build:Building ROS package in '/home/rahul/tirth_ws/src/bot_control' with build type 'ament_python'
[0.685s] Level 1:colcon.colcon_core.shell:create_environment_hook('bot_control', 'ament_prefix_path')
[0.692s] INFO:colcon.colcon_core.plugin_system:Skipping extension 'colcon_core.shell.bat': Not used on non-Windows systems
[0.693s] INFO:colcon.colcon_core.shell:Creating environment hook '/home/rahul/tirth_ws/install/bot_control/share/bot_control/hook/ament_prefix_path.ps1'
[0.694s] INFO:colcon.colcon_core.shell:Creating environment descriptor '/home/rahul/tirth_ws/install/bot_control/share/bot_control/hook/ament_prefix_path.dsv'
[0.696s] INFO:colcon.colcon_core.shell:Creating environment hook '/home/rahul/tirth_ws/install/bot_control/share/bot_control/hook/ament_prefix_path.sh'
[0.697s] INFO:colcon.colcon_core.shell:Skip shell extension 'powershell' for command environment: Not usable outside of PowerShell
[0.697s] DEBUG:colcon.colcon_core.shell:Skip shell extension 'dsv' for command environment
[0.703s] DEBUG:colcon.colcon_core.shell:Ignoring prefix path '/home/rahul/catkin_ws/devel'
[0.703s] DEBUG:colcon.colcon_core.shell:Ignoring prefix path '/opt/ros/noetic'
[0.707s] INFO:colcon.colcon_ros.task.ament_python.build:Building ROS package in '/home/rahul/tirth_ws/src/bot_description' with build type 'ament_python'
[0.707s] Level 1:colcon.colcon_core.shell:create_environment_hook('bot_description', 'ament_prefix_path')
[0.707s] INFO:colcon.colcon_core.shell:Creating environment hook '/home/rahul/tirth_ws/install/bot_description/share/bot_description/hook/ament_prefix_path.ps1'
[0.708s] INFO:colcon.colcon_core.shell:Creating environment descriptor '/home/rahul/tirth_ws/install/bot_description/share/bot_description/hook/ament_prefix_path.dsv'
[0.709s] INFO:colcon.colcon_core.shell:Creating environment hook '/home/rahul/tirth_ws/install/bot_description/share/bot_description/hook/ament_prefix_path.sh'
[0.710s] INFO:colcon.colcon_core.shell:Skip shell extension 'powershell' for command environment: Not usable outside of PowerShell
[0.710s] DEBUG:colcon.colcon_core.shell:Skip shell extension 'dsv' for command environment
[0.716s] DEBUG:colcon.colcon_core.shell:Ignoring prefix path '/home/rahul/catkin_ws/devel'
[0.717s] DEBUG:colcon.colcon_core.shell:Ignoring prefix path '/opt/ros/noetic'
[0.718s] INFO:colcon.colcon_ros.task.ament_python.build:Building ROS package in '/home/rahul/tirth_ws/src/bot_world' with build type 'ament_python'
[0.718s] Level 1:colcon.colcon_core.shell:create_environment_hook('bot_world', 'ament_prefix_path')
[0.718s] INFO:colcon.colcon_core.shell:Creating environment hook '/home/rahul/tirth_ws/install/bot_world/share/bot_world/hook/ament_prefix_path.ps1'
[0.719s] INFO:colcon.colcon_core.shell:Creating environment descriptor '/home/rahul/tirth_ws/install/bot_world/share/bot_world/hook/ament_prefix_path.dsv'
[0.720s] INFO:colcon.colcon_core.shell:Creating environment hook '/home/rahul/tirth_ws/install/bot_world/share/bot_world/hook/ament_prefix_path.sh'
[0.720s] INFO:colcon.colcon_core.shell:Skip shell extension 'powershell' for command environment: Not usable outside of PowerShell
[0.721s] DEBUG:colcon.colcon_core.shell:Skip shell extension 'dsv' for command environment
[0.727s] DEBUG:colcon.colcon_core.shell:Ignoring prefix path '/home/rahul/catkin_ws/devel'
[0.727s] DEBUG:colcon.colcon_core.shell:Ignoring prefix path '/opt/ros/noetic'
[1.106s] INFO:colcon.colcon_core.task.python.build:Building Python package in '/home/rahul/tirth_ws/src/bot_control'
[1.107s] INFO:colcon.colcon_core.shell:Skip shell extension 'powershell' for command environment: Not usable outside of PowerShell
[1.107s] DEBUG:colcon.colcon_core.shell:Skip shell extension 'dsv' for command environment
[1.115s] DEBUG:colcon.colcon_core.shell:Ignoring prefix path '/home/rahul/catkin_ws/devel'
[1.115s] DEBUG:colcon.colcon_core.shell:Ignoring prefix path '/opt/ros/noetic'
[1.473s] INFO:colcon.colcon_core.task.python.build:Building Python package in '/home/rahul/tirth_ws/src/bot_description'
[1.474s] INFO:colcon.colcon_core.shell:Skip shell extension 'powershell' for command environment: Not usable outside of PowerShell
[1.474s] DEBUG:colcon.colcon_core.shell:Skip shell extension 'dsv' for command environment
[1.480s] DEBUG:colcon.colcon_core.shell:Ignoring prefix path '/home/rahul/catkin_ws/devel'
[1.480s] DEBUG:colcon.colcon_core.shell:Ignoring prefix path '/opt/ros/noetic'
[1.836s] INFO:colcon.colcon_core.task.python.build:Building Python package in '/home/rahul/tirth_ws/src/bot_world'
[1.837s] INFO:colcon.colcon_core.shell:Skip shell extension 'powershell' for command environment: Not usable outside of PowerShell
[1.837s] DEBUG:colcon.colcon_core.shell:Skip shell extension 'dsv' for command environment
[1.848s] DEBUG:colcon.colcon_core.shell:Ignoring prefix path '/home/rahul/catkin_ws/devel'
[1.848s] DEBUG:colcon.colcon_core.shell:Ignoring prefix path '/opt/ros/noetic'
[2.483s] DEBUG:colcon.colcon_core.event_handler.log_command:Invoking command in '/home/rahul/tirth_ws/src/bot_description': PYTHONPATH=/home/rahul/tirth_ws/build/bot_description/prefix_override:/usr/lib/python3/dist-packages/colcon_core/task/python/colcon_distutils_commands:/home/rahul/tirth_ws/install/bot_description/lib/python3.10/site-packages:${PYTHONPATH} /usr/bin/python3 -W ignore:setup.py install is deprecated -W ignore:easy_install command is deprecated setup.py egg_info --egg-base ../../build/bot_description build --build-base /home/rahul/tirth_ws/build/bot_description/build install --record /home/rahul/tirth_ws/build/bot_description/install.log --single-version-externally-managed install_data
[2.497s] DEBUG:colcon.colcon_core.event_handler.log_command:Invoking command in '/home/rahul/tirth_ws/src/bot_control': PYTHONPATH=/home/rahul/tirth_ws/build/bot_control/prefix_override:/usr/lib/python3/dist-packages/colcon_core/task/python/colcon_distutils_commands:/home/rahul/tirth_ws/install/bot_control/lib/python3.10/site-packages:${PYTHONPATH} /usr/bin/python3 -W ignore:setup.py install is deprecated -W ignore:easy_install command is deprecated setup.py egg_info --egg-base ../../build/bot_control build --build-base /home/rahul/tirth_ws/build/bot_control/build install --record /home/rahul/tirth_ws/build/bot_control/install.log --single-version-externally-managed install_data
[2.499s] DEBUG:colcon.colcon_core.event_handler.log_command:Invoking command in '/home/rahul/tirth_ws/src/bot_world': PYTHONPATH=/home/rahul/tirth_ws/build/bot_world/prefix_override:/usr/lib/python3/dist-packages/colcon_core/task/python/colcon_distutils_commands:/home/rahul/tirth_ws/install/bot_world/lib/python3.10/site-packages:${PYTHONPATH} /usr/bin/python3 -W ignore:setup.py install is deprecated -W ignore:easy_install command is deprecated setup.py egg_info --egg-base ../../build/bot_world build --build-base /home/rahul/tirth_ws/build/bot_world/build install --record /home/rahul/tirth_ws/build/bot_world/install.log --single-version-externally-managed install_data
[2.922s] DEBUG:colcon.colcon_core.event_handler.log_command:Invoked command in '/home/rahul/tirth_ws/src/bot_control' returned '0': PYTHONPATH=/home/rahul/tirth_ws/build/bot_control/prefix_override:/usr/lib/python3/dist-packages/colcon_core/task/python/colcon_distutils_commands:/home/rahul/tirth_ws/install/bot_control/lib/python3.10/site-packages:${PYTHONPATH} /usr/bin/python3 -W ignore:setup.py install is deprecated -W ignore:easy_install command is deprecated setup.py egg_info --egg-base ../../build/bot_control build --build-base /home/rahul/tirth_ws/build/bot_control/build install --record /home/rahul/tirth_ws/build/bot_control/install.log --single-version-externally-managed install_data
[2.928s] Level 1:colcon.colcon_core.environment:checking '/home/rahul/tirth_ws/install/bot_control' for CMake module files
[2.928s] Level 1:colcon.colcon_core.environment:checking '/home/rahul/tirth_ws/install/bot_control' for CMake config files
[2.929s] Level 1:colcon.colcon_core.environment:checking '/home/rahul/tirth_ws/install/bot_control/lib'
[2.929s] Level 1:colcon.colcon_core.environment:checking '/home/rahul/tirth_ws/install/bot_control/bin'
[2.929s] Level 1:colcon.colcon_core.environment:checking '/home/rahul/tirth_ws/install/bot_control/lib/pkgconfig/bot_control.pc'
[2.930s] Level 1:colcon.colcon_core.environment:checking '/home/rahul/tirth_ws/install/bot_control/lib/python3.10/site-packages'
[2.930s] Level 1:colcon.colcon_core.shell:create_environment_hook('bot_control', 'pythonpath')
[2.930s] INFO:colcon.colcon_core.shell:Creating environment hook '/home/rahul/tirth_ws/install/bot_control/share/bot_control/hook/pythonpath.ps1'
[2.931s] INFO:colcon.colcon_core.shell:Creating environment descriptor '/home/rahul/tirth_ws/install/bot_control/share/bot_control/hook/pythonpath.dsv'
[2.931s] INFO:colcon.colcon_core.shell:Creating environment hook '/home/rahul/tirth_ws/install/bot_control/share/bot_control/hook/pythonpath.sh'
[2.931s] Level 1:colcon.colcon_core.environment:checking '/home/rahul/tirth_ws/install/bot_control/bin'
[2.932s] Level 1:colcon.colcon_core.environment:create_environment_scripts_only(bot_control)
[2.932s] INFO:colcon.colcon_core.shell:Creating package script '/home/rahul/tirth_ws/install/bot_control/share/bot_control/package.ps1'
[2.934s] INFO:colcon.colcon_core.shell:Creating package descriptor '/home/rahul/tirth_ws/install/bot_control/share/bot_control/package.dsv'
[2.935s] INFO:colcon.colcon_core.shell:Creating package script '/home/rahul/tirth_ws/install/bot_control/share/bot_control/package.sh'
[2.936s] INFO:colcon.colcon_core.shell:Creating package script '/home/rahul/tirth_ws/install/bot_control/share/bot_control/package.bash'
[2.937s] INFO:colcon.colcon_core.shell:Creating package script '/home/rahul/tirth_ws/install/bot_control/share/bot_control/package.zsh'
[2.938s] Level 1:colcon.colcon_core.environment:create_file_with_runtime_dependencies(/home/rahul/tirth_ws/install/bot_control/share/colcon-core/packages/bot_control)
[2.942s] Level 1:colcon.colcon_core.environment:checking '/home/rahul/tirth_ws/install/bot_world' for CMake module files
[2.943s] DEBUG:colcon.colcon_core.event_handler.log_command:Invoked command in '/home/rahul/tirth_ws/src/bot_world' returned '0': PYTHONPATH=/home/rahul/tirth_ws/build/bot_world/prefix_override:/usr/lib/python3/dist-packages/colcon_core/task/python/colcon_distutils_commands:/home/rahul/tirth_ws/install/bot_world/lib/python3.10/site-packages:${PYTHONPATH} /usr/bin/python3 -W ignore:setup.py install is deprecated -W ignore:easy_install command is deprecated setup.py egg_info --egg-base ../../build/bot_world build --build-base /home/rahul/tirth_ws/build/bot_world/build install --record /home/rahul/tirth_ws/build/bot_world/install.log --single-version-externally-managed install_data
[2.944s] Level 1:colcon.colcon_core.environment:checking '/home/rahul/tirth_ws/install/bot_world' for CMake config files
[2.945s] Level 1:colcon.colcon_core.environment:checking '/home/rahul/tirth_ws/install/bot_world/lib'
[2.945s] Level 1:colcon.colcon_core.environment:checking '/home/rahul/tirth_ws/install/bot_world/bin'
[2.945s] Level 1:colcon.colcon_core.environment:checking '/home/rahul/tirth_ws/install/bot_world/lib/pkgconfig/bot_world.pc'
[2.945s] Level 1:colcon.colcon_core.environment:checking '/home/rahul/tirth_ws/install/bot_world/lib/python3.10/site-packages'
[2.945s] Level 1:colcon.colcon_core.shell:create_environment_hook('bot_world', 'pythonpath')
[2.946s] INFO:colcon.colcon_core.shell:Creating environment hook '/home/rahul/tirth_ws/install/bot_world/share/bot_world/hook/pythonpath.ps1'
[2.946s] INFO:colcon.colcon_core.shell:Creating environment descriptor '/home/rahul/tirth_ws/install/bot_world/share/bot_world/hook/pythonpath.dsv'
[2.946s] INFO:colcon.colcon_core.shell:Creating environment hook '/home/rahul/tirth_ws/install/bot_world/share/bot_world/hook/pythonpath.sh'
[2.947s] Level 1:colcon.colcon_core.environment:checking '/home/rahul/tirth_ws/install/bot_world/bin'
[2.947s] Level 1:colcon.colcon_core.environment:create_environment_scripts_only(bot_world)
[2.947s] INFO:colcon.colcon_core.shell:Creating package script '/home/rahul/tirth_ws/install/bot_world/share/bot_world/package.ps1'
[2.948s] INFO:colcon.colcon_core.shell:Creating package descriptor '/home/rahul/tirth_ws/install/bot_world/share/bot_world/package.dsv'
[2.949s] INFO:colcon.colcon_core.shell:Creating package script '/home/rahul/tirth_ws/install/bot_world/share/bot_world/package.sh'
[2.949s] INFO:colcon.colcon_core.shell:Creating package script '/home/rahul/tirth_ws/install/bot_world/share/bot_world/package.bash'
[2.950s] INFO:colcon.colcon_core.shell:Creating package script '/home/rahul/tirth_ws/install/bot_world/share/bot_world/package.zsh'
[2.950s] Level 1:colcon.colcon_core.environment:create_file_with_runtime_dependencies(/home/rahul/tirth_ws/install/bot_world/share/colcon-core/packages/bot_world)
[2.959s] Level 1:colcon.colcon_core.environment:checking '/home/rahul/tirth_ws/install/bot_description' for CMake module files
[2.959s] DEBUG:colcon.colcon_core.event_handler.log_command:Invoked command in '/home/rahul/tirth_ws/src/bot_description' returned '0': PYTHONPATH=/home/rahul/tirth_ws/build/bot_description/prefix_override:/usr/lib/python3/dist-packages/colcon_core/task/python/colcon_distutils_commands:/home/rahul/tirth_ws/install/bot_description/lib/python3.10/site-packages:${PYTHONPATH} /usr/bin/python3 -W ignore:setup.py install is deprecated -W ignore:easy_install command is deprecated setup.py egg_info --egg-base ../../build/bot_description build --build-base /home/rahul/tirth_ws/build/bot_description/build install --record /home/rahul/tirth_ws/build/bot_description/install.log --single-version-externally-managed install_data
[2.960s] Level 1:colcon.colcon_core.environment:checking '/home/rahul/tirth_ws/install/bot_description' for CMake config files
[2.961s] Level 1:colcon.colcon_core.environment:checking '/home/rahul/tirth_ws/install/bot_description/lib'
[2.961s] Level 1:colcon.colcon_core.environment:checking '/home/rahul/tirth_ws/install/bot_description/bin'
[2.961s] Level 1:colcon.colcon_core.environment:checking '/home/rahul/tirth_ws/install/bot_description/lib/pkgconfig/bot_description.pc'
[2.961s] Level 1:colcon.colcon_core.environment:checking '/home/rahul/tirth_ws/install/bot_description/lib/python3.10/site-packages'
[2.961s] Level 1:colcon.colcon_core.shell:create_environment_hook('bot_description', 'pythonpath')
[2.962s] INFO:colcon.colcon_core.shell:Creating environment hook '/home/rahul/tirth_ws/install/bot_description/share/bot_description/hook/pythonpath.ps1'
[2.962s] INFO:colcon.colcon_core.shell:Creating environment descriptor '/home/rahul/tirth_ws/install/bot_description/share/bot_description/hook/pythonpath.dsv'
[2.962s] INFO:colcon.colcon_core.shell:Creating environment hook '/home/rahul/tirth_ws/install/bot_description/share/bot_description/hook/pythonpath.sh'
[2.963s] Level 1:colcon.colcon_core.environment:checking '/home/rahul/tirth_ws/install/bot_description/bin'
[2.963s] Level 1:colcon.colcon_core.environment:create_environment_scripts_only(bot_description)
[2.964s] INFO:colcon.colcon_core.shell:Creating package script '/home/rahul/tirth_ws/install/bot_description/share/bot_description/package.ps1'
[2.964s] INFO:colcon.colcon_core.shell:Creating package descriptor '/home/rahul/tirth_ws/install/bot_description/share/bot_description/package.dsv'
[2.965s] INFO:colcon.colcon_core.shell:Creating package script '/home/rahul/tirth_ws/install/bot_description/share/bot_description/package.sh'
[2.965s] INFO:colcon.colcon_core.shell:Creating package script '/home/rahul/tirth_ws/install/bot_description/share/bot_description/package.bash'
[2.965s] INFO:colcon.colcon_core.shell:Creating package script '/home/rahul/tirth_ws/install/bot_description/share/bot_description/package.zsh'
[2.966s] Level 1:colcon.colcon_core.environment:create_file_with_runtime_dependencies(/home/rahul/tirth_ws/install/bot_description/share/colcon-core/packages/bot_description)
[2.966s] DEBUG:colcon.colcon_parallel_executor.executor.parallel:closing loop
[2.966s] DEBUG:colcon.colcon_parallel_executor.executor.parallel:loop closed
[2.966s] DEBUG:colcon.colcon_parallel_executor.executor.parallel:run_until_complete finished with '0'
[2.967s] DEBUG:colcon.colcon_core.event_reactor:joining thread
[2.978s] INFO:colcon.colcon_core.plugin_system:Skipping extension 'colcon_notification.desktop_notification.terminal_notifier': Not used on non-Darwin systems
[2.979s] INFO:colcon.colcon_core.plugin_system:Skipping extension 'colcon_notification.desktop_notification.win32': Not used on non-Windows systems
[2.979s] INFO:colcon.colcon_notification.desktop_notification:Sending desktop notification using 'notify2'
[3.001s] DEBUG:colcon.colcon_core.event_reactor:joined thread
[3.002s] INFO:colcon.colcon_core.shell:Creating prefix script '/home/rahul/tirth_ws/install/local_setup.ps1'
[3.003s] INFO:colcon.colcon_core.shell:Creating prefix util module '/home/rahul/tirth_ws/install/_local_setup_util_ps1.py'
[3.005s] INFO:colcon.colcon_core.shell:Creating prefix chain script '/home/rahul/tirth_ws/install/setup.ps1'
[3.008s] INFO:colcon.colcon_core.shell:Creating prefix script '/home/rahul/tirth_ws/install/local_setup.sh'
[3.009s] INFO:colcon.colcon_core.shell:Creating prefix util module '/home/rahul/tirth_ws/install/_local_setup_util_sh.py'
[3.010s] INFO:colcon.colcon_core.shell:Creating prefix chain script '/home/rahul/tirth_ws/install/setup.sh'
[3.013s] INFO:colcon.colcon_core.shell:Creating prefix script '/home/rahul/tirth_ws/install/local_setup.bash'
[3.014s] INFO:colcon.colcon_core.shell:Creating prefix chain script '/home/rahul/tirth_ws/install/setup.bash'
[3.018s] INFO:colcon.colcon_core.shell:Creating prefix script '/home/rahul/tirth_ws/install/local_setup.zsh'
[3.018s] INFO:colcon.colcon_core.shell:Creating prefix chain script '/home/rahul/tirth_ws/install/setup.zsh'
