[1.759s] Invoking command in '/home/rahul/rahulrajak_ws/src/bot_world': PYTHONPATH=/home/rahul/rahulrajak_ws/build/bot_world/prefix_override:/usr/lib/python3/dist-packages/colcon_core/task/python/colcon_distutils_commands:/home/rahul/rahulrajak_ws/install/bot_world/lib/python3.10/site-packages:${PYTHONPATH} /usr/bin/python3 -W ignore:setup.py install is deprecated -W ignore:easy_install command is deprecated setup.py egg_info --egg-base ../../build/bot_world build --build-base /home/rahul/rahulrajak_ws/build/bot_world/build install --record /home/rahul/rahulrajak_ws/build/bot_world/install.log --single-version-externally-managed install_data
[2.149s] running egg_info
[2.150s] writing ../../build/bot_world/bot_world.egg-info/PKG-INFO
[2.152s] writing dependency_links to ../../build/bot_world/bot_world.egg-info/dependency_links.txt
[2.152s] writing entry points to ../../build/bot_world/bot_world.egg-info/entry_points.txt
[2.153s] writing requirements to ../../build/bot_world/bot_world.egg-info/requires.txt
[2.154s] writing top-level names to ../../build/bot_world/bot_world.egg-info/top_level.txt
[2.155s] reading manifest file '../../build/bot_world/bot_world.egg-info/SOURCES.txt'
[2.155s] adding license file 'LICENSE'
[2.156s] writing manifest file '../../build/bot_world/bot_world.egg-info/SOURCES.txt'
[2.157s] running build
[2.157s] running build_py
[2.157s] running install
[2.158s] running install_lib
[2.160s] running install_data
[2.161s] copying world/bot.world -> /home/rahul/rahulrajak_ws/install/bot_world/share/bot_world/world
[2.162s] running install_egg_info
[2.165s] removing '/home/rahul/rahulrajak_ws/install/bot_world/lib/python3.10/site-packages/bot_world-0.0.0-py3.10.egg-info' (and everything under it)
[2.165s] Copying ../../build/bot_world/bot_world.egg-info to /home/rahul/rahulrajak_ws/install/bot_world/lib/python3.10/site-packages/bot_world-0.0.0-py3.10.egg-info
[2.166s] running install_scripts
[2.194s] writing list of installed files to '/home/rahul/rahulrajak_ws/build/bot_world/install.log'
[2.258s] Invoked command in '/home/rahul/rahulrajak_ws/src/bot_world' returned '0': PYTHONPATH=/home/rahul/rahulrajak_ws/build/bot_world/prefix_override:/usr/lib/python3/dist-packages/colcon_core/task/python/colcon_distutils_commands:/home/rahul/rahulrajak_ws/install/bot_world/lib/python3.10/site-packages:${PYTHONPATH} /usr/bin/python3 -W ignore:setup.py install is deprecated -W ignore:easy_install command is deprecated setup.py egg_info --egg-base ../../build/bot_world build --build-base /home/rahul/rahulrajak_ws/build/bot_world/build install --record /home/rahul/rahulrajak_ws/build/bot_world/install.log --single-version-externally-managed install_data
