running develop
running egg_info
writing bot_world.egg-info/PKG-INFO
writing dependency_links to bot_world.egg-info/dependency_links.txt
writing entry points to bot_world.egg-info/entry_points.txt
writing requirements to bot_world.egg-info/requires.txt
writing top-level names to bot_world.egg-info/top_level.txt
reading manifest file 'bot_world.egg-info/SOURCES.txt'
writing manifest file 'bot_world.egg-info/SOURCES.txt'
running build_ext
Creating /home/rahul/tirth_ws/install/bot_world/lib/python3.10/site-packages/bot-world.egg-link (link to .)

Installed /home/rahul/tirth_ws/build/bot_world
running symlink_data
symbolically linking /home/rahul/tirth_ws/build/bot_world/resource/bot_world -> /home/rahul/tirth_ws/install/bot_world/share/ament_index/resource_index/packages
symbolically linking /home/rahul/tirth_ws/build/bot_world/package.xml -> /home/rahul/tirth_ws/install/bot_world/share/bot_world
symbolically linking /home/rahul/tirth_ws/build/bot_world/launch/world.launch.py -> /home/rahul/tirth_ws/install/bot_world/share/bot_world/launch
symbolically linking /home/rahul/tirth_ws/build/bot_world/world/bot.world -> /home/rahul/tirth_ws/install/bot_world/share/bot_world/world
symbolically linking /home/rahul/tirth_ws/build/bot_world/meshes/wheel.mtl -> /home/rahul/tirth_ws/install/bot_world/share/bot_world/meshes
symbolically linking /home/rahul/tirth_ws/build/bot_world/meshes/center.mtl -> /home/rahul/tirth_ws/install/bot_world/share/bot_world/meshes
symbolically linking /home/rahul/tirth_ws/build/bot_world/meshes/front_caster.dae -> /home/rahul/tirth_ws/install/bot_world/share/bot_world/meshes
symbolically linking /home/rahul/tirth_ws/build/bot_world/meshes/center.obj -> /home/rahul/tirth_ws/install/bot_world/share/bot_world/meshes
symbolically linking /home/rahul/tirth_ws/build/bot_world/meshes/wheel.obj -> /home/rahul/tirth_ws/install/bot_world/share/bot_world/meshes
symbolically linking /home/rahul/tirth_ws/build/bot_world/meshes/base_link.dae -> /home/rahul/tirth_ws/install/bot_world/share/bot_world/meshes
symbolically linking /home/rahul/tirth_ws/build/bot_world/meshes/front_caster.obj -> /home/rahul/tirth_ws/install/bot_world/share/bot_world/meshes
symbolically linking /home/rahul/tirth_ws/build/bot_world/meshes/wheel_r.dae -> /home/rahul/tirth_ws/install/bot_world/share/bot_world/meshes
symbolically linking /home/rahul/tirth_ws/build/bot_world/meshes/base_link.stl -> /home/rahul/tirth_ws/install/bot_world/share/bot_world/meshes
symbolically linking /home/rahul/tirth_ws/build/bot_world/meshes/front_caster.mtl -> /home/rahul/tirth_ws/install/bot_world/share/bot_world/meshes
symbolically linking /home/rahul/tirth_ws/build/bot_world/meshes/wheel_l.dae -> /home/rahul/tirth_ws/install/bot_world/share/bot_world/meshes
symbolically linking /home/rahul/tirth_ws/build/bot_world/meshes/front_caster.stl -> /home/rahul/tirth_ws/install/bot_world/share/bot_world/meshes
symbolically linking /home/rahul/tirth_ws/build/bot_world/meshes/wheel_r.stl -> /home/rahul/tirth_ws/install/bot_world/share/bot_world/meshes
symbolically linking /home/rahul/tirth_ws/build/bot_world/meshes/wheel_l.stl -> /home/rahul/tirth_ws/install/bot_world/share/bot_world/meshes
symbolically linking /home/rahul/tirth_ws/build/bot_world/urdf/bot.urdf -> /home/rahul/tirth_ws/install/bot_world/share/bot_world/urdf
symbolically linking /home/rahul/tirth_ws/build/bot_world/urdf/bot2.urdf -> /home/rahul/tirth_ws/install/bot_world/share/bot_world/urdf
