[0.294s] DEBUG:colcon:Command line arguments: ['/usr/bin/colcon', 'build']
[0.294s] DEBUG:colcon:Parsed command line arguments: Namespace(log_base=None, log_level=None, verb_name='build', build_base='build', install_base='install', merge_install=False, symlink_install=False, test_result_base=None, continue_on_error=False, executor='parallel', parallel_workers=12, event_handlers=None, ignore_user_meta=False, metas=['./colcon.meta'], base_paths=['.'], packages_ignore=None, packages_ignore_regex=None, paths=None, packages_up_to=None, packages_up_to_regex=None, packages_above=None, packages_above_and_dependencies=None, packages_above_depth=None, packages_select_by_dep=None, packages_skip_by_dep=None, packages_skip_up_to=None, packages_select_build_failed=False, packages_skip_build_finished=False, packages_select_test_failures=False, packages_skip_test_passed=False, packages_select=None, packages_skip=None, packages_select_regex=None, packages_skip_regex=None, packages_start=None, packages_end=None, allow_overriding=[], cmake_args=None, cmake_target=None, cmake_target_skip_unavailable=False, cmake_clean_cache=False, cmake_clean_first=False, cmake_force_configure=False, ament_cmake_args=None, catkin_cmake_args=None, catkin_skip_building_tests=False, mixin_files=None, mixin=None, verb_parser=<colcon_mixin.mixin.mixin_argument.MixinArgumentDecorator object at 0x7efcc7bcad40>, verb_extension=<colcon_core.verb.build.BuildVerb object at 0x7efcc7b842e0>, main=<bound method BuildVerb.main of <colcon_core.verb.build.BuildVerb object at 0x7efcc7b842e0>>, mixin_verb=('build',))
[0.734s] Level 1:colcon.colcon_core.package_discovery:discover_packages(colcon_meta) check parameters
[0.734s] Level 1:colcon.colcon_core.package_discovery:discover_packages(recursive) check parameters
[0.734s] Level 1:colcon.colcon_core.package_discovery:discover_packages(ignore) check parameters
[0.734s] Level 1:colcon.colcon_core.package_discovery:discover_packages(path) check parameters
[0.734s] Level 1:colcon.colcon_core.package_discovery:discover_packages(colcon_meta) discover
[0.734s] Level 1:colcon.colcon_core.package_discovery:discover_packages(recursive) discover
[0.734s] INFO:colcon.colcon_core.package_discovery:Crawling recursively for packages in '/home/rahul/tirth_ws'
[0.734s] Level 1:colcon.colcon_core.package_identification:_identify(.) by extensions ['ignore', 'ignore_ament_install']
[0.734s] Level 1:colcon.colcon_core.package_identification:_identify(.) by extension 'ignore'
[0.734s] Level 1:colcon.colcon_core.package_identification:_identify(.) by extension 'ignore_ament_install'
[0.735s] Level 1:colcon.colcon_core.package_identification:_identify(.) by extensions ['colcon_pkg']
[0.735s] Level 1:colcon.colcon_core.package_identification:_identify(.) by extension 'colcon_pkg'
[0.735s] Level 1:colcon.colcon_core.package_identification:_identify(.) by extensions ['colcon_meta']
[0.735s] Level 1:colcon.colcon_core.package_identification:_identify(.) by extension 'colcon_meta'
[0.735s] Level 1:colcon.colcon_core.package_identification:_identify(.) by extensions ['ros']
[0.735s] Level 1:colcon.colcon_core.package_identification:_identify(.) by extension 'ros'
[0.784s] Level 1:colcon.colcon_core.package_identification:_identify(.) by extensions ['cmake', 'python']
[0.784s] Level 1:colcon.colcon_core.package_identification:_identify(.) by extension 'cmake'
[0.784s] Level 1:colcon.colcon_core.package_identification:_identify(.) by extension 'python'
[0.784s] Level 1:colcon.colcon_core.package_identification:_identify(.) by extensions ['python_setup_py']
[0.784s] Level 1:colcon.colcon_core.package_identification:_identify(.) by extension 'python_setup_py'
[0.785s] Level 1:colcon.colcon_core.package_identification:_identify(build) by extensions ['ignore', 'ignore_ament_install']
[0.785s] Level 1:colcon.colcon_core.package_identification:_identify(build) by extension 'ignore'
[0.785s] Level 1:colcon.colcon_core.package_identification:_identify(build) ignored
[0.785s] Level 1:colcon.colcon_core.package_identification:_identify(install) by extensions ['ignore', 'ignore_ament_install']
[0.785s] Level 1:colcon.colcon_core.package_identification:_identify(install) by extension 'ignore'
[0.785s] Level 1:colcon.colcon_core.package_identification:_identify(install) ignored
[0.786s] Level 1:colcon.colcon_core.package_identification:_identify(log) by extensions ['ignore', 'ignore_ament_install']
[0.786s] Level 1:colcon.colcon_core.package_identification:_identify(log) by extension 'ignore'
[0.786s] Level 1:colcon.colcon_core.package_identification:_identify(log) ignored
[0.786s] Level 1:colcon.colcon_core.package_identification:_identify(src) by extensions ['ignore', 'ignore_ament_install']
[0.786s] Level 1:colcon.colcon_core.package_identification:_identify(src) by extension 'ignore'
[0.786s] Level 1:colcon.colcon_core.package_identification:_identify(src) by extension 'ignore_ament_install'
[0.786s] Level 1:colcon.colcon_core.package_identification:_identify(src) by extensions ['colcon_pkg']
[0.786s] Level 1:colcon.colcon_core.package_identification:_identify(src) by extension 'colcon_pkg'
[0.786s] Level 1:colcon.colcon_core.package_identification:_identify(src) by extensions ['colcon_meta']
[0.786s] Level 1:colcon.colcon_core.package_identification:_identify(src) by extension 'colcon_meta'
[0.786s] Level 1:colcon.colcon_core.package_identification:_identify(src) by extensions ['ros']
[0.786s] Level 1:colcon.colcon_core.package_identification:_identify(src) by extension 'ros'
[0.786s] Level 1:colcon.colcon_core.package_identification:_identify(src) by extensions ['cmake', 'python']
[0.786s] Level 1:colcon.colcon_core.package_identification:_identify(src) by extension 'cmake'
[0.786s] Level 1:colcon.colcon_core.package_identification:_identify(src) by extension 'python'
[0.786s] Level 1:colcon.colcon_core.package_identification:_identify(src) by extensions ['python_setup_py']
[0.786s] Level 1:colcon.colcon_core.package_identification:_identify(src) by extension 'python_setup_py'
[0.786s] Level 1:colcon.colcon_core.package_identification:_identify(src/bot_control) by extensions ['ignore', 'ignore_ament_install']
[0.786s] Level 1:colcon.colcon_core.package_identification:_identify(src/bot_control) by extension 'ignore'
[0.787s] Level 1:colcon.colcon_core.package_identification:_identify(src/bot_control) by extension 'ignore_ament_install'
[0.787s] Level 1:colcon.colcon_core.package_identification:_identify(src/bot_control) by extensions ['colcon_pkg']
[0.787s] Level 1:colcon.colcon_core.package_identification:_identify(src/bot_control) by extension 'colcon_pkg'
[0.787s] Level 1:colcon.colcon_core.package_identification:_identify(src/bot_control) by extensions ['colcon_meta']
[0.787s] Level 1:colcon.colcon_core.package_identification:_identify(src/bot_control) by extension 'colcon_meta'
[0.787s] Level 1:colcon.colcon_core.package_identification:_identify(src/bot_control) by extensions ['ros']
[0.787s] Level 1:colcon.colcon_core.package_identification:_identify(src/bot_control) by extension 'ros'
[0.791s] DEBUG:colcon.colcon_core.package_identification:Package 'src/bot_control' with type 'ros.ament_python' and name 'bot_control'
[0.791s] Level 1:colcon.colcon_core.package_identification:_identify(src/bot_description) by extensions ['ignore', 'ignore_ament_install']
[0.792s] Level 1:colcon.colcon_core.package_identification:_identify(src/bot_description) by extension 'ignore'
[0.792s] Level 1:colcon.colcon_core.package_identification:_identify(src/bot_description) by extension 'ignore_ament_install'
[0.792s] Level 1:colcon.colcon_core.package_identification:_identify(src/bot_description) by extensions ['colcon_pkg']
[0.792s] Level 1:colcon.colcon_core.package_identification:_identify(src/bot_description) by extension 'colcon_pkg'
[0.792s] Level 1:colcon.colcon_core.package_identification:_identify(src/bot_description) by extensions ['colcon_meta']
[0.792s] Level 1:colcon.colcon_core.package_identification:_identify(src/bot_description) by extension 'colcon_meta'
[0.792s] Level 1:colcon.colcon_core.package_identification:_identify(src/bot_description) by extensions ['ros']
[0.792s] Level 1:colcon.colcon_core.package_identification:_identify(src/bot_description) by extension 'ros'
[0.793s] DEBUG:colcon.colcon_core.package_identification:Package 'src/bot_description' with type 'ros.ament_python' and name 'bot_description'
[0.793s] Level 1:colcon.colcon_core.package_identification:_identify(src/bot_world) by extensions ['ignore', 'ignore_ament_install']
[0.793s] Level 1:colcon.colcon_core.package_identification:_identify(src/bot_world) by extension 'ignore'
[0.793s] Level 1:colcon.colcon_core.package_identification:_identify(src/bot_world) by extension 'ignore_ament_install'
[0.793s] Level 1:colcon.colcon_core.package_identification:_identify(src/bot_world) by extensions ['colcon_pkg']
[0.793s] Level 1:colcon.colcon_core.package_identification:_identify(src/bot_world) by extension 'colcon_pkg'
[0.793s] Level 1:colcon.colcon_core.package_identification:_identify(src/bot_world) by extensions ['colcon_meta']
[0.794s] Level 1:colcon.colcon_core.package_identification:_identify(src/bot_world) by extension 'colcon_meta'
[0.794s] Level 1:colcon.colcon_core.package_identification:_identify(src/bot_world) by extensions ['ros']
[0.794s] Level 1:colcon.colcon_core.package_identification:_identify(src/bot_world) by extension 'ros'
[0.794s] DEBUG:colcon.colcon_core.package_identification:Package 'src/bot_world' with type 'ros.ament_python' and name 'bot_world'
[0.794s] Level 1:colcon.colcon_core.package_discovery:discover_packages(recursive) using defaults
[0.794s] Level 1:colcon.colcon_core.package_discovery:discover_packages(ignore) discover
[0.794s] Level 1:colcon.colcon_core.package_discovery:discover_packages(ignore) using defaults
[0.794s] Level 1:colcon.colcon_core.package_discovery:discover_packages(path) discover
[0.794s] Level 1:colcon.colcon_core.package_discovery:discover_packages(path) using defaults
[0.831s] Level 1:colcon.colcon_core.package_discovery:discover_packages(prefix_path) check parameters
[0.831s] Level 1:colcon.colcon_core.package_discovery:discover_packages(prefix_path) discover
[0.845s] DEBUG:colcon.colcon_installed_package_information.package_discovery:Found 3 installed packages in /home/rahul/tirth_ws/install
[0.878s] DEBUG:colcon.colcon_installed_package_information.package_discovery:Found 39 installed packages in /home/rahul/microros_ws/install
[0.881s] DEBUG:colcon.colcon_installed_package_information.package_discovery:Found 297 installed packages in /opt/ros/humble
[0.885s] DEBUG:colcon.colcon_installed_package_information.package_discovery:Found 291 installed packages in /opt/ros/iron
[0.896s] Level 1:colcon.colcon_core.package_discovery:discover_packages(prefix_path) using defaults
[1.060s] Level 5:colcon.colcon_core.verb:set package 'bot_control' build argument 'cmake_args' from command line to 'None'
[1.060s] Level 5:colcon.colcon_core.verb:set package 'bot_control' build argument 'cmake_target' from command line to 'None'
[1.060s] Level 5:colcon.colcon_core.verb:set package 'bot_control' build argument 'cmake_target_skip_unavailable' from command line to 'False'
[1.060s] Level 5:colcon.colcon_core.verb:set package 'bot_control' build argument 'cmake_clean_cache' from command line to 'False'
[1.060s] Level 5:colcon.colcon_core.verb:set package 'bot_control' build argument 'cmake_clean_first' from command line to 'False'
[1.060s] Level 5:colcon.colcon_core.verb:set package 'bot_control' build argument 'cmake_force_configure' from command line to 'False'
[1.060s] Level 5:colcon.colcon_core.verb:set package 'bot_control' build argument 'ament_cmake_args' from command line to 'None'
[1.060s] Level 5:colcon.colcon_core.verb:set package 'bot_control' build argument 'catkin_cmake_args' from command line to 'None'
[1.060s] Level 5:colcon.colcon_core.verb:set package 'bot_control' build argument 'catkin_skip_building_tests' from command line to 'False'
[1.060s] DEBUG:colcon.colcon_core.verb:Building package 'bot_control' with the following arguments: {'ament_cmake_args': None, 'build_base': '/home/rahul/tirth_ws/build/bot_control', 'catkin_cmake_args': None, 'catkin_skip_building_tests': False, 'cmake_args': None, 'cmake_clean_cache': False, 'cmake_clean_first': False, 'cmake_force_configure': False, 'cmake_target': None, 'cmake_target_skip_unavailable': False, 'install_base': '/home/rahul/tirth_ws/install/bot_control', 'merge_install': False, 'path': '/home/rahul/tirth_ws/src/bot_control', 'symlink_install': False, 'test_result_base': None}
[1.060s] Level 5:colcon.colcon_core.verb:set package 'bot_description' build argument 'cmake_args' from command line to 'None'
[1.060s] Level 5:colcon.colcon_core.verb:set package 'bot_description' build argument 'cmake_target' from command line to 'None'
[1.061s] Level 5:colcon.colcon_core.verb:set package 'bot_description' build argument 'cmake_target_skip_unavailable' from command line to 'False'
[1.061s] Level 5:colcon.colcon_core.verb:set package 'bot_description' build argument 'cmake_clean_cache' from command line to 'False'
[1.061s] Level 5:colcon.colcon_core.verb:set package 'bot_description' build argument 'cmake_clean_first' from command line to 'False'
[1.061s] Level 5:colcon.colcon_core.verb:set package 'bot_description' build argument 'cmake_force_configure' from command line to 'False'
[1.061s] Level 5:colcon.colcon_core.verb:set package 'bot_description' build argument 'ament_cmake_args' from command line to 'None'
[1.061s] Level 5:colcon.colcon_core.verb:set package 'bot_description' build argument 'catkin_cmake_args' from command line to 'None'
[1.061s] Level 5:colcon.colcon_core.verb:set package 'bot_description' build argument 'catkin_skip_building_tests' from command line to 'False'
[1.061s] DEBUG:colcon.colcon_core.verb:Building package 'bot_description' with the following arguments: {'ament_cmake_args': None, 'build_base': '/home/rahul/tirth_ws/build/bot_description', 'catkin_cmake_args': None, 'catkin_skip_building_tests': False, 'cmake_args': None, 'cmake_clean_cache': False, 'cmake_clean_first': False, 'cmake_force_configure': False, 'cmake_target': None, 'cmake_target_skip_unavailable': False, 'install_base': '/home/rahul/tirth_ws/install/bot_description', 'merge_install': False, 'path': '/home/rahul/tirth_ws/src/bot_description', 'symlink_install': False, 'test_result_base': None}
[1.061s] Level 5:colcon.colcon_core.verb:set package 'bot_world' build argument 'cmake_args' from command line to 'None'
[1.061s] Level 5:colcon.colcon_core.verb:set package 'bot_world' build argument 'cmake_target' from command line to 'None'
[1.061s] Level 5:colcon.colcon_core.verb:set package 'bot_world' build argument 'cmake_target_skip_unavailable' from command line to 'False'
[1.061s] Level 5:colcon.colcon_core.verb:set package 'bot_world' build argument 'cmake_clean_cache' from command line to 'False'
[1.061s] Level 5:colcon.colcon_core.verb:set package 'bot_world' build argument 'cmake_clean_first' from command line to 'False'
[1.061s] Level 5:colcon.colcon_core.verb:set package 'bot_world' build argument 'cmake_force_configure' from command line to 'False'
[1.061s] Level 5:colcon.colcon_core.verb:set package 'bot_world' build argument 'ament_cmake_args' from command line to 'None'
[1.061s] Level 5:colcon.colcon_core.verb:set package 'bot_world' build argument 'catkin_cmake_args' from command line to 'None'
[1.061s] Level 5:colcon.colcon_core.verb:set package 'bot_world' build argument 'catkin_skip_building_tests' from command line to 'False'
[1.061s] DEBUG:colcon.colcon_core.verb:Building package 'bot_world' with the following arguments: {'ament_cmake_args': None, 'build_base': '/home/rahul/tirth_ws/build/bot_world', 'catkin_cmake_args': None, 'catkin_skip_building_tests': False, 'cmake_args': None, 'cmake_clean_cache': False, 'cmake_clean_first': False, 'cmake_force_configure': False, 'cmake_target': None, 'cmake_target_skip_unavailable': False, 'install_base': '/home/rahul/tirth_ws/install/bot_world', 'merge_install': False, 'path': '/home/rahul/tirth_ws/src/bot_world', 'symlink_install': False, 'test_result_base': None}
[1.061s] INFO:colcon.colcon_core.executor:Executing jobs using 'parallel' executor
[1.063s] DEBUG:colcon.colcon_parallel_executor.executor.parallel:run_until_complete
[1.064s] INFO:colcon.colcon_ros.task.ament_python.build:Building ROS package in '/home/rahul/tirth_ws/src/bot_control' with build type 'ament_python'
[1.064s] Level 1:colcon.colcon_core.shell:create_environment_hook('bot_control', 'ament_prefix_path')
[1.071s] INFO:colcon.colcon_core.plugin_system:Skipping extension 'colcon_core.shell.bat': Not used on non-Windows systems
[1.071s] INFO:colcon.colcon_core.shell:Creating environment hook '/home/rahul/tirth_ws/install/bot_control/share/bot_control/hook/ament_prefix_path.ps1'
[1.073s] INFO:colcon.colcon_core.shell:Creating environment descriptor '/home/rahul/tirth_ws/install/bot_control/share/bot_control/hook/ament_prefix_path.dsv'
[1.073s] INFO:colcon.colcon_core.shell:Creating environment hook '/home/rahul/tirth_ws/install/bot_control/share/bot_control/hook/ament_prefix_path.sh'
[1.075s] INFO:colcon.colcon_core.shell:Skip shell extension 'powershell' for command environment: Not usable outside of PowerShell
[1.075s] DEBUG:colcon.colcon_core.shell:Skip shell extension 'dsv' for command environment
[1.081s] DEBUG:colcon.colcon_core.shell:Ignoring prefix path '/home/rahul/catkin_ws/devel'
[1.082s] DEBUG:colcon.colcon_core.shell:Ignoring prefix path '/opt/ros/noetic'
[1.085s] INFO:colcon.colcon_ros.task.ament_python.build:Building ROS package in '/home/rahul/tirth_ws/src/bot_description' with build type 'ament_python'
[1.085s] Level 1:colcon.colcon_core.shell:create_environment_hook('bot_description', 'ament_prefix_path')
[1.085s] INFO:colcon.colcon_core.shell:Creating environment hook '/home/rahul/tirth_ws/install/bot_description/share/bot_description/hook/ament_prefix_path.ps1'
[1.087s] INFO:colcon.colcon_core.shell:Creating environment descriptor '/home/rahul/tirth_ws/install/bot_description/share/bot_description/hook/ament_prefix_path.dsv'
[1.087s] INFO:colcon.colcon_core.shell:Creating environment hook '/home/rahul/tirth_ws/install/bot_description/share/bot_description/hook/ament_prefix_path.sh'
[1.088s] INFO:colcon.colcon_core.shell:Skip shell extension 'powershell' for command environment: Not usable outside of PowerShell
[1.088s] DEBUG:colcon.colcon_core.shell:Skip shell extension 'dsv' for command environment
[1.095s] DEBUG:colcon.colcon_core.shell:Ignoring prefix path '/home/rahul/catkin_ws/devel'
[1.096s] DEBUG:colcon.colcon_core.shell:Ignoring prefix path '/opt/ros/noetic'
[1.098s] INFO:colcon.colcon_ros.task.ament_python.build:Building ROS package in '/home/rahul/tirth_ws/src/bot_world' with build type 'ament_python'
[1.098s] Level 1:colcon.colcon_core.shell:create_environment_hook('bot_world', 'ament_prefix_path')
[1.099s] INFO:colcon.colcon_core.shell:Creating environment hook '/home/rahul/tirth_ws/install/bot_world/share/bot_world/hook/ament_prefix_path.ps1'
[1.100s] INFO:colcon.colcon_core.shell:Creating environment descriptor '/home/rahul/tirth_ws/install/bot_world/share/bot_world/hook/ament_prefix_path.dsv'
[1.101s] INFO:colcon.colcon_core.shell:Creating environment hook '/home/rahul/tirth_ws/install/bot_world/share/bot_world/hook/ament_prefix_path.sh'
[1.101s] INFO:colcon.colcon_core.shell:Skip shell extension 'powershell' for command environment: Not usable outside of PowerShell
[1.102s] DEBUG:colcon.colcon_core.shell:Skip shell extension 'dsv' for command environment
[1.108s] DEBUG:colcon.colcon_core.shell:Ignoring prefix path '/home/rahul/catkin_ws/devel'
[1.109s] DEBUG:colcon.colcon_core.shell:Ignoring prefix path '/opt/ros/noetic'
[1.458s] INFO:colcon.colcon_core.task.python.build:Building Python package in '/home/rahul/tirth_ws/src/bot_control'
[1.458s] INFO:colcon.colcon_core.shell:Skip shell extension 'powershell' for command environment: Not usable outside of PowerShell
[1.458s] DEBUG:colcon.colcon_core.shell:Skip shell extension 'dsv' for command environment
[1.465s] DEBUG:colcon.colcon_core.shell:Ignoring prefix path '/home/rahul/catkin_ws/devel'
[1.465s] DEBUG:colcon.colcon_core.shell:Ignoring prefix path '/opt/ros/noetic'
[1.825s] INFO:colcon.colcon_core.task.python.build:Building Python package in '/home/rahul/tirth_ws/src/bot_description'
[1.826s] INFO:colcon.colcon_core.shell:Skip shell extension 'powershell' for command environment: Not usable outside of PowerShell
[1.826s] DEBUG:colcon.colcon_core.shell:Skip shell extension 'dsv' for command environment
[1.841s] DEBUG:colcon.colcon_core.shell:Ignoring prefix path '/home/rahul/catkin_ws/devel'
[1.842s] DEBUG:colcon.colcon_core.shell:Ignoring prefix path '/opt/ros/noetic'
[2.201s] INFO:colcon.colcon_core.task.python.build:Building Python package in '/home/rahul/tirth_ws/src/bot_world'
[2.202s] INFO:colcon.colcon_core.shell:Skip shell extension 'powershell' for command environment: Not usable outside of PowerShell
[2.202s] DEBUG:colcon.colcon_core.shell:Skip shell extension 'dsv' for command environment
[2.216s] DEBUG:colcon.colcon_core.shell:Ignoring prefix path '/home/rahul/catkin_ws/devel'
[2.216s] DEBUG:colcon.colcon_core.shell:Ignoring prefix path '/opt/ros/noetic'
[2.765s] DEBUG:colcon.colcon_core.event_handler.log_command:Invoking command in '/home/rahul/tirth_ws/src/bot_control': PYTHONPATH=/home/rahul/tirth_ws/build/bot_control/prefix_override:/usr/lib/python3/dist-packages/colcon_core/task/python/colcon_distutils_commands:/home/rahul/tirth_ws/install/bot_control/lib/python3.10/site-packages:${PYTHONPATH} /usr/bin/python3 -W ignore:setup.py install is deprecated -W ignore:easy_install command is deprecated setup.py egg_info --egg-base ../../build/bot_control build --build-base /home/rahul/tirth_ws/build/bot_control/build install --record /home/rahul/tirth_ws/build/bot_control/install.log --single-version-externally-managed install_data
[2.776s] DEBUG:colcon.colcon_core.event_handler.log_command:Invoking command in '/home/rahul/tirth_ws/src/bot_description': PYTHONPATH=/home/rahul/tirth_ws/build/bot_description/prefix_override:/usr/lib/python3/dist-packages/colcon_core/task/python/colcon_distutils_commands:/home/rahul/tirth_ws/install/bot_description/lib/python3.10/site-packages:${PYTHONPATH} /usr/bin/python3 -W ignore:setup.py install is deprecated -W ignore:easy_install command is deprecated setup.py egg_info --egg-base ../../build/bot_description build --build-base /home/rahul/tirth_ws/build/bot_description/build install --record /home/rahul/tirth_ws/build/bot_description/install.log --single-version-externally-managed install_data
[2.778s] DEBUG:colcon.colcon_core.event_handler.log_command:Invoking command in '/home/rahul/tirth_ws/src/bot_world': PYTHONPATH=/home/rahul/tirth_ws/build/bot_world/prefix_override:/usr/lib/python3/dist-packages/colcon_core/task/python/colcon_distutils_commands:/home/rahul/tirth_ws/install/bot_world/lib/python3.10/site-packages:${PYTHONPATH} /usr/bin/python3 -W ignore:setup.py install is deprecated -W ignore:easy_install command is deprecated setup.py egg_info --egg-base ../../build/bot_world build --build-base /home/rahul/tirth_ws/build/bot_world/build install --record /home/rahul/tirth_ws/build/bot_world/install.log --single-version-externally-managed install_data
[3.158s] DEBUG:colcon.colcon_core.event_handler.log_command:Invoked command in '/home/rahul/tirth_ws/src/bot_description' returned '0': PYTHONPATH=/home/rahul/tirth_ws/build/bot_description/prefix_override:/usr/lib/python3/dist-packages/colcon_core/task/python/colcon_distutils_commands:/home/rahul/tirth_ws/install/bot_description/lib/python3.10/site-packages:${PYTHONPATH} /usr/bin/python3 -W ignore:setup.py install is deprecated -W ignore:easy_install command is deprecated setup.py egg_info --egg-base ../../build/bot_description build --build-base /home/rahul/tirth_ws/build/bot_description/build install --record /home/rahul/tirth_ws/build/bot_description/install.log --single-version-externally-managed install_data
[3.165s] Level 1:colcon.colcon_core.environment:checking '/home/rahul/tirth_ws/install/bot_description' for CMake module files
[3.166s] Level 1:colcon.colcon_core.environment:checking '/home/rahul/tirth_ws/install/bot_description' for CMake config files
[3.168s] Level 1:colcon.colcon_core.environment:checking '/home/rahul/tirth_ws/install/bot_description/lib'
[3.168s] Level 1:colcon.colcon_core.environment:checking '/home/rahul/tirth_ws/install/bot_description/bin'
[3.168s] Level 1:colcon.colcon_core.environment:checking '/home/rahul/tirth_ws/install/bot_description/lib/pkgconfig/bot_description.pc'
[3.169s] Level 1:colcon.colcon_core.environment:checking '/home/rahul/tirth_ws/install/bot_description/lib/python3.10/site-packages'
[3.169s] Level 1:colcon.colcon_core.shell:create_environment_hook('bot_description', 'pythonpath')
[3.169s] INFO:colcon.colcon_core.shell:Creating environment hook '/home/rahul/tirth_ws/install/bot_description/share/bot_description/hook/pythonpath.ps1'
[3.170s] INFO:colcon.colcon_core.shell:Creating environment descriptor '/home/rahul/tirth_ws/install/bot_description/share/bot_description/hook/pythonpath.dsv'
[3.172s] INFO:colcon.colcon_core.shell:Creating environment hook '/home/rahul/tirth_ws/install/bot_description/share/bot_description/hook/pythonpath.sh'
[3.173s] Level 1:colcon.colcon_core.environment:checking '/home/rahul/tirth_ws/install/bot_description/bin'
[3.173s] Level 1:colcon.colcon_core.environment:create_environment_scripts_only(bot_description)
[3.174s] INFO:colcon.colcon_core.shell:Creating package script '/home/rahul/tirth_ws/install/bot_description/share/bot_description/package.ps1'
[3.176s] INFO:colcon.colcon_core.shell:Creating package descriptor '/home/rahul/tirth_ws/install/bot_description/share/bot_description/package.dsv'
[3.178s] INFO:colcon.colcon_core.shell:Creating package script '/home/rahul/tirth_ws/install/bot_description/share/bot_description/package.sh'
[3.180s] INFO:colcon.colcon_core.shell:Creating package script '/home/rahul/tirth_ws/install/bot_description/share/bot_description/package.bash'
[3.182s] INFO:colcon.colcon_core.shell:Creating package script '/home/rahul/tirth_ws/install/bot_description/share/bot_description/package.zsh'
[3.183s] Level 1:colcon.colcon_core.environment:create_file_with_runtime_dependencies(/home/rahul/tirth_ws/install/bot_description/share/colcon-core/packages/bot_description)
[3.186s] Level 1:colcon.colcon_core.environment:checking '/home/rahul/tirth_ws/install/bot_control' for CMake module files
[3.187s] DEBUG:colcon.colcon_core.event_handler.log_command:Invoked command in '/home/rahul/tirth_ws/src/bot_control' returned '0': PYTHONPATH=/home/rahul/tirth_ws/build/bot_control/prefix_override:/usr/lib/python3/dist-packages/colcon_core/task/python/colcon_distutils_commands:/home/rahul/tirth_ws/install/bot_control/lib/python3.10/site-packages:${PYTHONPATH} /usr/bin/python3 -W ignore:setup.py install is deprecated -W ignore:easy_install command is deprecated setup.py egg_info --egg-base ../../build/bot_control build --build-base /home/rahul/tirth_ws/build/bot_control/build install --record /home/rahul/tirth_ws/build/bot_control/install.log --single-version-externally-managed install_data
[3.188s] Level 1:colcon.colcon_core.environment:checking '/home/rahul/tirth_ws/install/bot_control' for CMake config files
[3.190s] Level 1:colcon.colcon_core.environment:checking '/home/rahul/tirth_ws/install/bot_control/lib'
[3.190s] Level 1:colcon.colcon_core.environment:checking '/home/rahul/tirth_ws/install/bot_control/bin'
[3.190s] Level 1:colcon.colcon_core.environment:checking '/home/rahul/tirth_ws/install/bot_control/lib/pkgconfig/bot_control.pc'
[3.191s] Level 1:colcon.colcon_core.environment:checking '/home/rahul/tirth_ws/install/bot_control/lib/python3.10/site-packages'
[3.191s] Level 1:colcon.colcon_core.shell:create_environment_hook('bot_control', 'pythonpath')
[3.191s] INFO:colcon.colcon_core.shell:Creating environment hook '/home/rahul/tirth_ws/install/bot_control/share/bot_control/hook/pythonpath.ps1'
[3.192s] INFO:colcon.colcon_core.shell:Creating environment descriptor '/home/rahul/tirth_ws/install/bot_control/share/bot_control/hook/pythonpath.dsv'
[3.193s] INFO:colcon.colcon_core.shell:Creating environment hook '/home/rahul/tirth_ws/install/bot_control/share/bot_control/hook/pythonpath.sh'
[3.194s] Level 1:colcon.colcon_core.environment:checking '/home/rahul/tirth_ws/install/bot_control/bin'
[3.194s] Level 1:colcon.colcon_core.environment:create_environment_scripts_only(bot_control)
[3.195s] INFO:colcon.colcon_core.shell:Creating package script '/home/rahul/tirth_ws/install/bot_control/share/bot_control/package.ps1'
[3.196s] INFO:colcon.colcon_core.shell:Creating package descriptor '/home/rahul/tirth_ws/install/bot_control/share/bot_control/package.dsv'
[3.197s] INFO:colcon.colcon_core.shell:Creating package script '/home/rahul/tirth_ws/install/bot_control/share/bot_control/package.sh'
[3.198s] INFO:colcon.colcon_core.shell:Creating package script '/home/rahul/tirth_ws/install/bot_control/share/bot_control/package.bash'
[3.198s] INFO:colcon.colcon_core.shell:Creating package script '/home/rahul/tirth_ws/install/bot_control/share/bot_control/package.zsh'
[3.199s] Level 1:colcon.colcon_core.environment:create_file_with_runtime_dependencies(/home/rahul/tirth_ws/install/bot_control/share/colcon-core/packages/bot_control)
[3.200s] Level 1:colcon.colcon_core.environment:checking '/home/rahul/tirth_ws/install/bot_world' for CMake module files
[3.203s] DEBUG:colcon.colcon_core.event_handler.log_command:Invoked command in '/home/rahul/tirth_ws/src/bot_world' returned '0': PYTHONPATH=/home/rahul/tirth_ws/build/bot_world/prefix_override:/usr/lib/python3/dist-packages/colcon_core/task/python/colcon_distutils_commands:/home/rahul/tirth_ws/install/bot_world/lib/python3.10/site-packages:${PYTHONPATH} /usr/bin/python3 -W ignore:setup.py install is deprecated -W ignore:easy_install command is deprecated setup.py egg_info --egg-base ../../build/bot_world build --build-base /home/rahul/tirth_ws/build/bot_world/build install --record /home/rahul/tirth_ws/build/bot_world/install.log --single-version-externally-managed install_data
[3.203s] Level 1:colcon.colcon_core.environment:checking '/home/rahul/tirth_ws/install/bot_world' for CMake config files
[3.205s] Level 1:colcon.colcon_core.environment:checking '/home/rahul/tirth_ws/install/bot_world/lib'
[3.205s] Level 1:colcon.colcon_core.environment:checking '/home/rahul/tirth_ws/install/bot_world/bin'
[3.205s] Level 1:colcon.colcon_core.environment:checking '/home/rahul/tirth_ws/install/bot_world/lib/pkgconfig/bot_world.pc'
[3.206s] Level 1:colcon.colcon_core.environment:checking '/home/rahul/tirth_ws/install/bot_world/lib/python3.10/site-packages'
[3.206s] Level 1:colcon.colcon_core.shell:create_environment_hook('bot_world', 'pythonpath')
[3.206s] INFO:colcon.colcon_core.shell:Creating environment hook '/home/rahul/tirth_ws/install/bot_world/share/bot_world/hook/pythonpath.ps1'
[3.207s] INFO:colcon.colcon_core.shell:Creating environment descriptor '/home/rahul/tirth_ws/install/bot_world/share/bot_world/hook/pythonpath.dsv'
[3.208s] INFO:colcon.colcon_core.shell:Creating environment hook '/home/rahul/tirth_ws/install/bot_world/share/bot_world/hook/pythonpath.sh'
[3.209s] Level 1:colcon.colcon_core.environment:checking '/home/rahul/tirth_ws/install/bot_world/bin'
[3.209s] Level 1:colcon.colcon_core.environment:create_environment_scripts_only(bot_world)
[3.210s] INFO:colcon.colcon_core.shell:Creating package script '/home/rahul/tirth_ws/install/bot_world/share/bot_world/package.ps1'
[3.211s] INFO:colcon.colcon_core.shell:Creating package descriptor '/home/rahul/tirth_ws/install/bot_world/share/bot_world/package.dsv'
[3.212s] INFO:colcon.colcon_core.shell:Creating package script '/home/rahul/tirth_ws/install/bot_world/share/bot_world/package.sh'
[3.213s] INFO:colcon.colcon_core.shell:Creating package script '/home/rahul/tirth_ws/install/bot_world/share/bot_world/package.bash'
[3.214s] INFO:colcon.colcon_core.shell:Creating package script '/home/rahul/tirth_ws/install/bot_world/share/bot_world/package.zsh'
[3.215s] Level 1:colcon.colcon_core.environment:create_file_with_runtime_dependencies(/home/rahul/tirth_ws/install/bot_world/share/colcon-core/packages/bot_world)
[3.216s] DEBUG:colcon.colcon_parallel_executor.executor.parallel:closing loop
[3.216s] DEBUG:colcon.colcon_parallel_executor.executor.parallel:loop closed
[3.216s] DEBUG:colcon.colcon_parallel_executor.executor.parallel:run_until_complete finished with '0'
[3.216s] DEBUG:colcon.colcon_core.event_reactor:joining thread
[3.229s] INFO:colcon.colcon_core.plugin_system:Skipping extension 'colcon_notification.desktop_notification.terminal_notifier': Not used on non-Darwin systems
[3.229s] INFO:colcon.colcon_core.plugin_system:Skipping extension 'colcon_notification.desktop_notification.win32': Not used on non-Windows systems
[3.229s] INFO:colcon.colcon_notification.desktop_notification:Sending desktop notification using 'notify2'
[3.244s] DEBUG:colcon.colcon_core.event_reactor:joined thread
[3.245s] INFO:colcon.colcon_core.shell:Creating prefix script '/home/rahul/tirth_ws/install/local_setup.ps1'
[3.248s] INFO:colcon.colcon_core.shell:Creating prefix util module '/home/rahul/tirth_ws/install/_local_setup_util_ps1.py'
[3.252s] INFO:colcon.colcon_core.shell:Creating prefix chain script '/home/rahul/tirth_ws/install/setup.ps1'
[3.258s] INFO:colcon.colcon_core.shell:Creating prefix script '/home/rahul/tirth_ws/install/local_setup.sh'
[3.259s] INFO:colcon.colcon_core.shell:Creating prefix util module '/home/rahul/tirth_ws/install/_local_setup_util_sh.py'
[3.261s] INFO:colcon.colcon_core.shell:Creating prefix chain script '/home/rahul/tirth_ws/install/setup.sh'
[3.266s] INFO:colcon.colcon_core.shell:Creating prefix script '/home/rahul/tirth_ws/install/local_setup.bash'
[3.268s] INFO:colcon.colcon_core.shell:Creating prefix chain script '/home/rahul/tirth_ws/install/setup.bash'
[3.274s] INFO:colcon.colcon_core.shell:Creating prefix script '/home/rahul/tirth_ws/install/local_setup.zsh'
[3.275s] INFO:colcon.colcon_core.shell:Creating prefix chain script '/home/rahul/tirth_ws/install/setup.zsh'
