running develop
Removing /home/rahul/tirth_ws-main/install/bot_description/lib/python3.10/site-packages/bot-description.egg-link (link to .)
running egg_info
writing ../../build/bot_description/bot_description.egg-info/PKG-INFO
writing dependency_links to ../../build/bot_description/bot_description.egg-info/dependency_links.txt
writing entry points to ../../build/bot_description/bot_description.egg-info/entry_points.txt
writing requirements to ../../build/bot_description/bot_description.egg-info/requires.txt
writing top-level names to ../../build/bot_description/bot_description.egg-info/top_level.txt
reading manifest file '../../build/bot_description/bot_description.egg-info/SOURCES.txt'
adding license file 'LICENSE'
writing manifest file '../../build/bot_description/bot_description.egg-info/SOURCES.txt'
running build
running build_py
running install
running install_lib
creating /home/rahul/tirth_ws-main/install/bot_description/lib/python3.10/site-packages/bot_description
copying /home/rahul/tirth_ws-main/build/bot_description/build/lib/bot_description/__init__.py -> /home/rahul/tirth_ws-main/install/bot_description/lib/python3.10/site-packages/bot_description
byte-compiling /home/rahul/tirth_ws-main/install/bot_description/lib/python3.10/site-packages/bot_description/__init__.py to __init__.cpython-310.pyc
running install_data
copying resource/bot_description -> /home/rahul/tirth_ws-main/install/bot_description/share/ament_index/resource_index/packages
copying package.xml -> /home/rahul/tirth_ws-main/install/bot_description/share/bot_description
copying urdf/bot.urdf -> /home/rahul/tirth_ws-main/install/bot_description/share/bot_description/urdf
copying urdf/bot2.urdf -> /home/rahul/tirth_ws-main/install/bot_description/share/bot_description/urdf
copying meshes/wheel.mtl -> /home/rahul/tirth_ws-main/install/bot_description/share/bot_description/meshes
copying meshes/center.mtl -> /home/rahul/tirth_ws-main/install/bot_description/share/bot_description/meshes
copying meshes/front_caster.dae -> /home/rahul/tirth_ws-main/install/bot_description/share/bot_description/meshes
copying meshes/center.obj -> /home/rahul/tirth_ws-main/install/bot_description/share/bot_description/meshes
copying meshes/wheel.obj -> /home/rahul/tirth_ws-main/install/bot_description/share/bot_description/meshes
copying meshes/base_link.dae -> /home/rahul/tirth_ws-main/install/bot_description/share/bot_description/meshes
copying meshes/front_caster.obj -> /home/rahul/tirth_ws-main/install/bot_description/share/bot_description/meshes
copying meshes/wheel_r.dae -> /home/rahul/tirth_ws-main/install/bot_description/share/bot_description/meshes
copying meshes/base_link.stl -> /home/rahul/tirth_ws-main/install/bot_description/share/bot_description/meshes
copying meshes/front_caster.mtl -> /home/rahul/tirth_ws-main/install/bot_description/share/bot_description/meshes
copying meshes/wheel_l.dae -> /home/rahul/tirth_ws-main/install/bot_description/share/bot_description/meshes
copying meshes/front_caster.stl -> /home/rahul/tirth_ws-main/install/bot_description/share/bot_description/meshes
copying meshes/wheel_r.stl -> /home/rahul/tirth_ws-main/install/bot_description/share/bot_description/meshes
copying meshes/wheel_l.stl -> /home/rahul/tirth_ws-main/install/bot_description/share/bot_description/meshes
copying launch/control.launch.py -> /home/rahul/tirth_ws-main/install/bot_description/share/bot_description/launch
copying launch/spawn.launch.py -> /home/rahul/tirth_ws-main/install/bot_description/share/bot_description/launch
copying launch/rviz.launch.py -> /home/rahul/tirth_ws-main/install/bot_description/share/bot_description/launch
copying world/spawn.world -> /home/rahul/tirth_ws-main/install/bot_description/share/bot_description/world
running install_egg_info
Copying ../../build/bot_description/bot_description.egg-info to /home/rahul/tirth_ws-main/install/bot_description/lib/python3.10/site-packages/bot_description-0.0.0-py3.10.egg-info
running install_scripts
writing list of installed files to '/home/rahul/tirth_ws-main/build/bot_description/install.log'
