[1.573s] Invoking command in '/home/rahul/tirth_ws-main/build/bot_description': PYTHONPATH=/home/rahul/tirth_ws-main/build/bot_description/prefix_override:/usr/lib/python3/dist-packages/colcon_core/task/python/colcon_distutils_commands:/home/rahul/tirth_ws-main/install/bot_description/lib/python3.10/site-packages:${PYTHONPATH} /usr/bin/python3 -W ignore:setup.py install is deprecated -W ignore:easy_install command is deprecated setup.py develop --uninstall --editable --build-directory /home/rahul/tirth_ws-main/build/bot_description/build
[1.880s] running develop
[1.963s] /usr/lib/python3/dist-packages/pkg_resources/__init__.py:116: PkgResourcesDeprecationWarning: 1.12.1-git20200711.33e2d80-dfsg1-0.6 is an invalid version and will not be supported in a future release
[1.963s]   warnings.warn(
[2.121s] Removing /home/rahul/tirth_ws-main/install/bot_description/lib/python3.10/site-packages/bot-description.egg-link (link to .)
[2.168s] Invoked command in '/home/rahul/tirth_ws-main/build/bot_description' returned '0': PYTHONPATH=/home/rahul/tirth_ws-main/build/bot_description/prefix_override:/usr/lib/python3/dist-packages/colcon_core/task/python/colcon_distutils_commands:/home/rahul/tirth_ws-main/install/bot_description/lib/python3.10/site-packages:${PYTHONPATH} /usr/bin/python3 -W ignore:setup.py install is deprecated -W ignore:easy_install command is deprecated setup.py develop --uninstall --editable --build-directory /home/rahul/tirth_ws-main/build/bot_description/build
[2.170s] Invoking command in '/home/rahul/tirth_ws-main/src/bot_description': PYTHONPATH=/home/rahul/tirth_ws-main/build/bot_description/prefix_override:/usr/lib/python3/dist-packages/colcon_core/task/python/colcon_distutils_commands:/home/rahul/tirth_ws-main/install/bot_description/lib/python3.10/site-packages:${PYTHONPATH} /usr/bin/python3 -W ignore:setup.py install is deprecated -W ignore:easy_install command is deprecated setup.py egg_info --egg-base ../../build/bot_description build --build-base /home/rahul/tirth_ws-main/build/bot_description/build install --record /home/rahul/tirth_ws-main/build/bot_description/install.log --single-version-externally-managed install_data --force
[2.489s] running egg_info
[2.489s] writing ../../build/bot_description/bot_description.egg-info/PKG-INFO
[2.490s] writing dependency_links to ../../build/bot_description/bot_description.egg-info/dependency_links.txt
[2.490s] writing entry points to ../../build/bot_description/bot_description.egg-info/entry_points.txt
[2.490s] writing requirements to ../../build/bot_description/bot_description.egg-info/requires.txt
[2.490s] writing top-level names to ../../build/bot_description/bot_description.egg-info/top_level.txt
[2.492s] reading manifest file '../../build/bot_description/bot_description.egg-info/SOURCES.txt'
[2.492s] adding license file 'LICENSE'
[2.493s] writing manifest file '../../build/bot_description/bot_description.egg-info/SOURCES.txt'
[2.493s] running build
[2.493s] running build_py
[2.493s] running install
[2.494s] running install_lib
[2.494s] creating /home/rahul/tirth_ws-main/install/bot_description/lib/python3.10/site-packages/bot_description
[2.494s] copying /home/rahul/tirth_ws-main/build/bot_description/build/lib/bot_description/__init__.py -> /home/rahul/tirth_ws-main/install/bot_description/lib/python3.10/site-packages/bot_description
[2.495s] byte-compiling /home/rahul/tirth_ws-main/install/bot_description/lib/python3.10/site-packages/bot_description/__init__.py to __init__.cpython-310.pyc
[2.495s] running install_data
[2.495s] copying resource/bot_description -> /home/rahul/tirth_ws-main/install/bot_description/share/ament_index/resource_index/packages
[2.496s] copying package.xml -> /home/rahul/tirth_ws-main/install/bot_description/share/bot_description
[2.496s] copying urdf/bot.urdf -> /home/rahul/tirth_ws-main/install/bot_description/share/bot_description/urdf
[2.496s] copying urdf/bot2.urdf -> /home/rahul/tirth_ws-main/install/bot_description/share/bot_description/urdf
[2.496s] copying meshes/wheel.mtl -> /home/rahul/tirth_ws-main/install/bot_description/share/bot_description/meshes
[2.496s] copying meshes/center.mtl -> /home/rahul/tirth_ws-main/install/bot_description/share/bot_description/meshes
[2.496s] copying meshes/front_caster.dae -> /home/rahul/tirth_ws-main/install/bot_description/share/bot_description/meshes
[2.497s] copying meshes/center.obj -> /home/rahul/tirth_ws-main/install/bot_description/share/bot_description/meshes
[2.497s] copying meshes/wheel.obj -> /home/rahul/tirth_ws-main/install/bot_description/share/bot_description/meshes
[2.497s] copying meshes/base_link.dae -> /home/rahul/tirth_ws-main/install/bot_description/share/bot_description/meshes
[2.498s] copying meshes/front_caster.obj -> /home/rahul/tirth_ws-main/install/bot_description/share/bot_description/meshes
[2.498s] copying meshes/wheel_r.dae -> /home/rahul/tirth_ws-main/install/bot_description/share/bot_description/meshes
[2.499s] copying meshes/base_link.stl -> /home/rahul/tirth_ws-main/install/bot_description/share/bot_description/meshes
[2.499s] copying meshes/front_caster.mtl -> /home/rahul/tirth_ws-main/install/bot_description/share/bot_description/meshes
[2.499s] copying meshes/wheel_l.dae -> /home/rahul/tirth_ws-main/install/bot_description/share/bot_description/meshes
[2.500s] copying meshes/front_caster.stl -> /home/rahul/tirth_ws-main/install/bot_description/share/bot_description/meshes
[2.500s] copying meshes/wheel_r.stl -> /home/rahul/tirth_ws-main/install/bot_description/share/bot_description/meshes
[2.500s] copying meshes/wheel_l.stl -> /home/rahul/tirth_ws-main/install/bot_description/share/bot_description/meshes
[2.501s] copying launch/control.launch.py -> /home/rahul/tirth_ws-main/install/bot_description/share/bot_description/launch
[2.501s] copying launch/spawn.launch.py -> /home/rahul/tirth_ws-main/install/bot_description/share/bot_description/launch
[2.501s] copying launch/rviz.launch.py -> /home/rahul/tirth_ws-main/install/bot_description/share/bot_description/launch
[2.501s] copying world/spawn.world -> /home/rahul/tirth_ws-main/install/bot_description/share/bot_description/world
[2.501s] running install_egg_info
[2.504s] Copying ../../build/bot_description/bot_description.egg-info to /home/rahul/tirth_ws-main/install/bot_description/lib/python3.10/site-packages/bot_description-0.0.0-py3.10.egg-info
[2.504s] running install_scripts
[2.526s] writing list of installed files to '/home/rahul/tirth_ws-main/build/bot_description/install.log'
[2.566s] Invoked command in '/home/rahul/tirth_ws-main/src/bot_description' returned '0': PYTHONPATH=/home/rahul/tirth_ws-main/build/bot_description/prefix_override:/usr/lib/python3/dist-packages/colcon_core/task/python/colcon_distutils_commands:/home/rahul/tirth_ws-main/install/bot_description/lib/python3.10/site-packages:${PYTHONPATH} /usr/bin/python3 -W ignore:setup.py install is deprecated -W ignore:easy_install command is deprecated setup.py egg_info --egg-base ../../build/bot_description build --build-base /home/rahul/tirth_ws-main/build/bot_description/build install --record /home/rahul/tirth_ws-main/build/bot_description/install.log --single-version-externally-managed install_data --force
