[1.604s] Invoking command in '/home/rahul/rahulrajak_ws/src/bot_description': PYTHONPATH=/home/rahul/rahulrajak_ws/build/bot_description/prefix_override:/usr/lib/python3/dist-packages/colcon_core/task/python/colcon_distutils_commands:/home/rahul/rahulrajak_ws/install/bot_description/lib/python3.10/site-packages:${PYTHONPATH} /usr/bin/python3 -W ignore:setup.py install is deprecated -W ignore:easy_install command is deprecated setup.py egg_info --egg-base ../../build/bot_description build --build-base /home/rahul/rahulrajak_ws/build/bot_description/build install --record /home/rahul/rahulrajak_ws/build/bot_description/install.log --single-version-externally-managed install_data
[2.021s] running egg_info
[2.022s] writing ../../build/bot_description/bot_description.egg-info/PKG-INFO
[2.022s] writing dependency_links to ../../build/bot_description/bot_description.egg-info/dependency_links.txt
[2.022s] writing entry points to ../../build/bot_description/bot_description.egg-info/entry_points.txt
[2.023s] writing requirements to ../../build/bot_description/bot_description.egg-info/requires.txt
[2.023s] writing top-level names to ../../build/bot_description/bot_description.egg-info/top_level.txt
[2.025s] reading manifest file '../../build/bot_description/bot_description.egg-info/SOURCES.txt'
[2.026s] adding license file 'LICENSE'
[2.027s] writing manifest file '../../build/bot_description/bot_description.egg-info/SOURCES.txt'
[2.027s] running build
[2.027s] running build_py
[2.027s] running install
[2.027s] running install_lib
[2.029s] running install_data
[2.030s] running install_egg_info
[2.032s] removing '/home/rahul/rahulrajak_ws/install/bot_description/lib/python3.10/site-packages/bot_description-0.0.0-py3.10.egg-info' (and everything under it)
[2.033s] Copying ../../build/bot_description/bot_description.egg-info to /home/rahul/rahulrajak_ws/install/bot_description/lib/python3.10/site-packages/bot_description-0.0.0-py3.10.egg-info
[2.034s] running install_scripts
[2.063s] writing list of installed files to '/home/rahul/rahulrajak_ws/build/bot_description/install.log'
[2.103s] Invoked command in '/home/rahul/rahulrajak_ws/src/bot_description' returned '0': PYTHONPATH=/home/rahul/rahulrajak_ws/build/bot_description/prefix_override:/usr/lib/python3/dist-packages/colcon_core/task/python/colcon_distutils_commands:/home/rahul/rahulrajak_ws/install/bot_description/lib/python3.10/site-packages:${PYTHONPATH} /usr/bin/python3 -W ignore:setup.py install is deprecated -W ignore:easy_install command is deprecated setup.py egg_info --egg-base ../../build/bot_description build --build-base /home/rahul/rahulrajak_ws/build/bot_description/build install --record /home/rahul/rahulrajak_ws/build/bot_description/install.log --single-version-externally-managed install_data
