[1.700s] Invoking command in '/home/rahul/tirth_ws/src/bot_control': PYTHONPATH=/home/rahul/tirth_ws/build/bot_control/prefix_override:/usr/lib/python3/dist-packages/colcon_core/task/python/colcon_distutils_commands:/home/rahul/tirth_ws/install/bot_control/lib/python3.10/site-packages:${PYTHONPATH} /usr/bin/python3 -W ignore:setup.py install is deprecated -W ignore:easy_install command is deprecated setup.py egg_info --egg-base ../../build/bot_control build --build-base /home/rahul/tirth_ws/build/bot_control/build install --record /home/rahul/tirth_ws/build/bot_control/install.log --single-version-externally-managed install_data
[2.006s] running egg_info
[2.015s] writing ../../build/bot_control/bot_control.egg-info/PKG-INFO
[2.016s] writing dependency_links to ../../build/bot_control/bot_control.egg-info/dependency_links.txt
[2.016s] writing entry points to ../../build/bot_control/bot_control.egg-info/entry_points.txt
[2.017s] writing requirements to ../../build/bot_control/bot_control.egg-info/requires.txt
[2.017s] writing top-level names to ../../build/bot_control/bot_control.egg-info/top_level.txt
[2.018s] reading manifest file '../../build/bot_control/bot_control.egg-info/SOURCES.txt'
[2.020s] adding license file 'LICENSE'
[2.021s] writing manifest file '../../build/bot_control/bot_control.egg-info/SOURCES.txt'
[2.021s] running build
[2.021s] running build_py
[2.022s] running install
[2.022s] running install_lib
[2.023s] running install_data
[2.023s] copying world/bot.world -> /home/rahul/tirth_ws/install/bot_control/share/bot_control/world
[2.024s] running install_egg_info
[2.026s] removing '/home/rahul/tirth_ws/install/bot_control/lib/python3.10/site-packages/bot_control-0.0.0-py3.10.egg-info' (and everything under it)
[2.027s] Copying ../../build/bot_control/bot_control.egg-info to /home/rahul/tirth_ws/install/bot_control/lib/python3.10/site-packages/bot_control-0.0.0-py3.10.egg-info
[2.028s] running install_scripts
[2.051s] Installing filter script to /home/rahul/tirth_ws/install/bot_control/lib/bot_control
[2.051s] writing list of installed files to '/home/rahul/tirth_ws/build/bot_control/install.log'
[2.122s] Invoked command in '/home/rahul/tirth_ws/src/bot_control' returned '0': PYTHONPATH=/home/rahul/tirth_ws/build/bot_control/prefix_override:/usr/lib/python3/dist-packages/colcon_core/task/python/colcon_distutils_commands:/home/rahul/tirth_ws/install/bot_control/lib/python3.10/site-packages:${PYTHONPATH} /usr/bin/python3 -W ignore:setup.py install is deprecated -W ignore:easy_install command is deprecated setup.py egg_info --egg-base ../../build/bot_control build --build-base /home/rahul/tirth_ws/build/bot_control/build install --record /home/rahul/tirth_ws/build/bot_control/install.log --single-version-externally-managed install_data
