[1.555s] Invoking command in '/home/rahul/tirth_ws-main/src/bot_world': PYTHONPATH=/home/rahul/tirth_ws-main/build/bot_world/prefix_override:/usr/lib/python3/dist-packages/colcon_core/task/python/colcon_distutils_commands:/home/rahul/tirth_ws-main/install/bot_world/lib/python3.10/site-packages:${PYTHONPATH} /usr/bin/python3 -W ignore:setup.py install is deprecated -W ignore:easy_install command is deprecated setup.py egg_info --egg-base ../../build/bot_world build --build-base /home/rahul/tirth_ws-main/build/bot_world/build install --record /home/rahul/tirth_ws-main/build/bot_world/install.log --single-version-externally-managed install_data
[1.840s] running egg_info
[1.840s] writing ../../build/bot_world/bot_world.egg-info/PKG-INFO
[1.843s] writing dependency_links to ../../build/bot_world/bot_world.egg-info/dependency_links.txt
[1.843s] writing entry points to ../../build/bot_world/bot_world.egg-info/entry_points.txt
[1.843s] writing requirements to ../../build/bot_world/bot_world.egg-info/requires.txt
[1.843s] writing top-level names to ../../build/bot_world/bot_world.egg-info/top_level.txt
[1.845s] reading manifest file '../../build/bot_world/bot_world.egg-info/SOURCES.txt'
[1.845s] adding license file 'LICENSE'
[1.846s] writing manifest file '../../build/bot_world/bot_world.egg-info/SOURCES.txt'
[1.846s] running build
[1.846s] running build_py
[1.846s] running install
[1.847s] running install_lib
[1.848s] running install_data
[1.848s] running install_egg_info
[1.850s] removing '/home/rahul/tirth_ws-main/install/bot_world/lib/python3.10/site-packages/bot_world-0.0.0-py3.10.egg-info' (and everything under it)
[1.850s] Copying ../../build/bot_world/bot_world.egg-info to /home/rahul/tirth_ws-main/install/bot_world/lib/python3.10/site-packages/bot_world-0.0.0-py3.10.egg-info
[1.851s] running install_scripts
[1.872s] writing list of installed files to '/home/rahul/tirth_ws-main/build/bot_world/install.log'
[1.931s] Invoked command in '/home/rahul/tirth_ws-main/src/bot_world' returned '0': PYTHONPATH=/home/rahul/tirth_ws-main/build/bot_world/prefix_override:/usr/lib/python3/dist-packages/colcon_core/task/python/colcon_distutils_commands:/home/rahul/tirth_ws-main/install/bot_world/lib/python3.10/site-packages:${PYTHONPATH} /usr/bin/python3 -W ignore:setup.py install is deprecated -W ignore:easy_install command is deprecated setup.py egg_info --egg-base ../../build/bot_world build --build-base /home/rahul/tirth_ws-main/build/bot_world/build install --record /home/rahul/tirth_ws-main/build/bot_world/install.log --single-version-externally-managed install_data
