/home/rahul/rahulrajak_ws/install/bot_description/lib/python3.10/site-packages/bot_description/__init__.py
/home/rahul/rahulrajak_ws/install/bot_description/lib/python3.10/site-packages/bot_description/__pycache__/__init__.cpython-310.pyc
/home/rahul/rahulrajak_ws/install/bot_description/share/ament_index/resource_index/packages/bot_description
/home/rahul/rahulrajak_ws/install/bot_description/share/bot_description/package.xml
/home/rahul/rahulrajak_ws/install/bot_description/share/bot_description/urdf/bot.urdf
/home/rahul/rahulrajak_ws/install/bot_description/share/bot_description/urdf/bot2.urdf
/home/rahul/rahulrajak_ws/install/bot_description/share/bot_description/meshes/wheel.mtl
/home/rahul/rahulrajak_ws/install/bot_description/share/bot_description/meshes/center.mtl
/home/rahul/rahulrajak_ws/install/bot_description/share/bot_description/meshes/front_caster.dae
/home/rahul/rahulrajak_ws/install/bot_description/share/bot_description/meshes/center.obj
/home/rahul/rahulrajak_ws/install/bot_description/share/bot_description/meshes/wheel.obj
/home/rahul/rahulrajak_ws/install/bot_description/share/bot_description/meshes/base_link.dae
/home/rahul/rahulrajak_ws/install/bot_description/share/bot_description/meshes/front_caster.obj
/home/rahul/rahulrajak_ws/install/bot_description/share/bot_description/meshes/wheel_r.dae
/home/rahul/rahulrajak_ws/install/bot_description/share/bot_description/meshes/base_link.stl
/home/rahul/rahulrajak_ws/install/bot_description/share/bot_description/meshes/front_caster.mtl
/home/rahul/rahulrajak_ws/install/bot_description/share/bot_description/meshes/wheel_l.dae
/home/rahul/rahulrajak_ws/install/bot_description/share/bot_description/meshes/front_caster.stl
/home/rahul/rahulrajak_ws/install/bot_description/share/bot_description/meshes/wheel_r.stl
/home/rahul/rahulrajak_ws/install/bot_description/share/bot_description/meshes/wheel_l.stl
/home/rahul/rahulrajak_ws/install/bot_description/share/bot_description/launch/control.launch.py
/home/rahul/rahulrajak_ws/install/bot_description/share/bot_description/launch/spawn.launch.py
/home/rahul/rahulrajak_ws/install/bot_description/share/bot_description/launch/rviz.launch.py
/home/rahul/rahulrajak_ws/install/bot_description/share/bot_description/world/spawn.world
/home/rahul/rahulrajak_ws/install/bot_description/lib/python3.10/site-packages/bot_description-0.0.0-py3.10.egg-info/entry_points.txt
/home/rahul/rahulrajak_ws/install/bot_description/lib/python3.10/site-packages/bot_description-0.0.0-py3.10.egg-info/PKG-INFO
/home/rahul/rahulrajak_ws/install/bot_description/lib/python3.10/site-packages/bot_description-0.0.0-py3.10.egg-info/SOURCES.txt
/home/rahul/rahulrajak_ws/install/bot_description/lib/python3.10/site-packages/bot_description-0.0.0-py3.10.egg-info/zip-safe
/home/rahul/rahulrajak_ws/install/bot_description/lib/python3.10/site-packages/bot_description-0.0.0-py3.10.egg-info/dependency_links.txt
/home/rahul/rahulrajak_ws/install/bot_description/lib/python3.10/site-packages/bot_description-0.0.0-py3.10.egg-info/requires.txt
/home/rahul/rahulrajak_ws/install/bot_description/lib/python3.10/site-packages/bot_description-0.0.0-py3.10.egg-info/top_level.txt
