[0.109s] DEBUG:colcon:Command line arguments: ['/usr/bin/colcon', 'build', '--symlink-install']
[0.109s] DEBUG:colcon:Parsed command line arguments: Namespace(log_base=None, log_level=None, verb_name='build', build_base='build', install_base='install', merge_install=False, symlink_install=True, test_result_base=None, continue_on_error=False, executor='parallel', parallel_workers=12, event_handlers=None, ignore_user_meta=False, metas=['./colcon.meta'], base_paths=['.'], packages_ignore=None, packages_ignore_regex=None, paths=None, packages_up_to=None, packages_up_to_regex=None, packages_above=None, packages_above_and_dependencies=None, packages_above_depth=None, packages_select_by_dep=None, packages_skip_by_dep=None, packages_skip_up_to=None, packages_select_build_failed=False, packages_skip_build_finished=False, packages_select_test_failures=False, packages_skip_test_passed=False, packages_select=None, packages_skip=None, packages_select_regex=None, packages_skip_regex=None, packages_start=None, packages_end=None, allow_overriding=[], cmake_args=None, cmake_target=None, cmake_target_skip_unavailable=False, cmake_clean_cache=False, cmake_clean_first=False, cmake_force_configure=False, ament_cmake_args=None, catkin_cmake_args=None, catkin_skip_building_tests=False, mixin_files=None, mixin=None, verb_parser=<colcon_mixin.mixin.mixin_argument.MixinArgumentDecorator object at 0x7f1792d67550>, verb_extension=<colcon_core.verb.build.BuildVerb object at 0x7f1792d200d0>, main=<bound method BuildVerb.main of <colcon_core.verb.build.BuildVerb object at 0x7f1792d200d0>>, mixin_verb=('build',))
[0.319s] Level 1:colcon.colcon_core.package_discovery:discover_packages(colcon_meta) check parameters
[0.320s] Level 1:colcon.colcon_core.package_discovery:discover_packages(recursive) check parameters
[0.320s] Level 1:colcon.colcon_core.package_discovery:discover_packages(ignore) check parameters
[0.320s] Level 1:colcon.colcon_core.package_discovery:discover_packages(path) check parameters
[0.320s] Level 1:colcon.colcon_core.package_discovery:discover_packages(colcon_meta) discover
[0.320s] Level 1:colcon.colcon_core.package_discovery:discover_packages(recursive) discover
[0.320s] INFO:colcon.colcon_core.package_discovery:Crawling recursively for packages in '/home/rahul/tirth_ws-main'
[0.320s] Level 1:colcon.colcon_core.package_identification:_identify(.) by extensions ['ignore', 'ignore_ament_install']
[0.320s] Level 1:colcon.colcon_core.package_identification:_identify(.) by extension 'ignore'
[0.320s] Level 1:colcon.colcon_core.package_identification:_identify(.) by extension 'ignore_ament_install'
[0.320s] Level 1:colcon.colcon_core.package_identification:_identify(.) by extensions ['colcon_pkg']
[0.320s] Level 1:colcon.colcon_core.package_identification:_identify(.) by extension 'colcon_pkg'
[0.320s] Level 1:colcon.colcon_core.package_identification:_identify(.) by extensions ['colcon_meta']
[0.320s] Level 1:colcon.colcon_core.package_identification:_identify(.) by extension 'colcon_meta'
[0.320s] Level 1:colcon.colcon_core.package_identification:_identify(.) by extensions ['ros']
[0.320s] Level 1:colcon.colcon_core.package_identification:_identify(.) by extension 'ros'
[0.344s] Level 1:colcon.colcon_core.package_identification:_identify(.) by extensions ['cmake', 'python']
[0.345s] Level 1:colcon.colcon_core.package_identification:_identify(.) by extension 'cmake'
[0.345s] Level 1:colcon.colcon_core.package_identification:_identify(.) by extension 'python'
[0.345s] Level 1:colcon.colcon_core.package_identification:_identify(.) by extensions ['python_setup_py']
[0.345s] Level 1:colcon.colcon_core.package_identification:_identify(.) by extension 'python_setup_py'
[0.345s] Level 1:colcon.colcon_core.package_identification:_identify(build) by extensions ['ignore', 'ignore_ament_install']
[0.345s] Level 1:colcon.colcon_core.package_identification:_identify(build) by extension 'ignore'
[0.345s] Level 1:colcon.colcon_core.package_identification:_identify(build) ignored
[0.345s] Level 1:colcon.colcon_core.package_identification:_identify(install) by extensions ['ignore', 'ignore_ament_install']
[0.345s] Level 1:colcon.colcon_core.package_identification:_identify(install) by extension 'ignore'
[0.345s] Level 1:colcon.colcon_core.package_identification:_identify(install) ignored
[0.345s] Level 1:colcon.colcon_core.package_identification:_identify(log) by extensions ['ignore', 'ignore_ament_install']
[0.345s] Level 1:colcon.colcon_core.package_identification:_identify(log) by extension 'ignore'
[0.345s] Level 1:colcon.colcon_core.package_identification:_identify(log) ignored
[0.346s] Level 1:colcon.colcon_core.package_identification:_identify(src) by extensions ['ignore', 'ignore_ament_install']
[0.346s] Level 1:colcon.colcon_core.package_identification:_identify(src) by extension 'ignore'
[0.346s] Level 1:colcon.colcon_core.package_identification:_identify(src) by extension 'ignore_ament_install'
[0.346s] Level 1:colcon.colcon_core.package_identification:_identify(src) by extensions ['colcon_pkg']
[0.346s] Level 1:colcon.colcon_core.package_identification:_identify(src) by extension 'colcon_pkg'
[0.346s] Level 1:colcon.colcon_core.package_identification:_identify(src) by extensions ['colcon_meta']
[0.346s] Level 1:colcon.colcon_core.package_identification:_identify(src) by extension 'colcon_meta'
[0.346s] Level 1:colcon.colcon_core.package_identification:_identify(src) by extensions ['ros']
[0.346s] Level 1:colcon.colcon_core.package_identification:_identify(src) by extension 'ros'
[0.346s] Level 1:colcon.colcon_core.package_identification:_identify(src) by extensions ['cmake', 'python']
[0.346s] Level 1:colcon.colcon_core.package_identification:_identify(src) by extension 'cmake'
[0.346s] Level 1:colcon.colcon_core.package_identification:_identify(src) by extension 'python'
[0.346s] Level 1:colcon.colcon_core.package_identification:_identify(src) by extensions ['python_setup_py']
[0.346s] Level 1:colcon.colcon_core.package_identification:_identify(src) by extension 'python_setup_py'
[0.346s] Level 1:colcon.colcon_core.package_identification:_identify(src/bot_control) by extensions ['ignore', 'ignore_ament_install']
[0.346s] Level 1:colcon.colcon_core.package_identification:_identify(src/bot_control) by extension 'ignore'
[0.346s] Level 1:colcon.colcon_core.package_identification:_identify(src/bot_control) by extension 'ignore_ament_install'
[0.346s] Level 1:colcon.colcon_core.package_identification:_identify(src/bot_control) by extensions ['colcon_pkg']
[0.346s] Level 1:colcon.colcon_core.package_identification:_identify(src/bot_control) by extension 'colcon_pkg'
[0.346s] Level 1:colcon.colcon_core.package_identification:_identify(src/bot_control) by extensions ['colcon_meta']
[0.346s] Level 1:colcon.colcon_core.package_identification:_identify(src/bot_control) by extension 'colcon_meta'
[0.346s] Level 1:colcon.colcon_core.package_identification:_identify(src/bot_control) by extensions ['ros']
[0.346s] Level 1:colcon.colcon_core.package_identification:_identify(src/bot_control) by extension 'ros'
[0.349s] DEBUG:colcon.colcon_core.package_identification:Package 'src/bot_control' with type 'ros.ament_python' and name 'bot_control'
[0.349s] Level 1:colcon.colcon_core.package_identification:_identify(src/bot_description) by extensions ['ignore', 'ignore_ament_install']
[0.349s] Level 1:colcon.colcon_core.package_identification:_identify(src/bot_description) by extension 'ignore'
[0.349s] Level 1:colcon.colcon_core.package_identification:_identify(src/bot_description) by extension 'ignore_ament_install'
[0.349s] Level 1:colcon.colcon_core.package_identification:_identify(src/bot_description) by extensions ['colcon_pkg']
[0.349s] Level 1:colcon.colcon_core.package_identification:_identify(src/bot_description) by extension 'colcon_pkg'
[0.349s] Level 1:colcon.colcon_core.package_identification:_identify(src/bot_description) by extensions ['colcon_meta']
[0.349s] Level 1:colcon.colcon_core.package_identification:_identify(src/bot_description) by extension 'colcon_meta'
[0.349s] Level 1:colcon.colcon_core.package_identification:_identify(src/bot_description) by extensions ['ros']
[0.349s] Level 1:colcon.colcon_core.package_identification:_identify(src/bot_description) by extension 'ros'
[0.350s] DEBUG:colcon.colcon_core.package_identification:Package 'src/bot_description' with type 'ros.ament_python' and name 'bot_description'
[0.350s] Level 1:colcon.colcon_core.package_identification:_identify(src/bot_world) by extensions ['ignore', 'ignore_ament_install']
[0.350s] Level 1:colcon.colcon_core.package_identification:_identify(src/bot_world) by extension 'ignore'
[0.350s] Level 1:colcon.colcon_core.package_identification:_identify(src/bot_world) by extension 'ignore_ament_install'
[0.350s] Level 1:colcon.colcon_core.package_identification:_identify(src/bot_world) by extensions ['colcon_pkg']
[0.350s] Level 1:colcon.colcon_core.package_identification:_identify(src/bot_world) by extension 'colcon_pkg'
[0.350s] Level 1:colcon.colcon_core.package_identification:_identify(src/bot_world) by extensions ['colcon_meta']
[0.350s] Level 1:colcon.colcon_core.package_identification:_identify(src/bot_world) by extension 'colcon_meta'
[0.350s] Level 1:colcon.colcon_core.package_identification:_identify(src/bot_world) by extensions ['ros']
[0.350s] Level 1:colcon.colcon_core.package_identification:_identify(src/bot_world) by extension 'ros'
[0.350s] DEBUG:colcon.colcon_core.package_identification:Package 'src/bot_world' with type 'ros.ament_python' and name 'bot_world'
[0.351s] Level 1:colcon.colcon_core.package_discovery:discover_packages(recursive) using defaults
[0.351s] Level 1:colcon.colcon_core.package_discovery:discover_packages(ignore) discover
[0.351s] Level 1:colcon.colcon_core.package_discovery:discover_packages(ignore) using defaults
[0.351s] Level 1:colcon.colcon_core.package_discovery:discover_packages(path) discover
[0.351s] Level 1:colcon.colcon_core.package_discovery:discover_packages(path) using defaults
[0.370s] Level 1:colcon.colcon_core.package_discovery:discover_packages(prefix_path) check parameters
[0.370s] Level 1:colcon.colcon_core.package_discovery:discover_packages(prefix_path) discover
[0.373s] DEBUG:colcon.colcon_installed_package_information.package_discovery:Found 3 installed packages in /home/rahul/tirth_ws-main/install
[0.374s] DEBUG:colcon.colcon_installed_package_information.package_discovery:Found 39 installed packages in /home/rahul/microros_ws/install
[0.376s] DEBUG:colcon.colcon_installed_package_information.package_discovery:Found 291 installed packages in /opt/ros/iron
[0.379s] DEBUG:colcon.colcon_installed_package_information.package_discovery:Found 272 installed packages in /opt/ros/humble
[0.389s] Level 1:colcon.colcon_core.package_discovery:discover_packages(prefix_path) using defaults
[0.454s] Level 5:colcon.colcon_core.verb:set package 'bot_control' build argument 'cmake_args' from command line to 'None'
[0.454s] Level 5:colcon.colcon_core.verb:set package 'bot_control' build argument 'cmake_target' from command line to 'None'
[0.454s] Level 5:colcon.colcon_core.verb:set package 'bot_control' build argument 'cmake_target_skip_unavailable' from command line to 'False'
[0.454s] Level 5:colcon.colcon_core.verb:set package 'bot_control' build argument 'cmake_clean_cache' from command line to 'False'
[0.454s] Level 5:colcon.colcon_core.verb:set package 'bot_control' build argument 'cmake_clean_first' from command line to 'False'
[0.454s] Level 5:colcon.colcon_core.verb:set package 'bot_control' build argument 'cmake_force_configure' from command line to 'False'
[0.454s] Level 5:colcon.colcon_core.verb:set package 'bot_control' build argument 'ament_cmake_args' from command line to 'None'
[0.454s] Level 5:colcon.colcon_core.verb:set package 'bot_control' build argument 'catkin_cmake_args' from command line to 'None'
[0.454s] Level 5:colcon.colcon_core.verb:set package 'bot_control' build argument 'catkin_skip_building_tests' from command line to 'False'
[0.454s] DEBUG:colcon.colcon_core.verb:Building package 'bot_control' with the following arguments: {'ament_cmake_args': None, 'build_base': '/home/rahul/tirth_ws-main/build/bot_control', 'catkin_cmake_args': None, 'catkin_skip_building_tests': False, 'cmake_args': None, 'cmake_clean_cache': False, 'cmake_clean_first': False, 'cmake_force_configure': False, 'cmake_target': None, 'cmake_target_skip_unavailable': False, 'install_base': '/home/rahul/tirth_ws-main/install/bot_control', 'merge_install': False, 'path': '/home/rahul/tirth_ws-main/src/bot_control', 'symlink_install': True, 'test_result_base': None}
[0.454s] Level 5:colcon.colcon_core.verb:set package 'bot_description' build argument 'cmake_args' from command line to 'None'
[0.454s] Level 5:colcon.colcon_core.verb:set package 'bot_description' build argument 'cmake_target' from command line to 'None'
[0.454s] Level 5:colcon.colcon_core.verb:set package 'bot_description' build argument 'cmake_target_skip_unavailable' from command line to 'False'
[0.454s] Level 5:colcon.colcon_core.verb:set package 'bot_description' build argument 'cmake_clean_cache' from command line to 'False'
[0.454s] Level 5:colcon.colcon_core.verb:set package 'bot_description' build argument 'cmake_clean_first' from command line to 'False'
[0.454s] Level 5:colcon.colcon_core.verb:set package 'bot_description' build argument 'cmake_force_configure' from command line to 'False'
[0.454s] Level 5:colcon.colcon_core.verb:set package 'bot_description' build argument 'ament_cmake_args' from command line to 'None'
[0.454s] Level 5:colcon.colcon_core.verb:set package 'bot_description' build argument 'catkin_cmake_args' from command line to 'None'
[0.454s] Level 5:colcon.colcon_core.verb:set package 'bot_description' build argument 'catkin_skip_building_tests' from command line to 'False'
[0.454s] DEBUG:colcon.colcon_core.verb:Building package 'bot_description' with the following arguments: {'ament_cmake_args': None, 'build_base': '/home/rahul/tirth_ws-main/build/bot_description', 'catkin_cmake_args': None, 'catkin_skip_building_tests': False, 'cmake_args': None, 'cmake_clean_cache': False, 'cmake_clean_first': False, 'cmake_force_configure': False, 'cmake_target': None, 'cmake_target_skip_unavailable': False, 'install_base': '/home/rahul/tirth_ws-main/install/bot_description', 'merge_install': False, 'path': '/home/rahul/tirth_ws-main/src/bot_description', 'symlink_install': True, 'test_result_base': None}
[0.455s] Level 5:colcon.colcon_core.verb:set package 'bot_world' build argument 'cmake_args' from command line to 'None'
[0.455s] Level 5:colcon.colcon_core.verb:set package 'bot_world' build argument 'cmake_target' from command line to 'None'
[0.455s] Level 5:colcon.colcon_core.verb:set package 'bot_world' build argument 'cmake_target_skip_unavailable' from command line to 'False'
[0.455s] Level 5:colcon.colcon_core.verb:set package 'bot_world' build argument 'cmake_clean_cache' from command line to 'False'
[0.455s] Level 5:colcon.colcon_core.verb:set package 'bot_world' build argument 'cmake_clean_first' from command line to 'False'
[0.455s] Level 5:colcon.colcon_core.verb:set package 'bot_world' build argument 'cmake_force_configure' from command line to 'False'
[0.455s] Level 5:colcon.colcon_core.verb:set package 'bot_world' build argument 'ament_cmake_args' from command line to 'None'
[0.455s] Level 5:colcon.colcon_core.verb:set package 'bot_world' build argument 'catkin_cmake_args' from command line to 'None'
[0.455s] Level 5:colcon.colcon_core.verb:set package 'bot_world' build argument 'catkin_skip_building_tests' from command line to 'False'
[0.455s] DEBUG:colcon.colcon_core.verb:Building package 'bot_world' with the following arguments: {'ament_cmake_args': None, 'build_base': '/home/rahul/tirth_ws-main/build/bot_world', 'catkin_cmake_args': None, 'catkin_skip_building_tests': False, 'cmake_args': None, 'cmake_clean_cache': False, 'cmake_clean_first': False, 'cmake_force_configure': False, 'cmake_target': None, 'cmake_target_skip_unavailable': False, 'install_base': '/home/rahul/tirth_ws-main/install/bot_world', 'merge_install': False, 'path': '/home/rahul/tirth_ws-main/src/bot_world', 'symlink_install': True, 'test_result_base': None}
[0.455s] INFO:colcon.colcon_core.executor:Executing jobs using 'parallel' executor
[0.456s] DEBUG:colcon.colcon_parallel_executor.executor.parallel:run_until_complete
[0.456s] INFO:colcon.colcon_ros.task.ament_python.build:Building ROS package in '/home/rahul/tirth_ws-main/src/bot_control' with build type 'ament_python'
[0.456s] Level 1:colcon.colcon_core.shell:create_environment_hook('bot_control', 'ament_prefix_path')
[0.458s] INFO:colcon.colcon_core.plugin_system:Skipping extension 'colcon_core.shell.bat': Not used on non-Windows systems
[0.458s] INFO:colcon.colcon_core.shell:Creating environment hook '/home/rahul/tirth_ws-main/install/bot_control/share/bot_control/hook/ament_prefix_path.ps1'
[0.459s] INFO:colcon.colcon_core.shell:Creating environment descriptor '/home/rahul/tirth_ws-main/install/bot_control/share/bot_control/hook/ament_prefix_path.dsv'
[0.459s] INFO:colcon.colcon_core.shell:Creating environment hook '/home/rahul/tirth_ws-main/install/bot_control/share/bot_control/hook/ament_prefix_path.sh'
[0.460s] INFO:colcon.colcon_core.shell:Skip shell extension 'powershell' for command environment: Not usable outside of PowerShell
[0.460s] DEBUG:colcon.colcon_core.shell:Skip shell extension 'dsv' for command environment
[0.466s] DEBUG:colcon.colcon_core.shell:Ignoring prefix path '/home/rahul/catkin_ws/devel'
[0.466s] DEBUG:colcon.colcon_core.shell:Ignoring prefix path '/opt/ros/noetic'
[0.467s] INFO:colcon.colcon_ros.task.ament_python.build:Building ROS package in '/home/rahul/tirth_ws-main/src/bot_description' with build type 'ament_python'
[0.467s] Level 1:colcon.colcon_core.shell:create_environment_hook('bot_description', 'ament_prefix_path')
[0.467s] INFO:colcon.colcon_core.shell:Creating environment hook '/home/rahul/tirth_ws-main/install/bot_description/share/bot_description/hook/ament_prefix_path.ps1'
[0.468s] INFO:colcon.colcon_core.shell:Creating environment descriptor '/home/rahul/tirth_ws-main/install/bot_description/share/bot_description/hook/ament_prefix_path.dsv'
[0.469s] INFO:colcon.colcon_core.shell:Creating environment hook '/home/rahul/tirth_ws-main/install/bot_description/share/bot_description/hook/ament_prefix_path.sh'
[0.469s] INFO:colcon.colcon_core.shell:Skip shell extension 'powershell' for command environment: Not usable outside of PowerShell
[0.469s] DEBUG:colcon.colcon_core.shell:Skip shell extension 'dsv' for command environment
[0.475s] DEBUG:colcon.colcon_core.shell:Ignoring prefix path '/home/rahul/catkin_ws/devel'
[0.475s] DEBUG:colcon.colcon_core.shell:Ignoring prefix path '/opt/ros/noetic'
[0.476s] INFO:colcon.colcon_ros.task.ament_python.build:Building ROS package in '/home/rahul/tirth_ws-main/src/bot_world' with build type 'ament_python'
[0.476s] Level 1:colcon.colcon_core.shell:create_environment_hook('bot_world', 'ament_prefix_path')
[0.477s] INFO:colcon.colcon_core.shell:Creating environment hook '/home/rahul/tirth_ws-main/install/bot_world/share/bot_world/hook/ament_prefix_path.ps1'
[0.477s] INFO:colcon.colcon_core.shell:Creating environment descriptor '/home/rahul/tirth_ws-main/install/bot_world/share/bot_world/hook/ament_prefix_path.dsv'
[0.478s] INFO:colcon.colcon_core.shell:Creating environment hook '/home/rahul/tirth_ws-main/install/bot_world/share/bot_world/hook/ament_prefix_path.sh'
[0.478s] INFO:colcon.colcon_core.shell:Skip shell extension 'powershell' for command environment: Not usable outside of PowerShell
[0.478s] DEBUG:colcon.colcon_core.shell:Skip shell extension 'dsv' for command environment
[0.484s] DEBUG:colcon.colcon_core.shell:Ignoring prefix path '/home/rahul/catkin_ws/devel'
[0.484s] DEBUG:colcon.colcon_core.shell:Ignoring prefix path '/opt/ros/noetic'
[0.805s] INFO:colcon.colcon_core.task.python.build:Building Python package in '/home/rahul/tirth_ws-main/src/bot_control'
[0.805s] INFO:colcon.colcon_core.shell:Skip shell extension 'powershell' for command environment: Not usable outside of PowerShell
[0.805s] DEBUG:colcon.colcon_core.shell:Skip shell extension 'dsv' for command environment
[0.812s] DEBUG:colcon.colcon_core.shell:Ignoring prefix path '/home/rahul/catkin_ws/devel'
[0.812s] DEBUG:colcon.colcon_core.shell:Ignoring prefix path '/opt/ros/noetic'
[1.134s] INFO:colcon.colcon_core.task.python.build:Building Python package in '/home/rahul/tirth_ws-main/src/bot_description'
[1.135s] INFO:colcon.colcon_core.shell:Skip shell extension 'powershell' for command environment: Not usable outside of PowerShell
[1.135s] DEBUG:colcon.colcon_core.shell:Skip shell extension 'dsv' for command environment
[1.141s] DEBUG:colcon.colcon_core.shell:Ignoring prefix path '/home/rahul/catkin_ws/devel'
[1.141s] DEBUG:colcon.colcon_core.shell:Ignoring prefix path '/opt/ros/noetic'
[1.464s] INFO:colcon.colcon_core.task.python.build:Building Python package in '/home/rahul/tirth_ws-main/src/bot_world'
[1.464s] INFO:colcon.colcon_core.shell:Skip shell extension 'powershell' for command environment: Not usable outside of PowerShell
[1.464s] DEBUG:colcon.colcon_core.shell:Skip shell extension 'dsv' for command environment
[1.470s] DEBUG:colcon.colcon_core.shell:Ignoring prefix path '/home/rahul/catkin_ws/devel'
[1.470s] DEBUG:colcon.colcon_core.shell:Ignoring prefix path '/opt/ros/noetic'
[2.107s] DEBUG:colcon.colcon_core.event_handler.log_command:Invoking command in '/home/rahul/tirth_ws-main/build/bot_description': PYTHONPATH=/home/rahul/tirth_ws-main/build/bot_description/prefix_override:/usr/lib/python3/dist-packages/colcon_core/task/python/colcon_distutils_commands:/home/rahul/tirth_ws-main/install/bot_description/lib/python3.10/site-packages:${PYTHONPATH} /usr/bin/python3 -W ignore:setup.py install is deprecated -W ignore:easy_install command is deprecated setup.py develop --editable --build-directory /home/rahul/tirth_ws-main/build/bot_description/build --no-deps symlink_data
[2.146s] DEBUG:colcon.colcon_core.event_handler.log_command:Invoking command in '/home/rahul/tirth_ws-main/build/bot_world': PYTHONPATH=/home/rahul/tirth_ws-main/build/bot_world/prefix_override:/usr/lib/python3/dist-packages/colcon_core/task/python/colcon_distutils_commands:/home/rahul/tirth_ws-main/install/bot_world/lib/python3.10/site-packages:${PYTHONPATH} /usr/bin/python3 -W ignore:setup.py install is deprecated -W ignore:easy_install command is deprecated setup.py develop --editable --build-directory /home/rahul/tirth_ws-main/build/bot_world/build --no-deps symlink_data
[2.167s] DEBUG:colcon.colcon_core.event_handler.log_command:Invoking command in '/home/rahul/tirth_ws-main/build/bot_control': PYTHONPATH=/home/rahul/tirth_ws-main/build/bot_control/prefix_override:/usr/lib/python3/dist-packages/colcon_core/task/python/colcon_distutils_commands:/home/rahul/tirth_ws-main/install/bot_control/lib/python3.10/site-packages:${PYTHONPATH} /usr/bin/python3 -W ignore:setup.py install is deprecated -W ignore:easy_install command is deprecated setup.py develop --editable --build-directory /home/rahul/tirth_ws-main/build/bot_control/build --no-deps symlink_data
[2.862s] Level 1:colcon.colcon_core.shell:create_environment_hook('bot_description', 'pythonpath_develop')
[2.863s] DEBUG:colcon.colcon_core.event_handler.log_command:Invoked command in '/home/rahul/tirth_ws-main/build/bot_description' returned '0': PYTHONPATH=/home/rahul/tirth_ws-main/build/bot_description/prefix_override:/usr/lib/python3/dist-packages/colcon_core/task/python/colcon_distutils_commands:/home/rahul/tirth_ws-main/install/bot_description/lib/python3.10/site-packages:${PYTHONPATH} /usr/bin/python3 -W ignore:setup.py install is deprecated -W ignore:easy_install command is deprecated setup.py develop --editable --build-directory /home/rahul/tirth_ws-main/build/bot_description/build --no-deps symlink_data
[2.863s] INFO:colcon.colcon_core.shell:Creating environment hook '/home/rahul/tirth_ws-main/build/bot_description/share/bot_description/hook/pythonpath_develop.ps1'
[2.865s] INFO:colcon.colcon_core.shell:Creating environment descriptor '/home/rahul/tirth_ws-main/build/bot_description/share/bot_description/hook/pythonpath_develop.dsv'
[2.866s] INFO:colcon.colcon_core.shell:Creating environment hook '/home/rahul/tirth_ws-main/build/bot_description/share/bot_description/hook/pythonpath_develop.sh'
[2.872s] Level 1:colcon.colcon_core.environment:checking '/home/rahul/tirth_ws-main/install/bot_description' for CMake module files
[2.873s] Level 1:colcon.colcon_core.environment:checking '/home/rahul/tirth_ws-main/install/bot_description' for CMake config files
[2.874s] Level 1:colcon.colcon_core.environment:checking '/home/rahul/tirth_ws-main/install/bot_description/lib'
[2.874s] Level 1:colcon.colcon_core.environment:checking '/home/rahul/tirth_ws-main/install/bot_description/bin'
[2.874s] Level 1:colcon.colcon_core.environment:checking '/home/rahul/tirth_ws-main/install/bot_description/lib/pkgconfig/bot_description.pc'
[2.874s] Level 1:colcon.colcon_core.environment:checking '/home/rahul/tirth_ws-main/install/bot_description/lib/python3.10/site-packages'
[2.874s] Level 1:colcon.colcon_core.shell:create_environment_hook('bot_description', 'pythonpath')
[2.874s] INFO:colcon.colcon_core.shell:Creating environment hook '/home/rahul/tirth_ws-main/install/bot_description/share/bot_description/hook/pythonpath.ps1'
[2.875s] INFO:colcon.colcon_core.shell:Creating environment descriptor '/home/rahul/tirth_ws-main/install/bot_description/share/bot_description/hook/pythonpath.dsv'
[2.875s] INFO:colcon.colcon_core.shell:Creating environment hook '/home/rahul/tirth_ws-main/install/bot_description/share/bot_description/hook/pythonpath.sh'
[2.875s] Level 1:colcon.colcon_core.environment:checking '/home/rahul/tirth_ws-main/install/bot_description/bin'
[2.875s] Level 1:colcon.colcon_core.environment:create_environment_scripts_only(bot_description)
[2.876s] INFO:colcon.colcon_core.shell:Creating package script '/home/rahul/tirth_ws-main/install/bot_description/share/bot_description/package.ps1'
[2.877s] INFO:colcon.colcon_core.shell:Creating package descriptor '/home/rahul/tirth_ws-main/install/bot_description/share/bot_description/package.dsv'
[2.878s] INFO:colcon.colcon_core.shell:Creating package script '/home/rahul/tirth_ws-main/install/bot_description/share/bot_description/package.sh'
[2.879s] INFO:colcon.colcon_core.shell:Creating package script '/home/rahul/tirth_ws-main/install/bot_description/share/bot_description/package.bash'
[2.880s] INFO:colcon.colcon_core.shell:Creating package script '/home/rahul/tirth_ws-main/install/bot_description/share/bot_description/package.zsh'
[2.880s] Level 1:colcon.colcon_core.environment:create_file_with_runtime_dependencies(/home/rahul/tirth_ws-main/install/bot_description/share/colcon-core/packages/bot_description)
[2.881s] Level 1:colcon.colcon_core.shell:create_environment_hook('bot_world', 'pythonpath_develop')
[2.882s] INFO:colcon.colcon_core.shell:Creating environment hook '/home/rahul/tirth_ws-main/build/bot_world/share/bot_world/hook/pythonpath_develop.ps1'
[2.882s] DEBUG:colcon.colcon_core.event_handler.log_command:Invoked command in '/home/rahul/tirth_ws-main/build/bot_world' returned '0': PYTHONPATH=/home/rahul/tirth_ws-main/build/bot_world/prefix_override:/usr/lib/python3/dist-packages/colcon_core/task/python/colcon_distutils_commands:/home/rahul/tirth_ws-main/install/bot_world/lib/python3.10/site-packages:${PYTHONPATH} /usr/bin/python3 -W ignore:setup.py install is deprecated -W ignore:easy_install command is deprecated setup.py develop --editable --build-directory /home/rahul/tirth_ws-main/build/bot_world/build --no-deps symlink_data
[2.883s] INFO:colcon.colcon_core.shell:Creating environment descriptor '/home/rahul/tirth_ws-main/build/bot_world/share/bot_world/hook/pythonpath_develop.dsv'
[2.883s] INFO:colcon.colcon_core.shell:Creating environment hook '/home/rahul/tirth_ws-main/build/bot_world/share/bot_world/hook/pythonpath_develop.sh'
[2.884s] Level 1:colcon.colcon_core.environment:checking '/home/rahul/tirth_ws-main/install/bot_world' for CMake module files
[2.885s] Level 1:colcon.colcon_core.environment:checking '/home/rahul/tirth_ws-main/install/bot_world' for CMake config files
[2.886s] Level 1:colcon.colcon_core.environment:checking '/home/rahul/tirth_ws-main/install/bot_world/lib'
[2.886s] Level 1:colcon.colcon_core.environment:checking '/home/rahul/tirth_ws-main/install/bot_world/bin'
[2.886s] Level 1:colcon.colcon_core.environment:checking '/home/rahul/tirth_ws-main/install/bot_world/lib/pkgconfig/bot_world.pc'
[2.886s] Level 1:colcon.colcon_core.environment:checking '/home/rahul/tirth_ws-main/install/bot_world/lib/python3.10/site-packages'
[2.886s] Level 1:colcon.colcon_core.shell:create_environment_hook('bot_world', 'pythonpath')
[2.887s] INFO:colcon.colcon_core.shell:Creating environment hook '/home/rahul/tirth_ws-main/install/bot_world/share/bot_world/hook/pythonpath.ps1'
[2.887s] INFO:colcon.colcon_core.shell:Creating environment descriptor '/home/rahul/tirth_ws-main/install/bot_world/share/bot_world/hook/pythonpath.dsv'
[2.888s] INFO:colcon.colcon_core.shell:Creating environment hook '/home/rahul/tirth_ws-main/install/bot_world/share/bot_world/hook/pythonpath.sh'
[2.888s] Level 1:colcon.colcon_core.environment:checking '/home/rahul/tirth_ws-main/install/bot_world/bin'
[2.888s] Level 1:colcon.colcon_core.environment:create_environment_scripts_only(bot_world)
[2.888s] INFO:colcon.colcon_core.shell:Creating package script '/home/rahul/tirth_ws-main/install/bot_world/share/bot_world/package.ps1'
[2.889s] INFO:colcon.colcon_core.shell:Creating package descriptor '/home/rahul/tirth_ws-main/install/bot_world/share/bot_world/package.dsv'
[2.889s] INFO:colcon.colcon_core.shell:Creating package script '/home/rahul/tirth_ws-main/install/bot_world/share/bot_world/package.sh'
[2.890s] INFO:colcon.colcon_core.shell:Creating package script '/home/rahul/tirth_ws-main/install/bot_world/share/bot_world/package.bash'
[2.890s] INFO:colcon.colcon_core.shell:Creating package script '/home/rahul/tirth_ws-main/install/bot_world/share/bot_world/package.zsh'
[2.891s] Level 1:colcon.colcon_core.environment:create_file_with_runtime_dependencies(/home/rahul/tirth_ws-main/install/bot_world/share/colcon-core/packages/bot_world)
[2.892s] Level 1:colcon.colcon_core.shell:create_environment_hook('bot_control', 'pythonpath_develop')
[2.893s] INFO:colcon.colcon_core.shell:Creating environment hook '/home/rahul/tirth_ws-main/build/bot_control/share/bot_control/hook/pythonpath_develop.ps1'
[2.894s] INFO:colcon.colcon_core.shell:Creating environment descriptor '/home/rahul/tirth_ws-main/build/bot_control/share/bot_control/hook/pythonpath_develop.dsv'
[2.895s] DEBUG:colcon.colcon_core.event_handler.log_command:Invoked command in '/home/rahul/tirth_ws-main/build/bot_control' returned '0': PYTHONPATH=/home/rahul/tirth_ws-main/build/bot_control/prefix_override:/usr/lib/python3/dist-packages/colcon_core/task/python/colcon_distutils_commands:/home/rahul/tirth_ws-main/install/bot_control/lib/python3.10/site-packages:${PYTHONPATH} /usr/bin/python3 -W ignore:setup.py install is deprecated -W ignore:easy_install command is deprecated setup.py develop --editable --build-directory /home/rahul/tirth_ws-main/build/bot_control/build --no-deps symlink_data
[2.895s] INFO:colcon.colcon_core.shell:Creating environment hook '/home/rahul/tirth_ws-main/build/bot_control/share/bot_control/hook/pythonpath_develop.sh'
[2.895s] Level 1:colcon.colcon_core.environment:checking '/home/rahul/tirth_ws-main/install/bot_control' for CMake module files
[2.896s] Level 1:colcon.colcon_core.environment:checking '/home/rahul/tirth_ws-main/install/bot_control' for CMake config files
[2.896s] Level 1:colcon.colcon_core.environment:checking '/home/rahul/tirth_ws-main/install/bot_control/lib'
[2.896s] Level 1:colcon.colcon_core.environment:checking '/home/rahul/tirth_ws-main/install/bot_control/bin'
[2.897s] Level 1:colcon.colcon_core.environment:checking '/home/rahul/tirth_ws-main/install/bot_control/lib/pkgconfig/bot_control.pc'
[2.897s] Level 1:colcon.colcon_core.environment:checking '/home/rahul/tirth_ws-main/install/bot_control/lib/python3.10/site-packages'
[2.897s] Level 1:colcon.colcon_core.shell:create_environment_hook('bot_control', 'pythonpath')
[2.897s] INFO:colcon.colcon_core.shell:Creating environment hook '/home/rahul/tirth_ws-main/install/bot_control/share/bot_control/hook/pythonpath.ps1'
[2.898s] INFO:colcon.colcon_core.shell:Creating environment descriptor '/home/rahul/tirth_ws-main/install/bot_control/share/bot_control/hook/pythonpath.dsv'
[2.898s] INFO:colcon.colcon_core.shell:Creating environment hook '/home/rahul/tirth_ws-main/install/bot_control/share/bot_control/hook/pythonpath.sh'
[2.899s] Level 1:colcon.colcon_core.environment:checking '/home/rahul/tirth_ws-main/install/bot_control/bin'
[2.899s] Level 1:colcon.colcon_core.environment:create_environment_scripts_only(bot_control)
[2.899s] INFO:colcon.colcon_core.shell:Creating package script '/home/rahul/tirth_ws-main/install/bot_control/share/bot_control/package.ps1'
[2.900s] INFO:colcon.colcon_core.shell:Creating package descriptor '/home/rahul/tirth_ws-main/install/bot_control/share/bot_control/package.dsv'
[2.901s] INFO:colcon.colcon_core.shell:Creating package script '/home/rahul/tirth_ws-main/install/bot_control/share/bot_control/package.sh'
[2.901s] INFO:colcon.colcon_core.shell:Creating package script '/home/rahul/tirth_ws-main/install/bot_control/share/bot_control/package.bash'
[2.902s] INFO:colcon.colcon_core.shell:Creating package script '/home/rahul/tirth_ws-main/install/bot_control/share/bot_control/package.zsh'
[2.902s] Level 1:colcon.colcon_core.environment:create_file_with_runtime_dependencies(/home/rahul/tirth_ws-main/install/bot_control/share/colcon-core/packages/bot_control)
[2.902s] DEBUG:colcon.colcon_parallel_executor.executor.parallel:closing loop
[2.902s] DEBUG:colcon.colcon_parallel_executor.executor.parallel:loop closed
[2.902s] DEBUG:colcon.colcon_parallel_executor.executor.parallel:run_until_complete finished with '0'
[2.902s] DEBUG:colcon.colcon_core.event_reactor:joining thread
[2.909s] INFO:colcon.colcon_core.plugin_system:Skipping extension 'colcon_notification.desktop_notification.terminal_notifier': Not used on non-Darwin systems
[2.909s] INFO:colcon.colcon_core.plugin_system:Skipping extension 'colcon_notification.desktop_notification.win32': Not used on non-Windows systems
[2.909s] INFO:colcon.colcon_notification.desktop_notification:Sending desktop notification using 'notify2'
[2.929s] DEBUG:colcon.colcon_core.event_reactor:joined thread
[2.929s] INFO:colcon.colcon_core.shell:Creating prefix script '/home/rahul/tirth_ws-main/install/local_setup.ps1'
[2.930s] INFO:colcon.colcon_core.shell:Creating prefix util module '/home/rahul/tirth_ws-main/install/_local_setup_util_ps1.py'
[2.932s] INFO:colcon.colcon_core.shell:Creating prefix chain script '/home/rahul/tirth_ws-main/install/setup.ps1'
[2.936s] INFO:colcon.colcon_core.shell:Creating prefix script '/home/rahul/tirth_ws-main/install/local_setup.sh'
[2.937s] INFO:colcon.colcon_core.shell:Creating prefix util module '/home/rahul/tirth_ws-main/install/_local_setup_util_sh.py'
[2.938s] INFO:colcon.colcon_core.shell:Creating prefix chain script '/home/rahul/tirth_ws-main/install/setup.sh'
[2.941s] INFO:colcon.colcon_core.shell:Creating prefix script '/home/rahul/tirth_ws-main/install/local_setup.bash'
[2.942s] INFO:colcon.colcon_core.shell:Creating prefix chain script '/home/rahul/tirth_ws-main/install/setup.bash'
[2.945s] INFO:colcon.colcon_core.shell:Creating prefix script '/home/rahul/tirth_ws-main/install/local_setup.zsh'
[2.946s] INFO:colcon.colcon_core.shell:Creating prefix chain script '/home/rahul/tirth_ws-main/install/setup.zsh'
