[1.574s] Invoking command in '/home/rahul/tirth_ws-main/build/bot_control': PYTHONPATH=/home/rahul/tirth_ws-main/build/bot_control/prefix_override:/usr/lib/python3/dist-packages/colcon_core/task/python/colcon_distutils_commands:/home/rahul/tirth_ws-main/install/bot_control/lib/python3.10/site-packages:${PYTHONPATH} /usr/bin/python3 -W ignore:setup.py install is deprecated -W ignore:easy_install command is deprecated setup.py develop --uninstall --editable --build-directory /home/rahul/tirth_ws-main/build/bot_control/build
[1.916s] running develop
[2.000s] /usr/lib/python3/dist-packages/pkg_resources/__init__.py:116: PkgResourcesDeprecationWarning: 1.12.1-git20200711.33e2d80-dfsg1-0.6 is an invalid version and will not be supported in a future release
[2.000s]   warnings.warn(
[2.165s] Removing /home/rahul/tirth_ws-main/install/bot_control/lib/python3.10/site-packages/bot-control.egg-link (link to .)
[2.221s] Invoked command in '/home/rahul/tirth_ws-main/build/bot_control' returned '0': PYTHONPATH=/home/rahul/tirth_ws-main/build/bot_control/prefix_override:/usr/lib/python3/dist-packages/colcon_core/task/python/colcon_distutils_commands:/home/rahul/tirth_ws-main/install/bot_control/lib/python3.10/site-packages:${PYTHONPATH} /usr/bin/python3 -W ignore:setup.py install is deprecated -W ignore:easy_install command is deprecated setup.py develop --uninstall --editable --build-directory /home/rahul/tirth_ws-main/build/bot_control/build
[2.222s] Invoking command in '/home/rahul/tirth_ws-main/src/bot_control': PYTHONPATH=/home/rahul/tirth_ws-main/build/bot_control/prefix_override:/usr/lib/python3/dist-packages/colcon_core/task/python/colcon_distutils_commands:/home/rahul/tirth_ws-main/install/bot_control/lib/python3.10/site-packages:${PYTHONPATH} /usr/bin/python3 -W ignore:setup.py install is deprecated -W ignore:easy_install command is deprecated setup.py egg_info --egg-base ../../build/bot_control build --build-base /home/rahul/tirth_ws-main/build/bot_control/build install --record /home/rahul/tirth_ws-main/build/bot_control/install.log --single-version-externally-managed install_data --force
[2.513s] running egg_info
[2.513s] writing ../../build/bot_control/bot_control.egg-info/PKG-INFO
[2.514s] writing dependency_links to ../../build/bot_control/bot_control.egg-info/dependency_links.txt
[2.514s] writing entry points to ../../build/bot_control/bot_control.egg-info/entry_points.txt
[2.514s] writing requirements to ../../build/bot_control/bot_control.egg-info/requires.txt
[2.514s] writing top-level names to ../../build/bot_control/bot_control.egg-info/top_level.txt
[2.516s] reading manifest file '../../build/bot_control/bot_control.egg-info/SOURCES.txt'
[2.517s] adding license file 'LICENSE'
[2.517s] writing manifest file '../../build/bot_control/bot_control.egg-info/SOURCES.txt'
[2.518s] running build
[2.518s] running build_py
[2.518s] running install
[2.518s] running install_lib
[2.519s] creating /home/rahul/tirth_ws-main/install/bot_control/lib/python3.10/site-packages/bot_control
[2.519s] copying /home/rahul/tirth_ws-main/build/bot_control/build/lib/bot_control/__init__.py -> /home/rahul/tirth_ws-main/install/bot_control/lib/python3.10/site-packages/bot_control
[2.519s] copying /home/rahul/tirth_ws-main/build/bot_control/build/lib/bot_control/filter.py -> /home/rahul/tirth_ws-main/install/bot_control/lib/python3.10/site-packages/bot_control
[2.520s] byte-compiling /home/rahul/tirth_ws-main/install/bot_control/lib/python3.10/site-packages/bot_control/__init__.py to __init__.cpython-310.pyc
[2.520s] byte-compiling /home/rahul/tirth_ws-main/install/bot_control/lib/python3.10/site-packages/bot_control/filter.py to filter.cpython-310.pyc
[2.521s] running install_data
[2.521s] copying resource/bot_control -> /home/rahul/tirth_ws-main/install/bot_control/share/ament_index/resource_index/packages
[2.521s] copying package.xml -> /home/rahul/tirth_ws-main/install/bot_control/share/bot_control
[2.521s] copying launch/filter.launch.py -> /home/rahul/tirth_ws-main/install/bot_control/share/bot_control/launch
[2.521s] copying world/bot.world -> /home/rahul/tirth_ws-main/install/bot_control/share/bot_control/world
[2.522s] copying meshes/wheel.mtl -> /home/rahul/tirth_ws-main/install/bot_control/share/bot_control/meshes
[2.522s] copying meshes/center.mtl -> /home/rahul/tirth_ws-main/install/bot_control/share/bot_control/meshes
[2.522s] copying meshes/front_caster.dae -> /home/rahul/tirth_ws-main/install/bot_control/share/bot_control/meshes
[2.522s] copying meshes/center.obj -> /home/rahul/tirth_ws-main/install/bot_control/share/bot_control/meshes
[2.522s] copying meshes/wheel.obj -> /home/rahul/tirth_ws-main/install/bot_control/share/bot_control/meshes
[2.523s] copying meshes/base_link.dae -> /home/rahul/tirth_ws-main/install/bot_control/share/bot_control/meshes
[2.523s] copying meshes/front_caster.obj -> /home/rahul/tirth_ws-main/install/bot_control/share/bot_control/meshes
[2.524s] copying meshes/wheel_r.dae -> /home/rahul/tirth_ws-main/install/bot_control/share/bot_control/meshes
[2.524s] copying meshes/base_link.stl -> /home/rahul/tirth_ws-main/install/bot_control/share/bot_control/meshes
[2.525s] copying meshes/front_caster.mtl -> /home/rahul/tirth_ws-main/install/bot_control/share/bot_control/meshes
[2.525s] copying meshes/wheel_l.dae -> /home/rahul/tirth_ws-main/install/bot_control/share/bot_control/meshes
[2.525s] copying meshes/front_caster.stl -> /home/rahul/tirth_ws-main/install/bot_control/share/bot_control/meshes
[2.526s] copying meshes/wheel_r.stl -> /home/rahul/tirth_ws-main/install/bot_control/share/bot_control/meshes
[2.526s] copying meshes/wheel_l.stl -> /home/rahul/tirth_ws-main/install/bot_control/share/bot_control/meshes
[2.526s] copying urdf/bot.urdf -> /home/rahul/tirth_ws-main/install/bot_control/share/bot_control/urdf
[2.526s] copying urdf/bot2.urdf -> /home/rahul/tirth_ws-main/install/bot_control/share/bot_control/urdf
[2.526s] running install_egg_info
[2.528s] Copying ../../build/bot_control/bot_control.egg-info to /home/rahul/tirth_ws-main/install/bot_control/lib/python3.10/site-packages/bot_control-0.0.0-py3.10.egg-info
[2.529s] running install_scripts
[2.552s] Installing filter script to /home/rahul/tirth_ws-main/install/bot_control/lib/bot_control
[2.552s] writing list of installed files to '/home/rahul/tirth_ws-main/build/bot_control/install.log'
[2.594s] Invoked command in '/home/rahul/tirth_ws-main/src/bot_control' returned '0': PYTHONPATH=/home/rahul/tirth_ws-main/build/bot_control/prefix_override:/usr/lib/python3/dist-packages/colcon_core/task/python/colcon_distutils_commands:/home/rahul/tirth_ws-main/install/bot_control/lib/python3.10/site-packages:${PYTHONPATH} /usr/bin/python3 -W ignore:setup.py install is deprecated -W ignore:easy_install command is deprecated setup.py egg_info --egg-base ../../build/bot_control build --build-base /home/rahul/tirth_ws-main/build/bot_control/build install --record /home/rahul/tirth_ws-main/build/bot_control/install.log --single-version-externally-managed install_data --force
