running develop
Removing /home/rahul/tirth_ws/install/bot_world/lib/python3.10/site-packages/bot-world.egg-link (link to .)
running egg_info
writing ../../build/bot_world/bot_world.egg-info/PKG-INFO
writing dependency_links to ../../build/bot_world/bot_world.egg-info/dependency_links.txt
writing entry points to ../../build/bot_world/bot_world.egg-info/entry_points.txt
writing requirements to ../../build/bot_world/bot_world.egg-info/requires.txt
writing top-level names to ../../build/bot_world/bot_world.egg-info/top_level.txt
reading manifest file '../../build/bot_world/bot_world.egg-info/SOURCES.txt'
adding license file 'LICENSE'
writing manifest file '../../build/bot_world/bot_world.egg-info/SOURCES.txt'
running build
running build_py
running install
running install_lib
running install_data
copying resource/bot_world -> /home/rahul/tirth_ws/install/bot_world/share/ament_index/resource_index/packages
copying package.xml -> /home/rahul/tirth_ws/install/bot_world/share/bot_world
copying launch/world.launch.py -> /home/rahul/tirth_ws/install/bot_world/share/bot_world/launch
copying world/bot.world -> /home/rahul/tirth_ws/install/bot_world/share/bot_world/world
copying meshes/wheel.mtl -> /home/rahul/tirth_ws/install/bot_world/share/bot_world/meshes
copying meshes/center.mtl -> /home/rahul/tirth_ws/install/bot_world/share/bot_world/meshes
copying meshes/front_caster.dae -> /home/rahul/tirth_ws/install/bot_world/share/bot_world/meshes
copying meshes/center.obj -> /home/rahul/tirth_ws/install/bot_world/share/bot_world/meshes
copying meshes/wheel.obj -> /home/rahul/tirth_ws/install/bot_world/share/bot_world/meshes
copying meshes/base_link.dae -> /home/rahul/tirth_ws/install/bot_world/share/bot_world/meshes
copying meshes/front_caster.obj -> /home/rahul/tirth_ws/install/bot_world/share/bot_world/meshes
copying meshes/wheel_r.dae -> /home/rahul/tirth_ws/install/bot_world/share/bot_world/meshes
copying meshes/base_link.stl -> /home/rahul/tirth_ws/install/bot_world/share/bot_world/meshes
copying meshes/front_caster.mtl -> /home/rahul/tirth_ws/install/bot_world/share/bot_world/meshes
copying meshes/wheel_l.dae -> /home/rahul/tirth_ws/install/bot_world/share/bot_world/meshes
copying meshes/front_caster.stl -> /home/rahul/tirth_ws/install/bot_world/share/bot_world/meshes
copying meshes/wheel_r.stl -> /home/rahul/tirth_ws/install/bot_world/share/bot_world/meshes
copying meshes/wheel_l.stl -> /home/rahul/tirth_ws/install/bot_world/share/bot_world/meshes
copying urdf/bot.urdf -> /home/rahul/tirth_ws/install/bot_world/share/bot_world/urdf
copying urdf/bot2.urdf -> /home/rahul/tirth_ws/install/bot_world/share/bot_world/urdf
running install_egg_info
removing '/home/rahul/tirth_ws/install/bot_world/lib/python3.10/site-packages/bot_world-0.0.0-py3.10.egg-info' (and everything under it)
Copying ../../build/bot_world/bot_world.egg-info to /home/rahul/tirth_ws/install/bot_world/lib/python3.10/site-packages/bot_world-0.0.0-py3.10.egg-info
running install_scripts
writing list of installed files to '/home/rahul/tirth_ws/build/bot_world/install.log'
