[1.719s] Invoking command in '/home/rahul/tirth_ws/build/bot_world': PYTHONPATH=/home/rahul/tirth_ws/build/bot_world/prefix_override:/usr/lib/python3/dist-packages/colcon_core/task/python/colcon_distutils_commands:/home/rahul/tirth_ws/install/bot_world/lib/python3.10/site-packages:${PYTHONPATH} /usr/bin/python3 -W ignore:setup.py install is deprecated -W ignore:easy_install command is deprecated setup.py develop --uninstall --editable --build-directory /home/rahul/tirth_ws/build/bot_world/build
[2.046s] running develop
[2.131s] /usr/lib/python3/dist-packages/pkg_resources/__init__.py:116: PkgResourcesDeprecationWarning: 1.12.1-git20200711.33e2d80-dfsg1-0.6 is an invalid version and will not be supported in a future release
[2.131s]   warnings.warn(
[2.297s] Removing /home/rahul/tirth_ws/install/bot_world/lib/python3.10/site-packages/bot-world.egg-link (link to .)
[2.349s] Invoked command in '/home/rahul/tirth_ws/build/bot_world' returned '0': PYTHONPATH=/home/rahul/tirth_ws/build/bot_world/prefix_override:/usr/lib/python3/dist-packages/colcon_core/task/python/colcon_distutils_commands:/home/rahul/tirth_ws/install/bot_world/lib/python3.10/site-packages:${PYTHONPATH} /usr/bin/python3 -W ignore:setup.py install is deprecated -W ignore:easy_install command is deprecated setup.py develop --uninstall --editable --build-directory /home/rahul/tirth_ws/build/bot_world/build
[2.351s] Invoking command in '/home/rahul/tirth_ws/src/bot_world': PYTHONPATH=/home/rahul/tirth_ws/build/bot_world/prefix_override:/usr/lib/python3/dist-packages/colcon_core/task/python/colcon_distutils_commands:/home/rahul/tirth_ws/install/bot_world/lib/python3.10/site-packages:${PYTHONPATH} /usr/bin/python3 -W ignore:setup.py install is deprecated -W ignore:easy_install command is deprecated setup.py egg_info --egg-base ../../build/bot_world build --build-base /home/rahul/tirth_ws/build/bot_world/build install --record /home/rahul/tirth_ws/build/bot_world/install.log --single-version-externally-managed install_data --force
[2.685s] running egg_info
[2.686s] writing ../../build/bot_world/bot_world.egg-info/PKG-INFO
[2.686s] writing dependency_links to ../../build/bot_world/bot_world.egg-info/dependency_links.txt
[2.686s] writing entry points to ../../build/bot_world/bot_world.egg-info/entry_points.txt
[2.687s] writing requirements to ../../build/bot_world/bot_world.egg-info/requires.txt
[2.687s] writing top-level names to ../../build/bot_world/bot_world.egg-info/top_level.txt
[2.689s] reading manifest file '../../build/bot_world/bot_world.egg-info/SOURCES.txt'
[2.689s] adding license file 'LICENSE'
[2.690s] writing manifest file '../../build/bot_world/bot_world.egg-info/SOURCES.txt'
[2.690s] running build
[2.690s] running build_py
[2.690s] running install
[2.691s] running install_lib
[2.692s] running install_data
[2.692s] copying resource/bot_world -> /home/rahul/tirth_ws/install/bot_world/share/ament_index/resource_index/packages
[2.693s] copying package.xml -> /home/rahul/tirth_ws/install/bot_world/share/bot_world
[2.693s] copying launch/world.launch.py -> /home/rahul/tirth_ws/install/bot_world/share/bot_world/launch
[2.693s] copying world/bot.world -> /home/rahul/tirth_ws/install/bot_world/share/bot_world/world
[2.694s] copying meshes/wheel.mtl -> /home/rahul/tirth_ws/install/bot_world/share/bot_world/meshes
[2.694s] copying meshes/center.mtl -> /home/rahul/tirth_ws/install/bot_world/share/bot_world/meshes
[2.694s] copying meshes/front_caster.dae -> /home/rahul/tirth_ws/install/bot_world/share/bot_world/meshes
[2.696s] copying meshes/center.obj -> /home/rahul/tirth_ws/install/bot_world/share/bot_world/meshes
[2.696s] copying meshes/wheel.obj -> /home/rahul/tirth_ws/install/bot_world/share/bot_world/meshes
[2.697s] copying meshes/base_link.dae -> /home/rahul/tirth_ws/install/bot_world/share/bot_world/meshes
[2.698s] copying meshes/front_caster.obj -> /home/rahul/tirth_ws/install/bot_world/share/bot_world/meshes
[2.699s] copying meshes/wheel_r.dae -> /home/rahul/tirth_ws/install/bot_world/share/bot_world/meshes
[2.700s] copying meshes/base_link.stl -> /home/rahul/tirth_ws/install/bot_world/share/bot_world/meshes
[2.700s] copying meshes/front_caster.mtl -> /home/rahul/tirth_ws/install/bot_world/share/bot_world/meshes
[2.701s] copying meshes/wheel_l.dae -> /home/rahul/tirth_ws/install/bot_world/share/bot_world/meshes
[2.702s] copying meshes/front_caster.stl -> /home/rahul/tirth_ws/install/bot_world/share/bot_world/meshes
[2.703s] copying meshes/wheel_r.stl -> /home/rahul/tirth_ws/install/bot_world/share/bot_world/meshes
[2.703s] copying meshes/wheel_l.stl -> /home/rahul/tirth_ws/install/bot_world/share/bot_world/meshes
[2.704s] copying urdf/bot.urdf -> /home/rahul/tirth_ws/install/bot_world/share/bot_world/urdf
[2.704s] copying urdf/bot2.urdf -> /home/rahul/tirth_ws/install/bot_world/share/bot_world/urdf
[2.704s] running install_egg_info
[2.706s] removing '/home/rahul/tirth_ws/install/bot_world/lib/python3.10/site-packages/bot_world-0.0.0-py3.10.egg-info' (and everything under it)
[2.706s] Copying ../../build/bot_world/bot_world.egg-info to /home/rahul/tirth_ws/install/bot_world/lib/python3.10/site-packages/bot_world-0.0.0-py3.10.egg-info
[2.707s] running install_scripts
[2.730s] writing list of installed files to '/home/rahul/tirth_ws/build/bot_world/install.log'
[2.774s] Invoked command in '/home/rahul/tirth_ws/src/bot_world' returned '0': PYTHONPATH=/home/rahul/tirth_ws/build/bot_world/prefix_override:/usr/lib/python3/dist-packages/colcon_core/task/python/colcon_distutils_commands:/home/rahul/tirth_ws/install/bot_world/lib/python3.10/site-packages:${PYTHONPATH} /usr/bin/python3 -W ignore:setup.py install is deprecated -W ignore:easy_install command is deprecated setup.py egg_info --egg-base ../../build/bot_world build --build-base /home/rahul/tirth_ws/build/bot_world/build install --record /home/rahul/tirth_ws/build/bot_world/install.log --single-version-externally-managed install_data --force
